{"total": {"lines":{"total":6588,"covered":3494,"skipped":0,"pct":53.04},"statements":{"total":7073,"covered":3663,"skipped":0,"pct":51.79},"functions":{"total":2096,"covered":829,"skipped":0,"pct":39.55},"branches":{"total":3977,"covered":1543,"skipped":0,"pct":38.8}}
,"/Users/milan/Assembl/assembl/assembl/static2/js/app/app.jsx": {"lines":{"total":28,"covered":3,"skipped":0,"pct":10.71},"functions":{"total":11,"covered":0,"skipped":0,"pct":0},"statements":{"total":31,"covered":3,"skipped":0,"pct":9.68},"branches":{"total":21,"covered":0,"skipped":0,"pct":0}}
,"/Users/milan/Assembl/assembl/assembl/static2/js/app/constants.js": {"lines":{"total":47,"covered":47,"skipped":0,"pct":100},"functions":{"total":0,"covered":0,"skipped":0,"pct":100},"statements":{"total":47,"covered":47,"skipped":0,"pct":100},"branches":{"total":0,"covered":0,"skipped":0,"pct":100}}
,"/Users/milan/Assembl/assembl/assembl/static2/js/app/router.js": {"lines":{"total":7,"covered":5,"skipped":0,"pct":71.43},"functions":{"total":0,"covered":0,"skipped":0,"pct":100},"statements":{"total":7,"covered":5,"skipped":0,"pct":71.43},"branches":{"total":2,"covered":1,"skipped":0,"pct":50}}
,"/Users/milan/Assembl/assembl/assembl/static2/js/app/actions/contentLocaleActions.js": {"lines":{"total":4,"covered":4,"skipped":0,"pct":100},"functions":{"total":3,"covered":3,"skipped":0,"pct":100},"statements":{"total":6,"covered":6,"skipped":0,"pct":100},"branches":{"total":0,"covered":0,"skipped":0,"pct":100}}
,"/Users/milan/Assembl/assembl/assembl/static2/js/app/actions/contextActions.js": {"lines":{"total":5,"covered":3,"skipped":0,"pct":60},"functions":{"total":4,"covered":1,"skipped":0,"pct":25},"statements":{"total":7,"covered":4,"skipped":0,"pct":57.14},"branches":{"total":0,"covered":0,"skipped":0,"pct":100}}
,"/Users/milan/Assembl/assembl/assembl/static2/js/app/actions/debateActions.js": {"lines":{"total":13,"covered":5,"skipped":0,"pct":38.46},"functions":{"total":7,"covered":0,"skipped":0,"pct":0},"statements":{"total":16,"covered":5,"skipped":0,"pct":31.25},"branches":{"total":4,"covered":0,"skipped":0,"pct":0}}
,"/Users/milan/Assembl/assembl/assembl/static2/js/app/actions/timelineActions.js": {"lines":{"total":1,"covered":1,"skipped":0,"pct":100},"functions":{"total":1,"covered":0,"skipped":0,"pct":0},"statements":{"total":2,"covered":1,"skipped":0,"pct":50},"branches":{"total":0,"covered":0,"skipped":0,"pct":100}}
,"/Users/milan/Assembl/assembl/assembl/static2/js/app/actions/actionTypes/index.js": {"lines":{"total":82,"covered":82,"skipped":0,"pct":100},"functions":{"total":0,"covered":0,"skipped":0,"pct":100},"statements":{"total":82,"covered":82,"skipped":0,"pct":100},"branches":{"total":0,"covered":0,"skipped":0,"pct":100}}
,"/Users/milan/Assembl/assembl/assembl/static2/js/app/actions/actionTypes/admin/index.js": {"lines":{"total":0,"covered":0,"skipped":0,"pct":100},"functions":{"total":0,"covered":0,"skipped":0,"pct":100},"statements":{"total":0,"covered":0,"skipped":0,"pct":100},"branches":{"total":0,"covered":0,"skipped":0,"pct":100}}
,"/Users/milan/Assembl/assembl/assembl/static2/js/app/actions/actionTypes/admin/profileOptions.js": {"lines":{"total":13,"covered":13,"skipped":0,"pct":100},"functions":{"total":0,"covered":0,"skipped":0,"pct":100},"statements":{"total":13,"covered":13,"skipped":0,"pct":100},"branches":{"total":0,"covered":0,"skipped":0,"pct":100}}
,"/Users/milan/Assembl/assembl/assembl/static2/js/app/actions/adminActions/adminSections.js": {"lines":{"total":8,"covered":8,"skipped":0,"pct":100},"functions":{"total":8,"covered":8,"skipped":0,"pct":100},"statements":{"total":16,"covered":16,"skipped":0,"pct":100},"branches":{"total":0,"covered":0,"skipped":0,"pct":100}}
,"/Users/milan/Assembl/assembl/assembl/static2/js/app/actions/adminActions/index.js": {"lines":{"total":5,"covered":5,"skipped":0,"pct":100},"functions":{"total":5,"covered":1,"skipped":0,"pct":20},"statements":{"total":10,"covered":6,"skipped":0,"pct":60},"branches":{"total":0,"covered":0,"skipped":0,"pct":100}}
,"/Users/milan/Assembl/assembl/assembl/static2/js/app/actions/adminActions/landingPage.js": {"lines":{"total":17,"covered":14,"skipped":0,"pct":82.35},"functions":{"total":13,"covered":9,"skipped":0,"pct":69.23},"statements":{"total":26,"covered":22,"skipped":0,"pct":84.62},"branches":{"total":0,"covered":0,"skipped":0,"pct":100}}
,"/Users/milan/Assembl/assembl/assembl/static2/js/app/actions/adminActions/profileOptions.js": {"lines":{"total":14,"covered":13,"skipped":0,"pct":92.86},"functions":{"total":13,"covered":7,"skipped":0,"pct":53.85},"statements":{"total":26,"covered":20,"skipped":0,"pct":76.92},"branches":{"total":1,"covered":1,"skipped":0,"pct":100}}
,"/Users/milan/Assembl/assembl/assembl/static2/js/app/actions/adminActions/timeline.js": {"lines":{"total":12,"covered":12,"skipped":0,"pct":100},"functions":{"total":12,"covered":8,"skipped":0,"pct":66.67},"statements":{"total":24,"covered":20,"skipped":0,"pct":83.33},"branches":{"total":0,"covered":0,"skipped":0,"pct":100}}
,"/Users/milan/Assembl/assembl/assembl/static2/js/app/actions/adminActions/voteSession.js": {"lines":{"total":60,"covered":50,"skipped":0,"pct":83.33},"functions":{"total":48,"covered":17,"skipped":0,"pct":35.42},"statements":{"total":94,"covered":61,"skipped":0,"pct":64.89},"branches":{"total":0,"covered":0,"skipped":0,"pct":100}}
,"/Users/milan/Assembl/assembl/assembl/static2/js/app/components/cookiesBar.jsx": {"lines":{"total":21,"covered":12,"skipped":0,"pct":57.14},"functions":{"total":10,"covered":4,"skipped":0,"pct":40},"statements":{"total":23,"covered":12,"skipped":0,"pct":52.17},"branches":{"total":10,"covered":5,"skipped":0,"pct":50}}
,"/Users/milan/Assembl/assembl/assembl/static2/js/app/components/search.jsx": {"lines":{"total":208,"covered":127,"skipped":0,"pct":61.06},"functions":{"total":48,"covered":28,"skipped":0,"pct":58.33},"statements":{"total":217,"covered":129,"skipped":0,"pct":59.45},"branches":{"total":107,"covered":39,"skipped":0,"pct":36.45}}
,"/Users/milan/Assembl/assembl/assembl/static2/js/app/components/administration/exportSection.jsx": {"lines":{"total":25,"covered":20,"skipped":0,"pct":80},"functions":{"total":13,"covered":9,"skipped":0,"pct":69.23},"statements":{"total":26,"covered":21,"skipped":0,"pct":80.77},"branches":{"total":19,"covered":12,"skipped":0,"pct":63.16}}
,"/Users/milan/Assembl/assembl/assembl/static2/js/app/components/administration/navbar.jsx": {"lines":{"total":18,"covered":0,"skipped":0,"pct":0},"functions":{"total":7,"covered":0,"skipped":0,"pct":0},"statements":{"total":18,"covered":0,"skipped":0,"pct":0},"branches":{"total":4,"covered":0,"skipped":0,"pct":0}}
,"/Users/milan/Assembl/assembl/assembl/static2/js/app/components/administration/saveButton.jsx": {"lines":{"total":38,"covered":32,"skipped":0,"pct":84.21},"functions":{"total":12,"covered":8,"skipped":0,"pct":66.67},"statements":{"total":41,"covered":35,"skipped":0,"pct":85.37},"branches":{"total":30,"covered":28,"skipped":0,"pct":93.33}}
,"/Users/milan/Assembl/assembl/assembl/static2/js/app/components/administration/sectionTitle.jsx": {"lines":{"total":2,"covered":2,"skipped":0,"pct":100},"functions":{"total":1,"covered":1,"skipped":0,"pct":100},"statements":{"total":2,"covered":2,"skipped":0,"pct":100},"branches":{"total":0,"covered":0,"skipped":0,"pct":100}}
,"/Users/milan/Assembl/assembl/assembl/static2/js/app/components/administration/thematicsMenu.jsx": {"lines":{"total":52,"covered":7,"skipped":0,"pct":13.46},"functions":{"total":11,"covered":0,"skipped":0,"pct":0},"statements":{"total":58,"covered":7,"skipped":0,"pct":12.07},"branches":{"total":34,"covered":0,"skipped":0,"pct":0}}
,"/Users/milan/Assembl/assembl/assembl/static2/js/app/components/administration/discussion/editSectionForm.jsx": {"lines":{"total":15,"covered":7,"skipped":0,"pct":46.67},"functions":{"total":9,"covered":1,"skipped":0,"pct":11.11},"statements":{"total":16,"covered":7,"skipped":0,"pct":43.75},"branches":{"total":19,"covered":8,"skipped":0,"pct":42.11}}
,"/Users/milan/Assembl/assembl/assembl/static2/js/app/components/administration/discussion/manageSectionsForm.jsx": {"lines":{"total":10,"covered":5,"skipped":0,"pct":50},"functions":{"total":6,"covered":2,"skipped":0,"pct":33.33},"statements":{"total":11,"covered":5,"skipped":0,"pct":45.45},"branches":{"total":0,"covered":0,"skipped":0,"pct":100}}
,"/Users/milan/Assembl/assembl/assembl/static2/js/app/components/administration/discussion/phaseForm.jsx": {"lines":{"total":14,"covered":9,"skipped":0,"pct":64.29},"functions":{"total":7,"covered":2,"skipped":0,"pct":28.57},"statements":{"total":15,"covered":9,"skipped":0,"pct":60},"branches":{"total":16,"covered":4,"skipped":0,"pct":25}}
,"/Users/milan/Assembl/assembl/assembl/static2/js/app/components/administration/discussion/phaseTitleForm.jsx": {"lines":{"total":18,"covered":12,"skipped":0,"pct":66.67},"functions":{"total":7,"covered":1,"skipped":0,"pct":14.29},"statements":{"total":19,"covered":12,"skipped":0,"pct":63.16},"branches":{"total":10,"covered":5,"skipped":0,"pct":50}}
,"/Users/milan/Assembl/assembl/assembl/static2/js/app/components/administration/discussion/timelineForm.jsx": {"lines":{"total":21,"covered":8,"skipped":0,"pct":38.1},"functions":{"total":13,"covered":3,"skipped":0,"pct":23.08},"statements":{"total":24,"covered":8,"skipped":0,"pct":33.33},"branches":{"total":6,"covered":4,"skipped":0,"pct":66.67}}
,"/Users/milan/Assembl/assembl/assembl/static2/js/app/components/administration/landingPage/addEnumSuffixToModuleTitles.js": {"lines":{"total":10,"covered":10,"skipped":0,"pct":100},"functions":{"total":3,"covered":3,"skipped":0,"pct":100},"statements":{"total":11,"covered":11,"skipped":0,"pct":100},"branches":{"total":6,"covered":6,"skipped":0,"pct":100}}
,"/Users/milan/Assembl/assembl/assembl/static2/js/app/components/administration/landingPage/addModuleButton.jsx": {"lines":{"total":9,"covered":7,"skipped":0,"pct":77.78},"functions":{"total":3,"covered":2,"skipped":0,"pct":66.67},"statements":{"total":9,"covered":7,"skipped":0,"pct":77.78},"branches":{"total":0,"covered":0,"skipped":0,"pct":100}}
,"/Users/milan/Assembl/assembl/assembl/static2/js/app/components/administration/landingPage/customizeHeader.jsx": {"lines":{"total":14,"covered":7,"skipped":0,"pct":50},"functions":{"total":9,"covered":1,"skipped":0,"pct":11.11},"statements":{"total":15,"covered":7,"skipped":0,"pct":46.67},"branches":{"total":0,"covered":0,"skipped":0,"pct":100}}
,"/Users/milan/Assembl/assembl/assembl/static2/js/app/components/administration/landingPage/manageModules.jsx": {"lines":{"total":40,"covered":28,"skipped":0,"pct":70},"functions":{"total":15,"covered":7,"skipped":0,"pct":46.67},"statements":{"total":43,"covered":30,"skipped":0,"pct":69.77},"branches":{"total":9,"covered":7,"skipped":0,"pct":77.78}}
,"/Users/milan/Assembl/assembl/assembl/static2/js/app/components/administration/landingPage/moduleBlock.jsx": {"lines":{"total":3,"covered":3,"skipped":0,"pct":100},"functions":{"total":1,"covered":1,"skipped":0,"pct":100},"statements":{"total":3,"covered":3,"skipped":0,"pct":100},"branches":{"total":4,"covered":4,"skipped":0,"pct":100}}
,"/Users/milan/Assembl/assembl/assembl/static2/js/app/components/administration/landingPage/modulesPreview.jsx": {"lines":{"total":13,"covered":11,"skipped":0,"pct":84.62},"functions":{"total":5,"covered":3,"skipped":0,"pct":60},"statements":{"total":13,"covered":11,"skipped":0,"pct":84.62},"branches":{"total":4,"covered":3,"skipped":0,"pct":75}}
,"/Users/milan/Assembl/assembl/assembl/static2/js/app/components/administration/landingPage/selectModulesForm.jsx": {"lines":{"total":7,"covered":6,"skipped":0,"pct":85.71},"functions":{"total":3,"covered":2,"skipped":0,"pct":66.67},"statements":{"total":7,"covered":6,"skipped":0,"pct":85.71},"branches":{"total":7,"covered":4,"skipped":0,"pct":57.14}}
,"/Users/milan/Assembl/assembl/assembl/static2/js/app/components/administration/survey/step2.jsx": {"lines":{"total":15,"covered":3,"skipped":0,"pct":20},"functions":{"total":5,"covered":2,"skipped":0,"pct":40},"statements":{"total":15,"covered":3,"skipped":0,"pct":20},"branches":{"total":6,"covered":1,"skipped":0,"pct":16.67}}
,"/Users/milan/Assembl/assembl/assembl/static2/js/app/components/administration/voteSession/customizeGaugeForm.jsx": {"lines":{"total":45,"covered":7,"skipped":0,"pct":15.56},"functions":{"total":35,"covered":3,"skipped":0,"pct":8.57},"statements":{"total":56,"covered":7,"skipped":0,"pct":12.5},"branches":{"total":14,"covered":2,"skipped":0,"pct":14.29}}
,"/Users/milan/Assembl/assembl/assembl/static2/js/app/components/administration/voteSession/gaugeForm.jsx": {"lines":{"total":54,"covered":8,"skipped":0,"pct":14.81},"functions":{"total":21,"covered":2,"skipped":0,"pct":9.52},"statements":{"total":55,"covered":8,"skipped":0,"pct":14.55},"branches":{"total":16,"covered":8,"skipped":0,"pct":50}}
,"/Users/milan/Assembl/assembl/assembl/static2/js/app/components/administration/voteSession/modulesSection.jsx": {"lines":{"total":47,"covered":10,"skipped":0,"pct":21.28},"functions":{"total":27,"covered":6,"skipped":0,"pct":22.22},"statements":{"total":53,"covered":13,"skipped":0,"pct":24.53},"branches":{"total":18,"covered":8,"skipped":0,"pct":44.44}}
,"/Users/milan/Assembl/assembl/assembl/static2/js/app/components/administration/voteSession/numberGaugeForm.jsx": {"lines":{"total":4,"covered":2,"skipped":0,"pct":50},"functions":{"total":3,"covered":1,"skipped":0,"pct":33.33},"statements":{"total":4,"covered":2,"skipped":0,"pct":50},"branches":{"total":4,"covered":2,"skipped":0,"pct":50}}
,"/Users/milan/Assembl/assembl/assembl/static2/js/app/components/administration/voteSession/pageForm.jsx": {"lines":{"total":21,"covered":12,"skipped":0,"pct":57.14},"functions":{"total":9,"covered":1,"skipped":0,"pct":11.11},"statements":{"total":22,"covered":12,"skipped":0,"pct":54.55},"branches":{"total":0,"covered":0,"skipped":0,"pct":100}}
,"/Users/milan/Assembl/assembl/assembl/static2/js/app/components/administration/voteSession/textGaugeForm.jsx": {"lines":{"total":4,"covered":3,"skipped":0,"pct":75},"functions":{"total":3,"covered":2,"skipped":0,"pct":66.67},"statements":{"total":4,"covered":3,"skipped":0,"pct":75},"branches":{"total":0,"covered":0,"skipped":0,"pct":100}}
,"/Users/milan/Assembl/assembl/assembl/static2/js/app/components/administration/voteSession/tokenCategoryForm.jsx": {"lines":{"total":13,"covered":4,"skipped":0,"pct":30.77},"functions":{"total":7,"covered":1,"skipped":0,"pct":14.29},"statements":{"total":14,"covered":4,"skipped":0,"pct":28.57},"branches":{"total":4,"covered":2,"skipped":0,"pct":50}}
,"/Users/milan/Assembl/assembl/assembl/static2/js/app/components/administration/voteSession/tokensForm.jsx": {"lines":{"total":23,"covered":6,"skipped":0,"pct":26.09},"functions":{"total":10,"covered":3,"skipped":0,"pct":30},"statements":{"total":24,"covered":6,"skipped":0,"pct":25},"branches":{"total":8,"covered":4,"skipped":0,"pct":50}}
,"/Users/milan/Assembl/assembl/assembl/static2/js/app/components/administration/voteSession/voteProposalForm.jsx": {"lines":{"total":58,"covered":16,"skipped":0,"pct":27.59},"functions":{"total":32,"covered":2,"skipped":0,"pct":6.25},"statements":{"total":64,"covered":16,"skipped":0,"pct":25},"branches":{"total":48,"covered":12,"skipped":0,"pct":25}}
,"/Users/milan/Assembl/assembl/assembl/static2/js/app/components/administration/voteSession/voteProposalsSection.jsx": {"lines":{"total":13,"covered":5,"skipped":0,"pct":38.46},"functions":{"total":8,"covered":2,"skipped":0,"pct":25},"statements":{"total":14,"covered":5,"skipped":0,"pct":35.71},"branches":{"total":0,"covered":0,"skipped":0,"pct":100}}
,"/Users/milan/Assembl/assembl/assembl/static2/js/app/components/common/ChatFrame.jsx": {"lines":{"total":10,"covered":3,"skipped":0,"pct":30},"functions":{"total":6,"covered":0,"skipped":0,"pct":0},"statements":{"total":13,"covered":3,"skipped":0,"pct":23.08},"branches":{"total":8,"covered":0,"skipped":0,"pct":0}}
,"/Users/milan/Assembl/assembl/assembl/static2/js/app/components/common/attachments.jsx": {"lines":{"total":9,"covered":8,"skipped":0,"pct":88.89},"functions":{"total":2,"covered":2,"skipped":0,"pct":100},"statements":{"total":9,"covered":8,"skipped":0,"pct":88.89},"branches":{"total":14,"covered":11,"skipped":0,"pct":78.57}}
,"/Users/milan/Assembl/assembl/assembl/static2/js/app/components/common/avatar.jsx": {"lines":{"total":23,"covered":1,"skipped":0,"pct":4.35},"functions":{"total":10,"covered":0,"skipped":0,"pct":0},"statements":{"total":24,"covered":1,"skipped":0,"pct":4.17},"branches":{"total":17,"covered":0,"skipped":0,"pct":0}}
,"/Users/milan/Assembl/assembl/assembl/static2/js/app/components/common/avatarImage.jsx": {"lines":{"total":5,"covered":3,"skipped":0,"pct":60},"functions":{"total":2,"covered":1,"skipped":0,"pct":50},"statements":{"total":5,"covered":3,"skipped":0,"pct":60},"branches":{"total":2,"covered":1,"skipped":0,"pct":50}}
,"/Users/milan/Assembl/assembl/assembl/static2/js/app/components/common/boxWithHyphen.jsx": {"lines":{"total":5,"covered":5,"skipped":0,"pct":100},"functions":{"total":2,"covered":2,"skipped":0,"pct":100},"statements":{"total":5,"covered":5,"skipped":0,"pct":100},"branches":{"total":4,"covered":3,"skipped":0,"pct":75}}
,"/Users/milan/Assembl/assembl/assembl/static2/js/app/components/common/card.jsx": {"lines":{"total":2,"covered":2,"skipped":0,"pct":100},"functions":{"total":1,"covered":1,"skipped":0,"pct":100},"statements":{"total":2,"covered":2,"skipped":0,"pct":100},"branches":{"total":4,"covered":2,"skipped":0,"pct":50}}
,"/Users/milan/Assembl/assembl/assembl/static2/js/app/components/common/cardList.jsx": {"lines":{"total":3,"covered":3,"skipped":0,"pct":100},"functions":{"total":2,"covered":2,"skipped":0,"pct":100},"statements":{"total":3,"covered":3,"skipped":0,"pct":100},"branches":{"total":4,"covered":3,"skipped":0,"pct":75}}
,"/Users/milan/Assembl/assembl/assembl/static2/js/app/components/common/circleAvatar.jsx": {"lines":{"total":3,"covered":3,"skipped":0,"pct":100},"functions":{"total":1,"covered":1,"skipped":0,"pct":100},"statements":{"total":3,"covered":3,"skipped":0,"pct":100},"branches":{"total":2,"covered":1,"skipped":0,"pct":50}}
,"/Users/milan/Assembl/assembl/assembl/static2/js/app/components/common/configuredField.jsx": {"lines":{"total":9,"covered":5,"skipped":0,"pct":55.56},"functions":{"total":4,"covered":1,"skipped":0,"pct":25},"statements":{"total":9,"covered":5,"skipped":0,"pct":55.56},"branches":{"total":12,"covered":6,"skipped":0,"pct":50}}
,"/Users/milan/Assembl/assembl/assembl/static2/js/app/components/common/documentExtensionIcon.jsx": {"lines":{"total":15,"covered":15,"skipped":0,"pct":100},"functions":{"total":3,"covered":3,"skipped":0,"pct":100},"statements":{"total":15,"covered":15,"skipped":0,"pct":100},"branches":{"total":2,"covered":2,"skipped":0,"pct":100}}
,"/Users/milan/Assembl/assembl/assembl/static2/js/app/components/common/editAttachments.jsx": {"lines":{"total":5,"covered":4,"skipped":0,"pct":80},"functions":{"total":3,"covered":2,"skipped":0,"pct":66.67},"statements":{"total":5,"covered":4,"skipped":0,"pct":80},"branches":{"total":2,"covered":1,"skipped":0,"pct":50}}
,"/Users/milan/Assembl/assembl/assembl/static2/js/app/components/common/error.jsx": {"lines":{"total":1,"covered":0,"skipped":0,"pct":0},"functions":{"total":1,"covered":0,"skipped":0,"pct":0},"statements":{"total":1,"covered":0,"skipped":0,"pct":0},"branches":{"total":0,"covered":0,"skipped":0,"pct":100}}
,"/Users/milan/Assembl/assembl/assembl/static2/js/app/components/common/fileUploader.jsx": {"lines":{"total":33,"covered":23,"skipped":0,"pct":69.7},"functions":{"total":12,"covered":7,"skipped":0,"pct":58.33},"statements":{"total":33,"covered":23,"skipped":0,"pct":69.7},"branches":{"total":42,"covered":24,"skipped":0,"pct":57.14}}
,"/Users/milan/Assembl/assembl/assembl/static2/js/app/components/common/flatList.jsx": {"lines":{"total":41,"covered":9,"skipped":0,"pct":21.95},"functions":{"total":13,"covered":3,"skipped":0,"pct":23.08},"statements":{"total":41,"covered":9,"skipped":0,"pct":21.95},"branches":{"total":34,"covered":13,"skipped":0,"pct":38.24}}
,"/Users/milan/Assembl/assembl/assembl/static2/js/app/components/common/formControlWithLabel.jsx": {"lines":{"total":46,"covered":24,"skipped":0,"pct":52.17},"functions":{"total":9,"covered":5,"skipped":0,"pct":55.56},"statements":{"total":46,"covered":24,"skipped":0,"pct":52.17},"branches":{"total":50,"covered":29,"skipped":0,"pct":58}}
,"/Users/milan/Assembl/assembl/assembl/static2/js/app/components/common/goUp.jsx": {"lines":{"total":18,"covered":0,"skipped":0,"pct":0},"functions":{"total":9,"covered":0,"skipped":0,"pct":0},"statements":{"total":21,"covered":0,"skipped":0,"pct":0},"branches":{"total":10,"covered":0,"skipped":0,"pct":0}}
,"/Users/milan/Assembl/assembl/assembl/static2/js/app/components/common/header.jsx": {"lines":{"total":11,"covered":1,"skipped":0,"pct":9.09},"functions":{"total":2,"covered":0,"skipped":0,"pct":0},"statements":{"total":12,"covered":1,"skipped":0,"pct":8.33},"branches":{"total":12,"covered":0,"skipped":0,"pct":0}}
,"/Users/milan/Assembl/assembl/assembl/static2/js/app/components/common/headerStatistics.jsx": {"lines":{"total":11,"covered":11,"skipped":0,"pct":100},"functions":{"total":9,"covered":8,"skipped":0,"pct":88.89},"statements":{"total":17,"covered":16,"skipped":0,"pct":94.12},"branches":{"total":0,"covered":0,"skipped":0,"pct":100}}
,"/Users/milan/Assembl/assembl/assembl/static2/js/app/components/common/helper.jsx": {"lines":{"total":6,"covered":6,"skipped":0,"pct":100},"functions":{"total":2,"covered":2,"skipped":0,"pct":100},"statements":{"total":6,"covered":6,"skipped":0,"pct":100},"branches":{"total":6,"covered":3,"skipped":0,"pct":50}}
,"/Users/milan/Assembl/assembl/assembl/static2/js/app/components/common/infiniteSeparator.jsx": {"lines":{"total":1,"covered":0,"skipped":0,"pct":0},"functions":{"total":1,"covered":0,"skipped":0,"pct":0},"statements":{"total":1,"covered":0,"skipped":0,"pct":0},"branches":{"total":0,"covered":0,"skipped":0,"pct":100}}
,"/Users/milan/Assembl/assembl/assembl/static2/js/app/components/common/loader.jsx": {"lines":{"total":1,"covered":1,"skipped":0,"pct":100},"functions":{"total":1,"covered":1,"skipped":0,"pct":100},"statements":{"total":1,"covered":1,"skipped":0,"pct":100},"branches":{"total":4,"covered":3,"skipped":0,"pct":75}}
,"/Users/milan/Assembl/assembl/assembl/static2/js/app/components/common/localizeNumber.jsx": {"lines":{"total":4,"covered":2,"skipped":0,"pct":50},"functions":{"total":2,"covered":1,"skipped":0,"pct":50},"statements":{"total":4,"covered":2,"skipped":0,"pct":50},"branches":{"total":2,"covered":1,"skipped":0,"pct":50}}
,"/Users/milan/Assembl/assembl/assembl/static2/js/app/components/common/loginButton.jsx": {"lines":{"total":9,"covered":1,"skipped":0,"pct":11.11},"functions":{"total":2,"covered":0,"skipped":0,"pct":0},"statements":{"total":9,"covered":1,"skipped":0,"pct":11.11},"branches":{"total":8,"covered":0,"skipped":0,"pct":0}}
,"/Users/milan/Assembl/assembl/assembl/static2/js/app/components/common/manageErrorAndLoading.jsx": {"lines":{"total":11,"covered":11,"skipped":0,"pct":100},"functions":{"total":3,"covered":3,"skipped":0,"pct":100},"statements":{"total":13,"covered":13,"skipped":0,"pct":100},"branches":{"total":16,"covered":15,"skipped":0,"pct":93.75}}
,"/Users/milan/Assembl/assembl/assembl/static2/js/app/components/common/media.jsx": {"lines":{"total":22,"covered":0,"skipped":0,"pct":0},"functions":{"total":9,"covered":0,"skipped":0,"pct":0},"statements":{"total":22,"covered":0,"skipped":0,"pct":0},"branches":{"total":45,"covered":0,"skipped":0,"pct":0}}
,"/Users/milan/Assembl/assembl/assembl/static2/js/app/components/common/mergeLoadingAndError.jsx": {"lines":{"total":6,"covered":6,"skipped":0,"pct":100},"functions":{"total":7,"covered":7,"skipped":0,"pct":100},"statements":{"total":11,"covered":11,"skipped":0,"pct":100},"branches":{"total":2,"covered":2,"skipped":0,"pct":100}}
,"/Users/milan/Assembl/assembl/assembl/static2/js/app/components/common/messagePage.jsx": {"lines":{"total":2,"covered":2,"skipped":0,"pct":100},"functions":{"total":1,"covered":1,"skipped":0,"pct":100},"statements":{"total":2,"covered":2,"skipped":0,"pct":100},"branches":{"total":2,"covered":2,"skipped":0,"pct":100}}
,"/Users/milan/Assembl/assembl/assembl/static2/js/app/components/common/nuggetsManager.js": {"lines":{"total":20,"covered":1,"skipped":0,"pct":5},"functions":{"total":8,"covered":1,"skipped":0,"pct":12.5},"statements":{"total":21,"covered":1,"skipped":0,"pct":4.76},"branches":{"total":8,"covered":0,"skipped":0,"pct":0}}
,"/Users/milan/Assembl/assembl/assembl/static2/js/app/components/common/participateButton.jsx": {"lines":{"total":2,"covered":2,"skipped":0,"pct":100},"functions":{"total":1,"covered":1,"skipped":0,"pct":100},"statements":{"total":2,"covered":2,"skipped":0,"pct":100},"branches":{"total":2,"covered":2,"skipped":0,"pct":100}}
,"/Users/milan/Assembl/assembl/assembl/static2/js/app/components/common/postsAndContributorsCount.jsx": {"lines":{"total":4,"covered":2,"skipped":0,"pct":50},"functions":{"total":2,"covered":0,"skipped":0,"pct":0},"statements":{"total":4,"covered":2,"skipped":0,"pct":50},"branches":{"total":11,"covered":0,"skipped":0,"pct":0}}
,"/Users/milan/Assembl/assembl/assembl/static2/js/app/components/common/profileLine.jsx": {"lines":{"total":4,"covered":4,"skipped":0,"pct":100},"functions":{"total":1,"covered":1,"skipped":0,"pct":100},"statements":{"total":4,"covered":4,"skipped":0,"pct":100},"branches":{"total":4,"covered":1,"skipped":0,"pct":25}}
,"/Users/milan/Assembl/assembl/assembl/static2/js/app/components/common/responsiveOverlayTrigger.jsx": {"lines":{"total":3,"covered":3,"skipped":0,"pct":100},"functions":{"total":1,"covered":1,"skipped":0,"pct":100},"statements":{"total":3,"covered":3,"skipped":0,"pct":100},"branches":{"total":2,"covered":1,"skipped":0,"pct":50}}
,"/Users/milan/Assembl/assembl/assembl/static2/js/app/components/common/screenDimensions.jsx": {"lines":{"total":13,"covered":6,"skipped":0,"pct":46.15},"functions":{"total":11,"covered":2,"skipped":0,"pct":18.18},"statements":{"total":17,"covered":6,"skipped":0,"pct":35.29},"branches":{"total":0,"covered":0,"skipped":0,"pct":100}}
,"/Users/milan/Assembl/assembl/assembl/static2/js/app/components/common/scrollOnePageButton.jsx": {"lines":{"total":6,"covered":5,"skipped":0,"pct":83.33},"functions":{"total":3,"covered":2,"skipped":0,"pct":66.67},"statements":{"total":7,"covered":6,"skipped":0,"pct":85.71},"branches":{"total":5,"covered":3,"skipped":0,"pct":60}}
,"/Users/milan/Assembl/assembl/assembl/static2/js/app/components/common/section.jsx": {"lines":{"total":20,"covered":15,"skipped":0,"pct":75},"functions":{"total":7,"covered":5,"skipped":0,"pct":71.43},"statements":{"total":20,"covered":15,"skipped":0,"pct":75},"branches":{"total":20,"covered":11,"skipped":0,"pct":55}}
,"/Users/milan/Assembl/assembl/assembl/static2/js/app/components/common/socialShare.jsx": {"lines":{"total":11,"covered":2,"skipped":0,"pct":18.18},"functions":{"total":5,"covered":0,"skipped":0,"pct":0},"statements":{"total":11,"covered":2,"skipped":0,"pct":18.18},"branches":{"total":4,"covered":0,"skipped":0,"pct":0}}
,"/Users/milan/Assembl/assembl/assembl/static2/js/app/components/common/switchButton.jsx": {"lines":{"total":11,"covered":10,"skipped":0,"pct":90.91},"functions":{"total":2,"covered":1,"skipped":0,"pct":50},"statements":{"total":11,"covered":10,"skipped":0,"pct":90.91},"branches":{"total":14,"covered":8,"skipped":0,"pct":57.14}}
,"/Users/milan/Assembl/assembl/assembl/static2/js/app/components/common/tabbedContent.jsx": {"lines":{"total":10,"covered":9,"skipped":0,"pct":90},"functions":{"total":7,"covered":6,"skipped":0,"pct":85.71},"statements":{"total":10,"covered":9,"skipped":0,"pct":90},"branches":{"total":4,"covered":3,"skipped":0,"pct":75}}
,"/Users/milan/Assembl/assembl/assembl/static2/js/app/components/common/textAreaWithRemainingChars.jsx": {"lines":{"total":4,"covered":4,"skipped":0,"pct":100},"functions":{"total":1,"covered":1,"skipped":0,"pct":100},"statements":{"total":4,"covered":4,"skipped":0,"pct":100},"branches":{"total":0,"covered":0,"skipped":0,"pct":100}}
,"/Users/milan/Assembl/assembl/assembl/static2/js/app/components/common/textInputWithRemainingChars.jsx": {"lines":{"total":3,"covered":1,"skipped":0,"pct":33.33},"functions":{"total":1,"covered":0,"skipped":0,"pct":0},"statements":{"total":3,"covered":1,"skipped":0,"pct":33.33},"branches":{"total":11,"covered":0,"skipped":0,"pct":0}}
,"/Users/milan/Assembl/assembl/assembl/static2/js/app/components/common/textWithHeaderPage.jsx": {"lines":{"total":4,"covered":4,"skipped":0,"pct":100},"functions":{"total":3,"covered":2,"skipped":0,"pct":66.67},"statements":{"total":5,"covered":4,"skipped":0,"pct":80},"branches":{"total":0,"covered":0,"skipped":0,"pct":100}}
,"/Users/milan/Assembl/assembl/assembl/static2/js/app/components/common/tooltips.jsx": {"lines":{"total":59,"covered":52,"skipped":0,"pct":88.14},"functions":{"total":11,"covered":0,"skipped":0,"pct":0},"statements":{"total":63,"covered":52,"skipped":0,"pct":82.54},"branches":{"total":0,"covered":0,"skipped":0,"pct":100}}
,"/Users/milan/Assembl/assembl/assembl/static2/js/app/components/common/menu/index.jsx": {"lines":{"total":0,"covered":0,"skipped":0,"pct":100},"functions":{"total":0,"covered":0,"skipped":0,"pct":100},"statements":{"total":0,"covered":0,"skipped":0,"pct":100},"branches":{"total":0,"covered":0,"skipped":0,"pct":100}}
,"/Users/milan/Assembl/assembl/assembl/static2/js/app/components/common/menu/menu.jsx": {"lines":{"total":9,"covered":8,"skipped":0,"pct":88.89},"functions":{"total":5,"covered":3,"skipped":0,"pct":60},"statements":{"total":10,"covered":8,"skipped":0,"pct":80},"branches":{"total":10,"covered":7,"skipped":0,"pct":70}}
,"/Users/milan/Assembl/assembl/assembl/static2/js/app/components/common/menu/menuItem.jsx": {"lines":{"total":8,"covered":7,"skipped":0,"pct":87.5},"functions":{"total":3,"covered":2,"skipped":0,"pct":66.67},"statements":{"total":8,"covered":7,"skipped":0,"pct":87.5},"branches":{"total":10,"covered":8,"skipped":0,"pct":80}}
,"/Users/milan/Assembl/assembl/assembl/static2/js/app/components/common/richTextEditor/buttons.jsx": {"lines":{"total":6,"covered":6,"skipped":0,"pct":100},"functions":{"total":3,"covered":3,"skipped":0,"pct":100},"statements":{"total":9,"covered":9,"skipped":0,"pct":100},"branches":{"total":0,"covered":0,"skipped":0,"pct":100}}
,"/Users/milan/Assembl/assembl/assembl/static2/js/app/components/common/richTextEditor/index.jsx": {"lines":{"total":47,"covered":28,"skipped":0,"pct":59.57},"functions":{"total":8,"covered":3,"skipped":0,"pct":37.5},"statements":{"total":47,"covered":28,"skipped":0,"pct":59.57},"branches":{"total":18,"covered":9,"skipped":0,"pct":50}}
,"/Users/milan/Assembl/assembl/assembl/static2/js/app/components/common/tree/index.jsx": {"lines":{"total":0,"covered":0,"skipped":0,"pct":100},"functions":{"total":0,"covered":0,"skipped":0,"pct":100},"statements":{"total":0,"covered":0,"skipped":0,"pct":100},"branches":{"total":0,"covered":0,"skipped":0,"pct":100}}
,"/Users/milan/Assembl/assembl/assembl/static2/js/app/components/common/tree/tree.jsx": {"lines":{"total":26,"covered":11,"skipped":0,"pct":42.31},"functions":{"total":9,"covered":5,"skipped":0,"pct":55.56},"statements":{"total":26,"covered":11,"skipped":0,"pct":42.31},"branches":{"total":12,"covered":4,"skipped":0,"pct":33.33}}
,"/Users/milan/Assembl/assembl/assembl/static2/js/app/components/common/tree/treeItem.jsx": {"lines":{"total":67,"covered":0,"skipped":0,"pct":0},"functions":{"total":20,"covered":0,"skipped":0,"pct":0},"statements":{"total":68,"covered":0,"skipped":0,"pct":0},"branches":{"total":47,"covered":0,"skipped":0,"pct":0}}
,"/Users/milan/Assembl/assembl/assembl/static2/js/app/components/common/urlPreview/embed.jsx": {"lines":{"total":1,"covered":1,"skipped":0,"pct":100},"functions":{"total":1,"covered":0,"skipped":0,"pct":0},"statements":{"total":2,"covered":1,"skipped":0,"pct":50},"branches":{"total":2,"covered":0,"skipped":0,"pct":0}}
,"/Users/milan/Assembl/assembl/assembl/static2/js/app/components/common/urlPreview/sketchFabTheater.jsx": {"lines":{"total":9,"covered":0,"skipped":0,"pct":0},"functions":{"total":6,"covered":0,"skipped":0,"pct":0},"statements":{"total":10,"covered":0,"skipped":0,"pct":0},"branches":{"total":14,"covered":0,"skipped":0,"pct":0}}
,"/Users/milan/Assembl/assembl/assembl/static2/js/app/components/common/urlPreview/urlMetadataLoader.jsx": {"lines":{"total":7,"covered":0,"skipped":0,"pct":0},"functions":{"total":4,"covered":0,"skipped":0,"pct":0},"statements":{"total":8,"covered":0,"skipped":0,"pct":0},"branches":{"total":6,"covered":0,"skipped":0,"pct":0}}
,"/Users/milan/Assembl/assembl/assembl/static2/js/app/components/common/urlPreview/urlPreview.jsx": {"lines":{"total":6,"covered":0,"skipped":0,"pct":0},"functions":{"total":2,"covered":0,"skipped":0,"pct":0},"statements":{"total":7,"covered":0,"skipped":0,"pct":0},"branches":{"total":16,"covered":0,"skipped":0,"pct":0}}
,"/Users/milan/Assembl/assembl/assembl/static2/js/app/components/common/urlPreview/youtubeTheater.jsx": {"lines":{"total":5,"covered":0,"skipped":0,"pct":0},"functions":{"total":3,"covered":0,"skipped":0,"pct":0},"statements":{"total":5,"covered":0,"skipped":0,"pct":0},"branches":{"total":4,"covered":0,"skipped":0,"pct":0}}
,"/Users/milan/Assembl/assembl/assembl/static2/js/app/components/cookies/cookieSetter.jsx": {"lines":{"total":12,"covered":9,"skipped":0,"pct":75},"functions":{"total":2,"covered":1,"skipped":0,"pct":50},"statements":{"total":12,"covered":9,"skipped":0,"pct":75},"branches":{"total":11,"covered":6,"skipped":0,"pct":54.55}}
,"/Users/milan/Assembl/assembl/assembl/static2/js/app/components/cookies/cookieSwitch.jsx": {"lines":{"total":6,"covered":5,"skipped":0,"pct":83.33},"functions":{"total":1,"covered":1,"skipped":0,"pct":100},"statements":{"total":6,"covered":5,"skipped":0,"pct":83.33},"branches":{"total":6,"covered":4,"skipped":0,"pct":66.67}}
,"/Users/milan/Assembl/assembl/assembl/static2/js/app/components/cookies/cookiesSelector.jsx": {"lines":{"total":7,"covered":6,"skipped":0,"pct":85.71},"functions":{"total":4,"covered":3,"skipped":0,"pct":75},"statements":{"total":7,"covered":6,"skipped":0,"pct":85.71},"branches":{"total":11,"covered":11,"skipped":0,"pct":100}}
,"/Users/milan/Assembl/assembl/assembl/static2/js/app/components/cookies/cookiesSelectorContainer.jsx": {"lines":{"total":67,"covered":61,"skipped":0,"pct":91.04},"functions":{"total":21,"covered":18,"skipped":0,"pct":85.71},"statements":{"total":69,"covered":62,"skipped":0,"pct":89.86},"branches":{"total":47,"covered":38,"skipped":0,"pct":80.85}}
,"/Users/milan/Assembl/assembl/assembl/static2/js/app/components/debate/brightMirror/circleAvatar.jsx": {"lines":{"total":4,"covered":4,"skipped":0,"pct":100},"functions":{"total":1,"covered":1,"skipped":0,"pct":100},"statements":{"total":4,"covered":4,"skipped":0,"pct":100},"branches":{"total":4,"covered":4,"skipped":0,"pct":100}}
,"/Users/milan/Assembl/assembl/assembl/static2/js/app/components/debate/brightMirror/fictionBody.jsx": {"lines":{"total":2,"covered":2,"skipped":0,"pct":100},"functions":{"total":1,"covered":1,"skipped":0,"pct":100},"statements":{"total":2,"covered":2,"skipped":0,"pct":100},"branches":{"total":4,"covered":4,"skipped":0,"pct":100}}
,"/Users/milan/Assembl/assembl/assembl/static2/js/app/components/debate/brightMirror/fictionComment.jsx": {"lines":{"total":25,"covered":13,"skipped":0,"pct":52},"functions":{"total":8,"covered":3,"skipped":0,"pct":37.5},"statements":{"total":25,"covered":13,"skipped":0,"pct":52},"branches":{"total":21,"covered":8,"skipped":0,"pct":38.1}}
,"/Users/milan/Assembl/assembl/assembl/static2/js/app/components/debate/brightMirror/fictionCommentForm.jsx": {"lines":{"total":25,"covered":18,"skipped":0,"pct":72},"functions":{"total":10,"covered":7,"skipped":0,"pct":70},"statements":{"total":25,"covered":18,"skipped":0,"pct":72},"branches":{"total":14,"covered":4,"skipped":0,"pct":28.57}}
,"/Users/milan/Assembl/assembl/assembl/static2/js/app/components/debate/brightMirror/fictionCommentHeader.jsx": {"lines":{"total":2,"covered":2,"skipped":0,"pct":100},"functions":{"total":1,"covered":1,"skipped":0,"pct":100},"statements":{"total":2,"covered":2,"skipped":0,"pct":100},"branches":{"total":0,"covered":0,"skipped":0,"pct":100}}
,"/Users/milan/Assembl/assembl/assembl/static2/js/app/components/debate/brightMirror/fictionCommentList.jsx": {"lines":{"total":4,"covered":4,"skipped":0,"pct":100},"functions":{"total":1,"covered":1,"skipped":0,"pct":100},"statements":{"total":4,"covered":4,"skipped":0,"pct":100},"branches":{"total":0,"covered":0,"skipped":0,"pct":100}}
,"/Users/milan/Assembl/assembl/assembl/static2/js/app/components/debate/brightMirror/fictionHeader.jsx": {"lines":{"total":2,"covered":2,"skipped":0,"pct":100},"functions":{"total":1,"covered":1,"skipped":0,"pct":100},"statements":{"total":2,"covered":2,"skipped":0,"pct":100},"branches":{"total":2,"covered":2,"skipped":0,"pct":100}}
,"/Users/milan/Assembl/assembl/assembl/static2/js/app/components/debate/brightMirror/fictionPreview.jsx": {"lines":{"total":11,"covered":8,"skipped":0,"pct":72.73},"functions":{"total":3,"covered":1,"skipped":0,"pct":33.33},"statements":{"total":11,"covered":8,"skipped":0,"pct":72.73},"branches":{"total":8,"covered":7,"skipped":0,"pct":87.5}}
,"/Users/milan/Assembl/assembl/assembl/static2/js/app/components/debate/brightMirror/fictionToolbar.jsx": {"lines":{"total":7,"covered":4,"skipped":0,"pct":57.14},"functions":{"total":3,"covered":1,"skipped":0,"pct":33.33},"statements":{"total":7,"covered":4,"skipped":0,"pct":57.14},"branches":{"total":4,"covered":4,"skipped":0,"pct":100}}
,"/Users/milan/Assembl/assembl/assembl/static2/js/app/components/debate/brightMirror/fictionsList.jsx": {"lines":{"total":30,"covered":27,"skipped":0,"pct":90},"functions":{"total":5,"covered":4,"skipped":0,"pct":80},"statements":{"total":33,"covered":29,"skipped":0,"pct":87.88},"branches":{"total":19,"covered":11,"skipped":0,"pct":57.89}}
,"/Users/milan/Assembl/assembl/assembl/static2/js/app/components/debate/brightMirror/instructionView.jsx": {"lines":{"total":4,"covered":4,"skipped":0,"pct":100},"functions":{"total":1,"covered":1,"skipped":0,"pct":100},"statements":{"total":4,"covered":4,"skipped":0,"pct":100},"branches":{"total":7,"covered":6,"skipped":0,"pct":85.71}}
,"/Users/milan/Assembl/assembl/assembl/static2/js/app/components/debate/brightMirror/instructionsText.jsx": {"lines":{"total":2,"covered":2,"skipped":0,"pct":100},"functions":{"total":1,"covered":1,"skipped":0,"pct":100},"statements":{"total":2,"covered":2,"skipped":0,"pct":100},"branches":{"total":0,"covered":0,"skipped":0,"pct":100}}
,"/Users/milan/Assembl/assembl/assembl/static2/js/app/components/debate/common/announcement.jsx": {"lines":{"total":29,"covered":5,"skipped":0,"pct":17.24},"functions":{"total":13,"covered":0,"skipped":0,"pct":0},"statements":{"total":31,"covered":5,"skipped":0,"pct":16.13},"branches":{"total":10,"covered":0,"skipped":0,"pct":0}}
,"/Users/milan/Assembl/assembl/assembl/static2/js/app/components/debate/common/backButton.jsx": {"lines":{"total":2,"covered":2,"skipped":0,"pct":100},"functions":{"total":1,"covered":1,"skipped":0,"pct":100},"statements":{"total":2,"covered":2,"skipped":0,"pct":100},"branches":{"total":0,"covered":0,"skipped":0,"pct":100}}
,"/Users/milan/Assembl/assembl/assembl/static2/js/app/components/debate/common/deletePostButton.jsx": {"lines":{"total":13,"covered":3,"skipped":0,"pct":23.08},"functions":{"total":4,"covered":1,"skipped":0,"pct":25},"statements":{"total":13,"covered":3,"skipped":0,"pct":23.08},"branches":{"total":2,"covered":0,"skipped":0,"pct":0}}
,"/Users/milan/Assembl/assembl/assembl/static2/js/app/components/debate/common/deletedPost.jsx": {"lines":{"total":2,"covered":1,"skipped":0,"pct":50},"functions":{"total":1,"covered":0,"skipped":0,"pct":0},"statements":{"total":2,"covered":1,"skipped":0,"pct":50},"branches":{"total":2,"covered":0,"skipped":0,"pct":0}}
,"/Users/milan/Assembl/assembl/assembl/static2/js/app/components/debate/common/editPostButton.jsx": {"lines":{"total":2,"covered":2,"skipped":0,"pct":100},"functions":{"total":1,"covered":1,"skipped":0,"pct":100},"statements":{"total":2,"covered":2,"skipped":0,"pct":100},"branches":{"total":0,"covered":0,"skipped":0,"pct":100}}
,"/Users/milan/Assembl/assembl/assembl/static2/js/app/components/debate/common/editPostForm.jsx": {"lines":{"total":41,"covered":0,"skipped":0,"pct":0},"functions":{"total":14,"covered":0,"skipped":0,"pct":0},"statements":{"total":41,"covered":0,"skipped":0,"pct":0},"branches":{"total":26,"covered":0,"skipped":0,"pct":0}}
,"/Users/milan/Assembl/assembl/assembl/static2/js/app/components/debate/common/headerActions.jsx": {"lines":{"total":4,"covered":3,"skipped":0,"pct":75},"functions":{"total":2,"covered":1,"skipped":0,"pct":50},"statements":{"total":4,"covered":3,"skipped":0,"pct":75},"branches":{"total":0,"covered":0,"skipped":0,"pct":100}}
,"/Users/milan/Assembl/assembl/assembl/static2/js/app/components/debate/common/overflowMenu.jsx": {"lines":{"total":4,"covered":1,"skipped":0,"pct":25},"functions":{"total":1,"covered":0,"skipped":0,"pct":0},"statements":{"total":4,"covered":1,"skipped":0,"pct":25},"branches":{"total":4,"covered":0,"skipped":0,"pct":0}}
,"/Users/milan/Assembl/assembl/assembl/static2/js/app/components/debate/common/postActions.jsx": {"lines":{"total":24,"covered":1,"skipped":0,"pct":4.17},"functions":{"total":5,"covered":0,"skipped":0,"pct":0},"statements":{"total":26,"covered":1,"skipped":0,"pct":3.85},"branches":{"total":30,"covered":0,"skipped":0,"pct":0}}
,"/Users/milan/Assembl/assembl/assembl/static2/js/app/components/debate/common/replyToCommentButton.jsx": {"lines":{"total":2,"covered":2,"skipped":0,"pct":100},"functions":{"total":1,"covered":1,"skipped":0,"pct":100},"statements":{"total":2,"covered":2,"skipped":0,"pct":100},"branches":{"total":0,"covered":0,"skipped":0,"pct":100}}
,"/Users/milan/Assembl/assembl/assembl/static2/js/app/components/debate/common/sentimentDefinitions.jsx": {"lines":{"total":4,"covered":4,"skipped":0,"pct":100},"functions":{"total":1,"covered":1,"skipped":0,"pct":100},"statements":{"total":4,"covered":4,"skipped":0,"pct":100},"branches":{"total":0,"covered":0,"skipped":0,"pct":100}}
,"/Users/milan/Assembl/assembl/assembl/static2/js/app/components/debate/common/sentimentStats.jsx": {"lines":{"total":4,"covered":1,"skipped":0,"pct":25},"functions":{"total":2,"covered":0,"skipped":0,"pct":0},"statements":{"total":4,"covered":1,"skipped":0,"pct":25},"branches":{"total":2,"covered":0,"skipped":0,"pct":0}}
,"/Users/milan/Assembl/assembl/assembl/static2/js/app/components/debate/common/sentiments.jsx": {"lines":{"total":16,"covered":1,"skipped":0,"pct":6.25},"functions":{"total":4,"covered":0,"skipped":0,"pct":0},"statements":{"total":16,"covered":1,"skipped":0,"pct":6.25},"branches":{"total":40,"covered":0,"skipped":0,"pct":0}}
,"/Users/milan/Assembl/assembl/assembl/static2/js/app/components/debate/common/statisticsDoughnut.jsx": {"lines":{"total":5,"covered":1,"skipped":0,"pct":20},"functions":{"total":2,"covered":0,"skipped":0,"pct":0},"statements":{"total":6,"covered":1,"skipped":0,"pct":16.67},"branches":{"total":6,"covered":0,"skipped":0,"pct":0}}
,"/Users/milan/Assembl/assembl/assembl/static2/js/app/components/debate/common/toggleCommentButton.jsx": {"lines":{"total":3,"covered":3,"skipped":0,"pct":100},"functions":{"total":1,"covered":1,"skipped":0,"pct":100},"statements":{"total":3,"covered":3,"skipped":0,"pct":100},"branches":{"total":2,"covered":2,"skipped":0,"pct":100}}
,"/Users/milan/Assembl/assembl/assembl/static2/js/app/components/debate/common/topPostForm.jsx": {"lines":{"total":53,"covered":4,"skipped":0,"pct":7.55},"functions":{"total":19,"covered":0,"skipped":0,"pct":0},"statements":{"total":54,"covered":4,"skipped":0,"pct":7.41},"branches":{"total":41,"covered":0,"skipped":0,"pct":0}}
,"/Users/milan/Assembl/assembl/assembl/static2/js/app/components/debate/common/topPostFormContainer.jsx": {"lines":{"total":29,"covered":0,"skipped":0,"pct":0},"functions":{"total":11,"covered":0,"skipped":0,"pct":0},"statements":{"total":29,"covered":0,"skipped":0,"pct":0},"branches":{"total":43,"covered":0,"skipped":0,"pct":0}}
,"/Users/milan/Assembl/assembl/assembl/static2/js/app/components/debate/common/whatYouNeedToKnow.jsx": {"lines":{"total":1,"covered":0,"skipped":0,"pct":0},"functions":{"total":1,"covered":0,"skipped":0,"pct":0},"statements":{"total":1,"covered":0,"skipped":0,"pct":0},"branches":{"total":0,"covered":0,"skipped":0,"pct":100}}
,"/Users/milan/Assembl/assembl/assembl/static2/js/app/components/debate/common/post/foldedPost.jsx": {"lines":{"total":1,"covered":1,"skipped":0,"pct":100},"functions":{"total":1,"covered":1,"skipped":0,"pct":100},"statements":{"total":2,"covered":2,"skipped":0,"pct":100},"branches":{"total":0,"covered":0,"skipped":0,"pct":100}}
,"/Users/milan/Assembl/assembl/assembl/static2/js/app/components/debate/common/post/index.jsx": {"lines":{"total":45,"covered":25,"skipped":0,"pct":55.56},"functions":{"total":11,"covered":5,"skipped":0,"pct":45.45},"statements":{"total":45,"covered":25,"skipped":0,"pct":55.56},"branches":{"total":32,"covered":11,"skipped":0,"pct":34.38}}
,"/Users/milan/Assembl/assembl/assembl/static2/js/app/components/debate/common/post/postBody.jsx": {"lines":{"total":46,"covered":22,"skipped":0,"pct":47.83},"functions":{"total":12,"covered":3,"skipped":0,"pct":25},"statements":{"total":50,"covered":23,"skipped":0,"pct":46},"branches":{"total":40,"covered":10,"skipped":0,"pct":25}}
,"/Users/milan/Assembl/assembl/assembl/static2/js/app/components/debate/common/post/postView.jsx": {"lines":{"total":47,"covered":13,"skipped":0,"pct":27.66},"functions":{"total":16,"covered":3,"skipped":0,"pct":18.75},"statements":{"total":49,"covered":14,"skipped":0,"pct":28.57},"branches":{"total":35,"covered":16,"skipped":0,"pct":45.71}}
,"/Users/milan/Assembl/assembl/assembl/static2/js/app/components/debate/common/post/relatedIdeas.jsx": {"lines":{"total":7,"covered":6,"skipped":0,"pct":85.71},"functions":{"total":3,"covered":3,"skipped":0,"pct":100},"statements":{"total":7,"covered":6,"skipped":0,"pct":85.71},"branches":{"total":7,"covered":5,"skipped":0,"pct":71.43}}
,"/Users/milan/Assembl/assembl/assembl/static2/js/app/components/debate/common/translations/cancelTranslationForm.jsx": {"lines":{"total":17,"covered":0,"skipped":0,"pct":0},"functions":{"total":6,"covered":0,"skipped":0,"pct":0},"statements":{"total":17,"covered":0,"skipped":0,"pct":0},"branches":{"total":4,"covered":0,"skipped":0,"pct":0}}
,"/Users/milan/Assembl/assembl/assembl/static2/js/app/components/debate/common/translations/chooseContentLocaleForm.jsx": {"lines":{"total":23,"covered":0,"skipped":0,"pct":0},"functions":{"total":10,"covered":0,"skipped":0,"pct":0},"statements":{"total":25,"covered":0,"skipped":0,"pct":0},"branches":{"total":12,"covered":0,"skipped":0,"pct":0}}
,"/Users/milan/Assembl/assembl/assembl/static2/js/app/components/debate/common/translations/postTranslate.jsx": {"lines":{"total":35,"covered":1,"skipped":0,"pct":2.86},"functions":{"total":12,"covered":0,"skipped":0,"pct":0},"statements":{"total":37,"covered":1,"skipped":0,"pct":2.7},"branches":{"total":28,"covered":0,"skipped":0,"pct":0}}
,"/Users/milan/Assembl/assembl/assembl/static2/js/app/components/debate/multiColumns/columnHeader.jsx": {"lines":{"total":2,"covered":1,"skipped":0,"pct":50},"functions":{"total":1,"covered":0,"skipped":0,"pct":0},"statements":{"total":2,"covered":1,"skipped":0,"pct":50},"branches":{"total":2,"covered":0,"skipped":0,"pct":0}}
,"/Users/milan/Assembl/assembl/assembl/static2/js/app/components/debate/multiColumns/columnSynthesis.jsx": {"lines":{"total":2,"covered":2,"skipped":0,"pct":100},"functions":{"total":1,"covered":1,"skipped":0,"pct":100},"statements":{"total":2,"covered":2,"skipped":0,"pct":100},"branches":{"total":0,"covered":0,"skipped":0,"pct":100}}
,"/Users/milan/Assembl/assembl/assembl/static2/js/app/components/debate/multiColumns/columnsPost.jsx": {"lines":{"total":1,"covered":1,"skipped":0,"pct":100},"functions":{"total":1,"covered":0,"skipped":0,"pct":0},"statements":{"total":2,"covered":1,"skipped":0,"pct":50},"branches":{"total":0,"covered":0,"skipped":0,"pct":100}}
,"/Users/milan/Assembl/assembl/assembl/static2/js/app/components/debate/multiColumns/columnsView.jsx": {"lines":{"total":18,"covered":1,"skipped":0,"pct":5.56},"functions":{"total":7,"covered":0,"skipped":0,"pct":0},"statements":{"total":20,"covered":1,"skipped":0,"pct":5},"branches":{"total":10,"covered":0,"skipped":0,"pct":0}}
,"/Users/milan/Assembl/assembl/assembl/static2/js/app/components/debate/multiColumns/multiColumns.jsx": {"lines":{"total":5,"covered":1,"skipped":0,"pct":20},"functions":{"total":2,"covered":0,"skipped":0,"pct":0},"statements":{"total":5,"covered":1,"skipped":0,"pct":20},"branches":{"total":0,"covered":0,"skipped":0,"pct":100}}
,"/Users/milan/Assembl/assembl/assembl/static2/js/app/components/debate/multiColumns/postColumn.jsx": {"lines":{"total":4,"covered":3,"skipped":0,"pct":75},"functions":{"total":2,"covered":0,"skipped":0,"pct":0},"statements":{"total":5,"covered":3,"skipped":0,"pct":60},"branches":{"total":6,"covered":0,"skipped":0,"pct":0}}
,"/Users/milan/Assembl/assembl/assembl/static2/js/app/components/debate/multiColumns/tabbedColumns.jsx": {"lines":{"total":11,"covered":0,"skipped":0,"pct":0},"functions":{"total":4,"covered":0,"skipped":0,"pct":0},"statements":{"total":11,"covered":0,"skipped":0,"pct":0},"branches":{"total":6,"covered":0,"skipped":0,"pct":0}}
,"/Users/milan/Assembl/assembl/assembl/static2/js/app/components/debate/multiColumns/utils.js": {"lines":{"total":6,"covered":1,"skipped":0,"pct":16.67},"functions":{"total":3,"covered":0,"skipped":0,"pct":0},"statements":{"total":7,"covered":1,"skipped":0,"pct":14.29},"branches":{"total":0,"covered":0,"skipped":0,"pct":100}}
,"/Users/milan/Assembl/assembl/assembl/static2/js/app/components/debate/navigation/debateLink.jsx": {"lines":{"total":14,"covered":6,"skipped":0,"pct":42.86},"functions":{"total":9,"covered":1,"skipped":0,"pct":11.11},"statements":{"total":15,"covered":6,"skipped":0,"pct":40},"branches":{"total":19,"covered":12,"skipped":0,"pct":63.16}}
,"/Users/milan/Assembl/assembl/assembl/static2/js/app/components/debate/navigation/menuItem.jsx": {"lines":{"total":15,"covered":8,"skipped":0,"pct":53.33},"functions":{"total":5,"covered":1,"skipped":0,"pct":20},"statements":{"total":19,"covered":8,"skipped":0,"pct":42.11},"branches":{"total":25,"covered":15,"skipped":0,"pct":60}}
,"/Users/milan/Assembl/assembl/assembl/static2/js/app/components/debate/navigation/menuTable.jsx": {"lines":{"total":9,"covered":6,"skipped":0,"pct":66.67},"functions":{"total":2,"covered":1,"skipped":0,"pct":50},"statements":{"total":9,"covered":6,"skipped":0,"pct":66.67},"branches":{"total":5,"covered":2,"skipped":0,"pct":40}}
,"/Users/milan/Assembl/assembl/assembl/static2/js/app/components/debate/navigation/timeline.jsx": {"lines":{"total":2,"covered":1,"skipped":0,"pct":50},"functions":{"total":2,"covered":1,"skipped":0,"pct":50},"statements":{"total":2,"covered":1,"skipped":0,"pct":50},"branches":{"total":2,"covered":1,"skipped":0,"pct":50}}
,"/Users/milan/Assembl/assembl/assembl/static2/js/app/components/debate/navigation/timelineSegment.jsx": {"lines":{"total":36,"covered":17,"skipped":0,"pct":47.22},"functions":{"total":7,"covered":2,"skipped":0,"pct":28.57},"statements":{"total":37,"covered":17,"skipped":0,"pct":45.95},"branches":{"total":30,"covered":13,"skipped":0,"pct":43.33}}
,"/Users/milan/Assembl/assembl/assembl/static2/js/app/components/debate/navigation/timelineSegmentMenu.jsx": {"lines":{"total":6,"covered":5,"skipped":0,"pct":83.33},"functions":{"total":1,"covered":1,"skipped":0,"pct":100},"statements":{"total":6,"covered":5,"skipped":0,"pct":83.33},"branches":{"total":4,"covered":2,"skipped":0,"pct":50}}
,"/Users/milan/Assembl/assembl/assembl/static2/js/app/components/debate/navigation/tables/ideasTable.jsx": {"lines":{"total":5,"covered":5,"skipped":0,"pct":100},"functions":{"total":2,"covered":1,"skipped":0,"pct":50},"statements":{"total":6,"covered":5,"skipped":0,"pct":83.33},"branches":{"total":2,"covered":2,"skipped":0,"pct":100}}
,"/Users/milan/Assembl/assembl/assembl/static2/js/app/components/debate/navigation/tables/index.jsx": {"lines":{"total":0,"covered":0,"skipped":0,"pct":100},"functions":{"total":0,"covered":0,"skipped":0,"pct":100},"statements":{"total":0,"covered":0,"skipped":0,"pct":100},"branches":{"total":0,"covered":0,"skipped":0,"pct":100}}
,"/Users/milan/Assembl/assembl/assembl/static2/js/app/components/debate/navigation/tables/menuList.jsx": {"lines":{"total":19,"covered":14,"skipped":0,"pct":73.68},"functions":{"total":9,"covered":5,"skipped":0,"pct":55.56},"statements":{"total":21,"covered":15,"skipped":0,"pct":71.43},"branches":{"total":10,"covered":6,"skipped":0,"pct":60}}
,"/Users/milan/Assembl/assembl/assembl/static2/js/app/components/debate/navigation/tables/surveyTable.jsx": {"lines":{"total":5,"covered":5,"skipped":0,"pct":100},"functions":{"total":2,"covered":1,"skipped":0,"pct":50},"statements":{"total":6,"covered":5,"skipped":0,"pct":83.33},"branches":{"total":0,"covered":0,"skipped":0,"pct":100}}
,"/Users/milan/Assembl/assembl/assembl/static2/js/app/components/debate/survey/post.jsx": {"lines":{"total":56,"covered":1,"skipped":0,"pct":1.79},"functions":{"total":10,"covered":0,"skipped":0,"pct":0},"statements":{"total":57,"covered":1,"skipped":0,"pct":1.75},"branches":{"total":66,"covered":0,"skipped":0,"pct":0}}
,"/Users/milan/Assembl/assembl/assembl/static2/js/app/components/debate/survey/postCreator.jsx": {"lines":{"total":2,"covered":1,"skipped":0,"pct":50},"functions":{"total":1,"covered":0,"skipped":0,"pct":0},"statements":{"total":2,"covered":1,"skipped":0,"pct":50},"branches":{"total":0,"covered":0,"skipped":0,"pct":100}}
,"/Users/milan/Assembl/assembl/assembl/static2/js/app/components/debate/survey/posts.jsx": {"lines":{"total":27,"covered":13,"skipped":0,"pct":48.15},"functions":{"total":12,"covered":4,"skipped":0,"pct":33.33},"statements":{"total":29,"covered":13,"skipped":0,"pct":44.83},"branches":{"total":8,"covered":0,"skipped":0,"pct":0}}
,"/Users/milan/Assembl/assembl/assembl/static2/js/app/components/debate/thread/answerForm.jsx": {"lines":{"total":41,"covered":1,"skipped":0,"pct":2.44},"functions":{"total":15,"covered":0,"skipped":0,"pct":0},"statements":{"total":43,"covered":1,"skipped":0,"pct":2.33},"branches":{"total":14,"covered":0,"skipped":0,"pct":0}}
,"/Users/milan/Assembl/assembl/assembl/static2/js/app/components/debate/thread/nuggets.jsx": {"lines":{"total":27,"covered":1,"skipped":0,"pct":3.7},"functions":{"total":11,"covered":0,"skipped":0,"pct":0},"statements":{"total":30,"covered":1,"skipped":0,"pct":3.33},"branches":{"total":18,"covered":0,"skipped":0,"pct":0}}
,"/Users/milan/Assembl/assembl/assembl/static2/js/app/components/debate/thread/threadView.jsx": {"lines":{"total":3,"covered":0,"skipped":0,"pct":0},"functions":{"total":1,"covered":0,"skipped":0,"pct":0},"statements":{"total":3,"covered":0,"skipped":0,"pct":0},"branches":{"total":5,"covered":0,"skipped":0,"pct":0}}
,"/Users/milan/Assembl/assembl/assembl/static2/js/app/components/form/adminForm.jsx": {"lines":{"total":10,"covered":2,"skipped":0,"pct":20},"functions":{"total":4,"covered":1,"skipped":0,"pct":25},"statements":{"total":10,"covered":2,"skipped":0,"pct":20},"branches":{"total":6,"covered":2,"skipped":0,"pct":33.33}}
,"/Users/milan/Assembl/assembl/assembl/static2/js/app/components/form/error.jsx": {"lines":{"total":3,"covered":3,"skipped":0,"pct":100},"functions":{"total":2,"covered":2,"skipped":0,"pct":100},"statements":{"total":3,"covered":3,"skipped":0,"pct":100},"branches":{"total":4,"covered":2,"skipped":0,"pct":50}}
,"/Users/milan/Assembl/assembl/assembl/static2/js/app/components/form/fieldArrayWithActions.jsx": {"lines":{"total":57,"covered":27,"skipped":0,"pct":47.37},"functions":{"total":19,"covered":6,"skipped":0,"pct":31.58},"statements":{"total":60,"covered":28,"skipped":0,"pct":46.67},"branches":{"total":68,"covered":31,"skipped":0,"pct":45.59}}
,"/Users/milan/Assembl/assembl/assembl/static2/js/app/components/form/fileUploaderFieldAdapter.jsx": {"lines":{"total":5,"covered":1,"skipped":0,"pct":20},"functions":{"total":3,"covered":0,"skipped":0,"pct":0},"statements":{"total":5,"covered":1,"skipped":0,"pct":20},"branches":{"total":8,"covered":0,"skipped":0,"pct":0}}
,"/Users/milan/Assembl/assembl/assembl/static2/js/app/components/form/multilingualRichTextFieldAdapter.jsx": {"lines":{"total":5,"covered":2,"skipped":0,"pct":40},"functions":{"total":2,"covered":0,"skipped":0,"pct":0},"statements":{"total":5,"covered":2,"skipped":0,"pct":40},"branches":{"total":2,"covered":0,"skipped":0,"pct":0}}
,"/Users/milan/Assembl/assembl/assembl/static2/js/app/components/form/multilingualTextFieldAdapter.jsx": {"lines":{"total":6,"covered":5,"skipped":0,"pct":83.33},"functions":{"total":2,"covered":1,"skipped":0,"pct":50},"statements":{"total":6,"covered":5,"skipped":0,"pct":83.33},"branches":{"total":8,"covered":7,"skipped":0,"pct":87.5}}
,"/Users/milan/Assembl/assembl/assembl/static2/js/app/components/form/textFieldAdapter.jsx": {"lines":{"total":3,"covered":2,"skipped":0,"pct":66.67},"functions":{"total":2,"covered":1,"skipped":0,"pct":50},"statements":{"total":3,"covered":2,"skipped":0,"pct":66.67},"branches":{"total":6,"covered":5,"skipped":0,"pct":83.33}}
,"/Users/milan/Assembl/assembl/assembl/static2/js/app/components/form/textOrFileFieldAdapter.jsx": {"lines":{"total":7,"covered":1,"skipped":0,"pct":14.29},"functions":{"total":4,"covered":0,"skipped":0,"pct":0},"statements":{"total":7,"covered":1,"skipped":0,"pct":14.29},"branches":{"total":14,"covered":0,"skipped":0,"pct":0}}
,"/Users/milan/Assembl/assembl/assembl/static2/js/app/components/form/utils.js": {"lines":{"total":26,"covered":26,"skipped":0,"pct":100},"functions":{"total":19,"covered":19,"skipped":0,"pct":100},"statements":{"total":29,"covered":29,"skipped":0,"pct":100},"branches":{"total":20,"covered":18,"skipped":0,"pct":90}}
,"/Users/milan/Assembl/assembl/assembl/static2/js/app/components/harvesting/harvestingAnchor.jsx": {"lines":{"total":2,"covered":2,"skipped":0,"pct":100},"functions":{"total":1,"covered":1,"skipped":0,"pct":100},"statements":{"total":2,"covered":2,"skipped":0,"pct":100},"branches":{"total":4,"covered":4,"skipped":0,"pct":100}}
,"/Users/milan/Assembl/assembl/assembl/static2/js/app/components/harvesting/harvestingBadge.jsx": {"lines":{"total":2,"covered":2,"skipped":0,"pct":100},"functions":{"total":1,"covered":1,"skipped":0,"pct":100},"statements":{"total":2,"covered":2,"skipped":0,"pct":100},"branches":{"total":0,"covered":0,"skipped":0,"pct":100}}
,"/Users/milan/Assembl/assembl/assembl/static2/js/app/components/harvesting/harvestingBox.jsx": {"lines":{"total":142,"covered":33,"skipped":0,"pct":23.24},"functions":{"total":40,"covered":5,"skipped":0,"pct":12.5},"statements":{"total":145,"covered":33,"skipped":0,"pct":22.76},"branches":{"total":160,"covered":85,"skipped":0,"pct":53.13}}
,"/Users/milan/Assembl/assembl/assembl/static2/js/app/components/harvesting/harvestingMenu.jsx": {"lines":{"total":13,"covered":10,"skipped":0,"pct":76.92},"functions":{"total":5,"covered":2,"skipped":0,"pct":40},"statements":{"total":14,"covered":10,"skipped":0,"pct":71.43},"branches":{"total":19,"covered":15,"skipped":0,"pct":78.95}}
,"/Users/milan/Assembl/assembl/assembl/static2/js/app/components/harvesting/taxonomyOverflowMenu.jsx": {"lines":{"total":17,"covered":10,"skipped":0,"pct":58.82},"functions":{"total":9,"covered":4,"skipped":0,"pct":44.44},"statements":{"total":17,"covered":10,"skipped":0,"pct":58.82},"branches":{"total":4,"covered":0,"skipped":0,"pct":0}}
,"/Users/milan/Assembl/assembl/assembl/static2/js/app/components/login/legalForm.jsx": {"lines":{"total":14,"covered":14,"skipped":0,"pct":100},"functions":{"total":6,"covered":6,"skipped":0,"pct":100},"statements":{"total":14,"covered":14,"skipped":0,"pct":100},"branches":{"total":13,"covered":12,"skipped":0,"pct":92.31}}
,"/Users/milan/Assembl/assembl/assembl/static2/js/app/components/navbar/BurgerNavbar.jsx": {"lines":{"total":8,"covered":0,"skipped":0,"pct":0},"functions":{"total":6,"covered":0,"skipped":0,"pct":0},"statements":{"total":9,"covered":0,"skipped":0,"pct":0},"branches":{"total":4,"covered":0,"skipped":0,"pct":0}}
,"/Users/milan/Assembl/assembl/assembl/static2/js/app/components/navbar/FlatNavbar.jsx": {"lines":{"total":9,"covered":0,"skipped":0,"pct":0},"functions":{"total":8,"covered":0,"skipped":0,"pct":0},"statements":{"total":12,"covered":0,"skipped":0,"pct":0},"branches":{"total":2,"covered":0,"skipped":0,"pct":0}}
,"/Users/milan/Assembl/assembl/assembl/static2/js/app/components/navbar/Logo.jsx": {"lines":{"total":3,"covered":1,"skipped":0,"pct":33.33},"functions":{"total":1,"covered":0,"skipped":0,"pct":0},"statements":{"total":3,"covered":1,"skipped":0,"pct":33.33},"branches":{"total":2,"covered":0,"skipped":0,"pct":0}}
,"/Users/milan/Assembl/assembl/assembl/static2/js/app/components/navbar/UserMenu.jsx": {"lines":{"total":6,"covered":4,"skipped":0,"pct":66.67},"functions":{"total":2,"covered":0,"skipped":0,"pct":0},"statements":{"total":6,"covered":4,"skipped":0,"pct":66.67},"branches":{"total":7,"covered":0,"skipped":0,"pct":0}}
,"/Users/milan/Assembl/assembl/assembl/static2/js/app/components/navbar/harvestingButton.jsx": {"lines":{"total":15,"covered":2,"skipped":0,"pct":13.33},"functions":{"total":7,"covered":0,"skipped":0,"pct":0},"statements":{"total":17,"covered":2,"skipped":0,"pct":11.76},"branches":{"total":14,"covered":0,"skipped":0,"pct":0}}
,"/Users/milan/Assembl/assembl/assembl/static2/js/app/components/navbar/languageMenu.jsx": {"lines":{"total":45,"covered":4,"skipped":0,"pct":8.89},"functions":{"total":18,"covered":0,"skipped":0,"pct":0},"statements":{"total":49,"covered":4,"skipped":0,"pct":8.16},"branches":{"total":13,"covered":0,"skipped":0,"pct":0}}
,"/Users/milan/Assembl/assembl/assembl/static2/js/app/components/navbar/navbar.jsx": {"lines":{"total":52,"covered":26,"skipped":0,"pct":50},"functions":{"total":18,"covered":8,"skipped":0,"pct":44.44},"statements":{"total":58,"covered":30,"skipped":0,"pct":51.72},"branches":{"total":48,"covered":16,"skipped":0,"pct":33.33}}
,"/Users/milan/Assembl/assembl/assembl/static2/js/app/components/navbar/navigationMenu.jsx": {"lines":{"total":2,"covered":0,"skipped":0,"pct":0},"functions":{"total":1,"covered":0,"skipped":0,"pct":0},"statements":{"total":2,"covered":0,"skipped":0,"pct":0},"branches":{"total":0,"covered":0,"skipped":0,"pct":100}}
,"/Users/milan/Assembl/assembl/assembl/static2/js/app/components/resourcesCenter/index.jsx": {"lines":{"total":4,"covered":4,"skipped":0,"pct":100},"functions":{"total":2,"covered":2,"skipped":0,"pct":100},"statements":{"total":4,"covered":4,"skipped":0,"pct":100},"branches":{"total":0,"covered":0,"skipped":0,"pct":100}}
,"/Users/milan/Assembl/assembl/assembl/static2/js/app/components/resourcesCenter/resourceBlock.jsx": {"lines":{"total":8,"covered":1,"skipped":0,"pct":12.5},"functions":{"total":1,"covered":0,"skipped":0,"pct":0},"statements":{"total":8,"covered":1,"skipped":0,"pct":12.5},"branches":{"total":11,"covered":0,"skipped":0,"pct":0}}
,"/Users/milan/Assembl/assembl/assembl/static2/js/app/components/search/DateRangeFilter.jsx": {"lines":{"total":28,"covered":0,"skipped":0,"pct":0},"functions":{"total":8,"covered":0,"skipped":0,"pct":0},"statements":{"total":28,"covered":0,"skipped":0,"pct":0},"branches":{"total":22,"covered":0,"skipped":0,"pct":0}}
,"/Users/milan/Assembl/assembl/assembl/static2/js/app/components/search/HitsWithScrollTop.jsx": {"lines":{"total":5,"covered":0,"skipped":0,"pct":0},"functions":{"total":3,"covered":0,"skipped":0,"pct":0},"statements":{"total":5,"covered":0,"skipped":0,"pct":0},"branches":{"total":2,"covered":0,"skipped":0,"pct":0}}
,"/Users/milan/Assembl/assembl/assembl/static2/js/app/components/search/SortingSelector.jsx": {"lines":{"total":9,"covered":0,"skipped":0,"pct":0},"functions":{"total":3,"covered":0,"skipped":0,"pct":0},"statements":{"total":9,"covered":0,"skipped":0,"pct":0},"branches":{"total":2,"covered":0,"skipped":0,"pct":0}}
,"/Users/milan/Assembl/assembl/assembl/static2/js/app/components/search/UserMessagesTagFilter.jsx": {"lines":{"total":18,"covered":12,"skipped":0,"pct":66.67},"functions":{"total":2,"covered":2,"skipped":0,"pct":100},"statements":{"total":18,"covered":12,"skipped":0,"pct":66.67},"branches":{"total":6,"covered":3,"skipped":0,"pct":50}}
,"/Users/milan/Assembl/assembl/assembl/static2/js/app/components/svg/circle.jsx": {"lines":{"total":2,"covered":2,"skipped":0,"pct":100},"functions":{"total":1,"covered":1,"skipped":0,"pct":100},"statements":{"total":2,"covered":2,"skipped":0,"pct":100},"branches":{"total":0,"covered":0,"skipped":0,"pct":100}}
,"/Users/milan/Assembl/assembl/assembl/static2/js/app/components/svg/disagree.jsx": {"lines":{"total":2,"covered":0,"skipped":0,"pct":0},"functions":{"total":1,"covered":0,"skipped":0,"pct":0},"statements":{"total":2,"covered":0,"skipped":0,"pct":0},"branches":{"total":0,"covered":0,"skipped":0,"pct":100}}
,"/Users/milan/Assembl/assembl/assembl/static2/js/app/components/svg/dontUnderstand.jsx": {"lines":{"total":2,"covered":0,"skipped":0,"pct":0},"functions":{"total":1,"covered":0,"skipped":0,"pct":0},"statements":{"total":2,"covered":0,"skipped":0,"pct":0},"branches":{"total":0,"covered":0,"skipped":0,"pct":100}}
,"/Users/milan/Assembl/assembl/assembl/static2/js/app/components/svg/doughnut.jsx": {"lines":{"total":39,"covered":8,"skipped":0,"pct":20.51},"functions":{"total":10,"covered":0,"skipped":0,"pct":0},"statements":{"total":46,"covered":8,"skipped":0,"pct":17.39},"branches":{"total":30,"covered":0,"skipped":0,"pct":0}}
,"/Users/milan/Assembl/assembl/assembl/static2/js/app/components/svg/ellipsis.jsx": {"lines":{"total":1,"covered":1,"skipped":0,"pct":100},"functions":{"total":1,"covered":1,"skipped":0,"pct":100},"statements":{"total":1,"covered":1,"skipped":0,"pct":100},"branches":{"total":0,"covered":0,"skipped":0,"pct":100}}
,"/Users/milan/Assembl/assembl/assembl/static2/js/app/components/svg/like.jsx": {"lines":{"total":2,"covered":0,"skipped":0,"pct":0},"functions":{"total":1,"covered":0,"skipped":0,"pct":0},"statements":{"total":2,"covered":0,"skipped":0,"pct":0},"branches":{"total":0,"covered":0,"skipped":0,"pct":100}}
,"/Users/milan/Assembl/assembl/assembl/static2/js/app/components/svg/moreInfo.jsx": {"lines":{"total":2,"covered":0,"skipped":0,"pct":0},"functions":{"total":1,"covered":0,"skipped":0,"pct":0},"statements":{"total":2,"covered":0,"skipped":0,"pct":0},"branches":{"total":0,"covered":0,"skipped":0,"pct":100}}
,"/Users/milan/Assembl/assembl/assembl/static2/js/app/components/svg/pointer.jsx": {"lines":{"total":6,"covered":6,"skipped":0,"pct":100},"functions":{"total":1,"covered":1,"skipped":0,"pct":100},"statements":{"total":6,"covered":6,"skipped":0,"pct":100},"branches":{"total":6,"covered":3,"skipped":0,"pct":50}}
,"/Users/milan/Assembl/assembl/assembl/static2/js/app/components/svg/sentimentsGauge.jsx": {"lines":{"total":8,"covered":0,"skipped":0,"pct":0},"functions":{"total":2,"covered":0,"skipped":0,"pct":0},"statements":{"total":8,"covered":0,"skipped":0,"pct":0},"branches":{"total":2,"covered":0,"skipped":0,"pct":0}}
,"/Users/milan/Assembl/assembl/assembl/static2/js/app/components/svg/taxonomy/blackFlag.jsx": {"lines":{"total":2,"covered":1,"skipped":0,"pct":50},"functions":{"total":1,"covered":0,"skipped":0,"pct":0},"statements":{"total":2,"covered":1,"skipped":0,"pct":50},"branches":{"total":0,"covered":0,"skipped":0,"pct":100}}
,"/Users/milan/Assembl/assembl/assembl/static2/js/app/components/svg/taxonomy/blueFlag.jsx": {"lines":{"total":2,"covered":1,"skipped":0,"pct":50},"functions":{"total":1,"covered":0,"skipped":0,"pct":0},"statements":{"total":2,"covered":1,"skipped":0,"pct":50},"branches":{"total":0,"covered":0,"skipped":0,"pct":100}}
,"/Users/milan/Assembl/assembl/assembl/static2/js/app/components/svg/taxonomy/classify.jsx": {"lines":{"total":3,"covered":2,"skipped":0,"pct":66.67},"functions":{"total":1,"covered":0,"skipped":0,"pct":0},"statements":{"total":3,"covered":2,"skipped":0,"pct":66.67},"branches":{"total":0,"covered":0,"skipped":0,"pct":100}}
,"/Users/milan/Assembl/assembl/assembl/static2/js/app/components/svg/taxonomy/displayDesignFiction.jsx": {"lines":{"total":3,"covered":2,"skipped":0,"pct":66.67},"functions":{"total":1,"covered":0,"skipped":0,"pct":0},"statements":{"total":3,"covered":2,"skipped":0,"pct":66.67},"branches":{"total":0,"covered":0,"skipped":0,"pct":100}}
,"/Users/milan/Assembl/assembl/assembl/static2/js/app/components/svg/taxonomy/displayMultiColumn.jsx": {"lines":{"total":3,"covered":2,"skipped":0,"pct":66.67},"functions":{"total":1,"covered":0,"skipped":0,"pct":0},"statements":{"total":3,"covered":2,"skipped":0,"pct":66.67},"branches":{"total":0,"covered":0,"skipped":0,"pct":100}}
,"/Users/milan/Assembl/assembl/assembl/static2/js/app/components/svg/taxonomy/displayOpenQuestions.jsx": {"lines":{"total":3,"covered":2,"skipped":0,"pct":66.67},"functions":{"total":1,"covered":0,"skipped":0,"pct":0},"statements":{"total":3,"covered":2,"skipped":0,"pct":66.67},"branches":{"total":0,"covered":0,"skipped":0,"pct":100}}
,"/Users/milan/Assembl/assembl/assembl/static2/js/app/components/svg/taxonomy/displayThread.jsx": {"lines":{"total":3,"covered":2,"skipped":0,"pct":66.67},"functions":{"total":1,"covered":0,"skipped":0,"pct":0},"statements":{"total":3,"covered":2,"skipped":0,"pct":66.67},"branches":{"total":0,"covered":0,"skipped":0,"pct":100}}
,"/Users/milan/Assembl/assembl/assembl/static2/js/app/components/svg/taxonomy/displayTokens.jsx": {"lines":{"total":3,"covered":2,"skipped":0,"pct":66.67},"functions":{"total":1,"covered":0,"skipped":0,"pct":0},"statements":{"total":3,"covered":2,"skipped":0,"pct":66.67},"branches":{"total":0,"covered":0,"skipped":0,"pct":100}}
,"/Users/milan/Assembl/assembl/assembl/static2/js/app/components/svg/taxonomy/example.jsx": {"lines":{"total":3,"covered":2,"skipped":0,"pct":66.67},"functions":{"total":1,"covered":0,"skipped":0,"pct":0},"statements":{"total":3,"covered":2,"skipped":0,"pct":66.67},"branches":{"total":0,"covered":0,"skipped":0,"pct":100}}
,"/Users/milan/Assembl/assembl/assembl/static2/js/app/components/svg/taxonomy/greenFlag.jsx": {"lines":{"total":2,"covered":1,"skipped":0,"pct":50},"functions":{"total":1,"covered":0,"skipped":0,"pct":0},"statements":{"total":2,"covered":1,"skipped":0,"pct":50},"branches":{"total":0,"covered":0,"skipped":0,"pct":100}}
,"/Users/milan/Assembl/assembl/assembl/static2/js/app/components/svg/taxonomy/makeGeneric.jsx": {"lines":{"total":3,"covered":2,"skipped":0,"pct":66.67},"functions":{"total":1,"covered":0,"skipped":0,"pct":0},"statements":{"total":3,"covered":2,"skipped":0,"pct":66.67},"branches":{"total":0,"covered":0,"skipped":0,"pct":100}}
,"/Users/milan/Assembl/assembl/assembl/static2/js/app/components/svg/taxonomy/mixMatch.jsx": {"lines":{"total":3,"covered":2,"skipped":0,"pct":66.67},"functions":{"total":1,"covered":0,"skipped":0,"pct":0},"statements":{"total":3,"covered":2,"skipped":0,"pct":66.67},"branches":{"total":0,"covered":0,"skipped":0,"pct":100}}
,"/Users/milan/Assembl/assembl/assembl/static2/js/app/components/svg/taxonomy/moreSpecific.jsx": {"lines":{"total":3,"covered":2,"skipped":0,"pct":66.67},"functions":{"total":1,"covered":0,"skipped":0,"pct":0},"statements":{"total":3,"covered":2,"skipped":0,"pct":66.67},"branches":{"total":0,"covered":0,"skipped":0,"pct":100}}
,"/Users/milan/Assembl/assembl/assembl/static2/js/app/components/svg/taxonomy/orangeFlag.jsx": {"lines":{"total":2,"covered":1,"skipped":0,"pct":50},"functions":{"total":1,"covered":0,"skipped":0,"pct":0},"statements":{"total":2,"covered":1,"skipped":0,"pct":50},"branches":{"total":0,"covered":0,"skipped":0,"pct":100}}
,"/Users/milan/Assembl/assembl/assembl/static2/js/app/components/svg/taxonomy/purpleFlag.jsx": {"lines":{"total":2,"covered":1,"skipped":0,"pct":50},"functions":{"total":1,"covered":0,"skipped":0,"pct":0},"statements":{"total":2,"covered":1,"skipped":0,"pct":50},"branches":{"total":0,"covered":0,"skipped":0,"pct":100}}
,"/Users/milan/Assembl/assembl/assembl/static2/js/app/components/svg/taxonomy/redFlag.jsx": {"lines":{"total":2,"covered":1,"skipped":0,"pct":50},"functions":{"total":1,"covered":0,"skipped":0,"pct":0},"statements":{"total":2,"covered":1,"skipped":0,"pct":50},"branches":{"total":0,"covered":0,"skipped":0,"pct":100}}
,"/Users/milan/Assembl/assembl/assembl/static2/js/app/components/svg/taxonomy/toArgument.jsx": {"lines":{"total":3,"covered":2,"skipped":0,"pct":66.67},"functions":{"total":1,"covered":0,"skipped":0,"pct":0},"statements":{"total":3,"covered":2,"skipped":0,"pct":66.67},"branches":{"total":0,"covered":0,"skipped":0,"pct":100}}
,"/Users/milan/Assembl/assembl/assembl/static2/js/app/components/svg/taxonomy/yellowFlag.jsx": {"lines":{"total":2,"covered":1,"skipped":0,"pct":50},"functions":{"total":1,"covered":0,"skipped":0,"pct":0},"statements":{"total":2,"covered":1,"skipped":0,"pct":50},"branches":{"total":0,"covered":0,"skipped":0,"pct":100}}
,"/Users/milan/Assembl/assembl/assembl/static2/js/app/components/synthesis/IdeaSynthesis.jsx": {"lines":{"total":23,"covered":5,"skipped":0,"pct":21.74},"functions":{"total":5,"covered":0,"skipped":0,"pct":0},"statements":{"total":23,"covered":5,"skipped":0,"pct":21.74},"branches":{"total":18,"covered":0,"skipped":0,"pct":0}}
,"/Users/milan/Assembl/assembl/assembl/static2/js/app/components/synthesis/IdeaSynthesisTree.jsx": {"lines":{"total":25,"covered":0,"skipped":0,"pct":0},"functions":{"total":8,"covered":0,"skipped":0,"pct":0},"statements":{"total":25,"covered":0,"skipped":0,"pct":0},"branches":{"total":10,"covered":0,"skipped":0,"pct":0}}
,"/Users/milan/Assembl/assembl/assembl/static2/js/app/components/synthesis/sideMenu.jsx": {"lines":{"total":6,"covered":6,"skipped":0,"pct":100},"functions":{"total":2,"covered":2,"skipped":0,"pct":100},"statements":{"total":6,"covered":6,"skipped":0,"pct":100},"branches":{"total":2,"covered":1,"skipped":0,"pct":50}}
,"/Users/milan/Assembl/assembl/assembl/static2/js/app/components/synthesis/sideMenuTree.jsx": {"lines":{"total":27,"covered":25,"skipped":0,"pct":92.59},"functions":{"total":8,"covered":6,"skipped":0,"pct":75},"statements":{"total":28,"covered":26,"skipped":0,"pct":92.86},"branches":{"total":15,"covered":13,"skipped":0,"pct":86.67}}
,"/Users/milan/Assembl/assembl/assembl/static2/js/app/components/voteSession/availableTokens.jsx": {"lines":{"total":24,"covered":17,"skipped":0,"pct":70.83},"functions":{"total":5,"covered":5,"skipped":0,"pct":100},"statements":{"total":24,"covered":17,"skipped":0,"pct":70.83},"branches":{"total":38,"covered":26,"skipped":0,"pct":68.42}}
,"/Users/milan/Assembl/assembl/assembl/static2/js/app/components/voteSession/gaugeVoteForProposal.jsx": {"lines":{"total":55,"covered":25,"skipped":0,"pct":45.45},"functions":{"total":8,"covered":3,"skipped":0,"pct":37.5},"statements":{"total":55,"covered":25,"skipped":0,"pct":45.45},"branches":{"total":37,"covered":8,"skipped":0,"pct":21.62}}
,"/Users/milan/Assembl/assembl/assembl/static2/js/app/components/voteSession/gaugeVotesResults.jsx": {"lines":{"total":2,"covered":1,"skipped":0,"pct":50},"functions":{"total":1,"covered":0,"skipped":0,"pct":0},"statements":{"total":2,"covered":1,"skipped":0,"pct":50},"branches":{"total":2,"covered":0,"skipped":0,"pct":0}}
,"/Users/milan/Assembl/assembl/assembl/static2/js/app/components/voteSession/participantsCount.jsx": {"lines":{"total":2,"covered":2,"skipped":0,"pct":100},"functions":{"total":1,"covered":1,"skipped":0,"pct":100},"statements":{"total":2,"covered":2,"skipped":0,"pct":100},"branches":{"total":0,"covered":0,"skipped":0,"pct":100}}
,"/Users/milan/Assembl/assembl/assembl/static2/js/app/components/voteSession/proposal.jsx": {"lines":{"total":8,"covered":6,"skipped":0,"pct":75},"functions":{"total":5,"covered":3,"skipped":0,"pct":60},"statements":{"total":8,"covered":6,"skipped":0,"pct":75},"branches":{"total":14,"covered":12,"skipped":0,"pct":85.71}}
,"/Users/milan/Assembl/assembl/assembl/static2/js/app/components/voteSession/proposalResults.jsx": {"lines":{"total":6,"covered":0,"skipped":0,"pct":0},"functions":{"total":3,"covered":0,"skipped":0,"pct":0},"statements":{"total":6,"covered":0,"skipped":0,"pct":0},"branches":{"total":11,"covered":0,"skipped":0,"pct":0}}
,"/Users/milan/Assembl/assembl/assembl/static2/js/app/components/voteSession/proposals.jsx": {"lines":{"total":3,"covered":3,"skipped":0,"pct":100},"functions":{"total":2,"covered":2,"skipped":0,"pct":100},"statements":{"total":3,"covered":3,"skipped":0,"pct":100},"branches":{"total":0,"covered":0,"skipped":0,"pct":100}}
,"/Users/milan/Assembl/assembl/assembl/static2/js/app/components/voteSession/proposalsResults.jsx": {"lines":{"total":3,"covered":1,"skipped":0,"pct":33.33},"functions":{"total":2,"covered":0,"skipped":0,"pct":0},"statements":{"total":3,"covered":1,"skipped":0,"pct":33.33},"branches":{"total":0,"covered":0,"skipped":0,"pct":100}}
,"/Users/milan/Assembl/assembl/assembl/static2/js/app/components/voteSession/tokenVoteForProposal.jsx": {"lines":{"total":18,"covered":15,"skipped":0,"pct":83.33},"functions":{"total":6,"covered":4,"skipped":0,"pct":66.67},"statements":{"total":19,"covered":16,"skipped":0,"pct":84.21},"branches":{"total":14,"covered":13,"skipped":0,"pct":92.86}}
,"/Users/milan/Assembl/assembl/assembl/static2/js/app/components/voteSession/tokenVotesResults.jsx": {"lines":{"total":13,"covered":2,"skipped":0,"pct":15.38},"functions":{"total":5,"covered":0,"skipped":0,"pct":0},"statements":{"total":13,"covered":2,"skipped":0,"pct":15.38},"branches":{"total":6,"covered":0,"skipped":0,"pct":0}}
,"/Users/milan/Assembl/assembl/assembl/static2/js/app/components/voteSession/votesInProgress.jsx": {"lines":{"total":31,"covered":3,"skipped":0,"pct":9.68},"functions":{"total":5,"covered":0,"skipped":0,"pct":0},"statements":{"total":31,"covered":3,"skipped":0,"pct":9.68},"branches":{"total":28,"covered":0,"skipped":0,"pct":0}}
,"/Users/milan/Assembl/assembl/assembl/static2/js/app/graphql/AllIdeasQuery.graphql": {"lines":{"total":11,"covered":4,"skipped":0,"pct":36.36},"functions":{"total":2,"covered":0,"skipped":0,"pct":0},"statements":{"total":12,"covered":4,"skipped":0,"pct":33.33},"branches":{"total":4,"covered":0,"skipped":0,"pct":0}}
,"/Users/milan/Assembl/assembl/assembl/static2/js/app/graphql/BrightMirrorFictionQuery.graphql": {"lines":{"total":12,"covered":11,"skipped":0,"pct":91.67},"functions":{"total":2,"covered":2,"skipped":0,"pct":100},"statements":{"total":13,"covered":11,"skipped":0,"pct":84.62},"branches":{"total":4,"covered":2,"skipped":0,"pct":50}}
,"/Users/milan/Assembl/assembl/assembl/static2/js/app/graphql/DebateThematicsQuery.graphql": {"lines":{"total":11,"covered":4,"skipped":0,"pct":36.36},"functions":{"total":2,"covered":0,"skipped":0,"pct":0},"statements":{"total":12,"covered":4,"skipped":0,"pct":33.33},"branches":{"total":4,"covered":0,"skipped":0,"pct":0}}
,"/Users/milan/Assembl/assembl/assembl/static2/js/app/graphql/DiscussionPreferenceLanguage.graphql": {"lines":{"total":11,"covered":4,"skipped":0,"pct":36.36},"functions":{"total":2,"covered":0,"skipped":0,"pct":0},"statements":{"total":12,"covered":4,"skipped":0,"pct":33.33},"branches":{"total":4,"covered":0,"skipped":0,"pct":0}}
[...]
,"/Users/milan/Assembl/assembl/assembl/static2/js/app/stories/components/debate/brightMirror/fictionsList.stories.jsx": {"lines":{"total":2,"covered":2,"skipped":0,"pct":100},"functions":{"total":1,"covered":0,"skipped":0,"pct":0},"statements":{"total":3,"covered":2,"skipped":0,"pct":66.67},"branches":{"total":0,"covered":0,"skipped":0,"pct":100}}
,"/Users/milan/Assembl/assembl/assembl/static2/js/app/stories/components/debate/brightMirror/instructionsText.stories.jsx": {"lines":{"total":4,"covered":4,"skipped":0,"pct":100},"functions":{"total":2,"covered":2,"skipped":0,"pct":100},"statements":{"total":4,"covered":4,"skipped":0,"pct":100},"branches":{"total":0,"covered":0,"skipped":0,"pct":100}}
,"/Users/milan/Assembl/assembl/assembl/static2/js/app/stories/components/debate/common/replyToCommentButton.stories.jsx": {"lines":{"total":3,"covered":3,"skipped":0,"pct":100},"functions":{"total":1,"covered":1,"skipped":0,"pct":100},"statements":{"total":3,"covered":3,"skipped":0,"pct":100},"branches":{"total":0,"covered":0,"skipped":0,"pct":100}}
,"/Users/milan/Assembl/assembl/assembl/static2/js/app/stories/components/debate/common/toggleCommentButton.stories.jsx": {"lines":{"total":5,"covered":5,"skipped":0,"pct":100},"functions":{"total":2,"covered":2,"skipped":0,"pct":100},"statements":{"total":5,"covered":5,"skipped":0,"pct":100},"branches":{"total":0,"covered":0,"skipped":0,"pct":100}}
,"/Users/milan/Assembl/assembl/assembl/static2/js/app/utils/cardList.js": {"lines":{"total":9,"covered":8,"skipped":0,"pct":88.89},"functions":{"total":1,"covered":1,"skipped":0,"pct":100},"statements":{"total":9,"covered":8,"skipped":0,"pct":88.89},"branches":{"total":4,"covered":3,"skipped":0,"pct":75}}
,"/Users/milan/Assembl/assembl/assembl/static2/js/app/utils/deepen.js": {"lines":{"total":10,"covered":10,"skipped":0,"pct":100},"functions":{"total":2,"covered":2,"skipped":0,"pct":100},"statements":{"total":10,"covered":10,"skipped":0,"pct":100},"branches":{"total":2,"covered":2,"skipped":0,"pct":100}}
,"/Users/milan/Assembl/assembl/assembl/static2/js/app/utils/draftjs.js": {"lines":{"total":60,"covered":54,"skipped":0,"pct":90},"functions":{"total":23,"covered":22,"skipped":0,"pct":95.65},"statements":{"total":66,"covered":60,"skipped":0,"pct":90.91},"branches":{"total":35,"covered":25,"skipped":0,"pct":71.43}}
,"/Users/milan/Assembl/assembl/assembl/static2/js/app/utils/extractQualifier.jsx": {"lines":{"total":26,"covered":4,"skipped":0,"pct":15.38},"functions":{"total":2,"covered":0,"skipped":0,"pct":0},"statements":{"total":26,"covered":4,"skipped":0,"pct":15.38},"branches":{"total":20,"covered":0,"skipped":0,"pct":0}}
,"/Users/milan/Assembl/assembl/assembl/static2/js/app/utils/globalFunctions.js": {"lines":{"total":150,"covered":101,"skipped":0,"pct":67.33},"functions":{"total":52,"covered":37,"skipped":0,"pct":71.15},"statements":{"total":164,"covered":107,"skipped":0,"pct":65.24},"branches":{"total":83,"covered":30,"skipped":0,"pct":36.14}}
,"/Users/milan/Assembl/assembl/assembl/static2/js/app/utils/hashLinkScroll.js": {"lines":{"total":23,"covered":2,"skipped":0,"pct":8.7},"functions":{"total":5,"covered":0,"skipped":0,"pct":0},"statements":{"total":23,"covered":2,"skipped":0,"pct":8.7},"branches":{"total":11,"covered":0,"skipped":0,"pct":0}}
,"/Users/milan/Assembl/assembl/assembl/static2/js/app/utils/httpRequestHandler.js": {"lines":{"total":40,"covered":4,"skipped":0,"pct":10},"functions":{"total":11,"covered":0,"skipped":0,"pct":0},"statements":{"total":41,"covered":4,"skipped":0,"pct":9.76},"branches":{"total":18,"covered":0,"skipped":0,"pct":0}}
,"/Users/milan/Assembl/assembl/assembl/static2/js/app/utils/i18n.js": {"lines":{"total":48,"covered":38,"skipped":0,"pct":79.17},"functions":{"total":11,"covered":8,"skipped":0,"pct":72.73},"statements":{"total":54,"covered":43,"skipped":0,"pct":79.63},"branches":{"total":16,"covered":10,"skipped":0,"pct":62.5}}
,"/Users/milan/Assembl/assembl/assembl/static2/js/app/utils/linkify.js": {"lines":{"total":14,"covered":12,"skipped":0,"pct":85.71},"functions":{"total":6,"covered":4,"skipped":0,"pct":66.67},"statements":{"total":15,"covered":12,"skipped":0,"pct":80},"branches":{"total":2,"covered":2,"skipped":0,"pct":100}}
,"/Users/milan/Assembl/assembl/assembl/static2/js/app/utils/literalStringParser.js": {"lines":{"total":4,"covered":4,"skipped":0,"pct":100},"functions":{"total":4,"covered":4,"skipped":0,"pct":100},"statements":{"total":5,"covered":5,"skipped":0,"pct":100},"branches":{"total":3,"covered":3,"skipped":0,"pct":100}}
,"/Users/milan/Assembl/assembl/assembl/static2/js/app/utils/permissions.js": {"lines":{"total":11,"covered":9,"skipped":0,"pct":81.82},"functions":{"total":3,"covered":2,"skipped":0,"pct":66.67},"statements":{"total":11,"covered":9,"skipped":0,"pct":81.82},"branches":{"total":0,"covered":0,"skipped":0,"pct":100}}
,"/Users/milan/Assembl/assembl/assembl/static2/js/app/utils/routeMap.js": {"lines":{"total":35,"covered":20,"skipped":0,"pct":57.14},"functions":{"total":9,"covered":2,"skipped":0,"pct":22.22},"statements":{"total":39,"covered":22,"skipped":0,"pct":56.41},"branches":{"total":20,"covered":8,"skipped":0,"pct":40}}
,"/Users/milan/Assembl/assembl/assembl/static2/js/app/utils/section.js": {"lines":{"total":20,"covered":18,"skipped":0,"pct":90},"functions":{"total":6,"covered":3,"skipped":0,"pct":50},"statements":{"total":23,"covered":19,"skipped":0,"pct":82.61},"branches":{"total":4,"covered":2,"skipped":0,"pct":50}}
,"/Users/milan/Assembl/assembl/assembl/static2/js/app/utils/timeline.js": {"lines":{"total":132,"covered":63,"skipped":0,"pct":47.73},"functions":{"total":26,"covered":15,"skipped":0,"pct":57.69},"statements":{"total":142,"covered":70,"skipped":0,"pct":49.3},"branches":{"total":66,"covered":25,"skipped":0,"pct":37.88}}
,"/Users/milan/Assembl/assembl/assembl/static2/js/app/utils/translations.js": {"lines":{"total":2,"covered":2,"skipped":0,"pct":100},"functions":{"total":0,"covered":0,"skipped":0,"pct":100},"statements":{"total":2,"covered":2,"skipped":0,"pct":100},"branches":{"total":0,"covered":0,"skipped":0,"pct":100}}
,"/Users/milan/Assembl/assembl/assembl/static2/js/app/utils/tree.js": {"lines":{"total":42,"covered":40,"skipped":0,"pct":95.24},"functions":{"total":22,"covered":22,"skipped":0,"pct":100},"statements":{"total":62,"covered":58,"skipped":0,"pct":93.55},"branches":{"total":33,"covered":25,"skipped":0,"pct":75.76}}
,"/Users/milan/Assembl/assembl/assembl/static2/js/app/utils/urlPreview.jsx": {"lines":{"total":76,"covered":21,"skipped":0,"pct":27.63},"functions":{"total":22,"covered":5,"skipped":0,"pct":22.73},"statements":{"total":83,"covered":22,"skipped":0,"pct":26.51},"branches":{"total":50,"covered":6,"skipped":0,"pct":12}}
,"/Users/milan/Assembl/assembl/assembl/static2/js/app/utils/utilityManager.jsx": {"lines":{"total":45,"covered":12,"skipped":0,"pct":26.67},"functions":{"total":14,"covered":0,"skipped":0,"pct":0},"statements":{"total":47,"covered":12,"skipped":0,"pct":25.53},"branches":{"total":23,"covered":0,"skipped":0,"pct":0}}
,"/Users/milan/Assembl/assembl/assembl/static2/js/app/utils/administration/menu.jsx": {"lines":{"total":5,"covered":5,"skipped":0,"pct":100},"functions":{"total":2,"covered":2,"skipped":0,"pct":100},"statements":{"total":7,"covered":6,"skipped":0,"pct":85.71},"branches":{"total":10,"covered":8,"skipped":0,"pct":80}}
,"/Users/milan/Assembl/assembl/assembl/static2/scripts/translations2messages.js": {"lines":{"total":15,"covered":15,"skipped":0,"pct":100},"functions":{"total":3,"covered":3,"skipped":0,"pct":100},"statements":{"total":16,"covered":16,"skipped":0,"pct":100},"branches":{"total":6,"covered":5,"skipped":0,"pct":83.33}}
,"/Users/milan/Assembl/assembl/assembl/static2/tests/setupTests.js": {"lines":{"total":1,"covered":1,"skipped":0,"pct":100},"functions":{"total":0,"covered":0,"skipped":0,"pct":100},"statements":{"total":1,"covered":1,"skipped":0,"pct":100},"branches":{"total":0,"covered":0,"skipped":0,"pct":100}}
,"/Users/milan/Assembl/assembl/assembl/static2/tests/helpers/draftjs.js": {"lines":{"total":1,"covered":1,"skipped":0,"pct":100},"functions":{"total":1,"covered":1,"skipped":0,"pct":100},"statements":{"total":1,"covered":1,"skipped":0,"pct":100},"branches":{"total":0,"covered":0,"skipped":0,"pct":100}}
,"/Users/milan/Assembl/assembl/assembl/static2/tests/helpers/setupTranslations.js": {"lines":{"total":7,"covered":6,"skipped":0,"pct":85.71},"functions":{"total":1,"covered":1,"skipped":0,"pct":100},"statements":{"total":7,"covered":6,"skipped":0,"pct":85.71},"branches":{"total":0,"covered":0,"skipped":0,"pct":100}}
,"/Users/milan/Assembl/assembl/assembl/static2/tests/unit/components/administration/landingPage/fakeData.js": {"lines":{"total":7,"covered":7,"skipped":0,"pct":100},"functions":{"total":0,"covered":0,"skipped":0,"pct":100},"statements":{"total":7,"covered":7,"skipped":0,"pct":100},"branches":{"total":0,"covered":0,"skipped":0,"pct":100}}
,"/Users/milan/Assembl/assembl/assembl/static2/tests/unit/components/administration/voteSession/fakeData.js": {"lines":{"total":6,"covered":6,"skipped":0,"pct":100},"functions":{"total":0,"covered":0,"skipped":0,"pct":100},"statements":{"total":6,"covered":6,"skipped":0,"pct":100},"branches":{"total":0,"covered":0,"skipped":0,"pct":100}}
,"/Users/milan/Assembl/assembl/assembl/static2/tests/unit/components/form/dummyForm.jsx": {"lines":{"total":4,"covered":4,"skipped":0,"pct":100},"functions":{"total":2,"covered":2,"skipped":0,"pct":100},"statements":{"total":4,"covered":4,"skipped":0,"pct":100},"branches":{"total":0,"covered":0,"skipped":0,"pct":100}}
,"/Users/milan/Assembl/assembl/assembl/static2/tests/unit/components/harvesting/fakeData.js": {"lines":{"total":3,"covered":3,"skipped":0,"pct":100},"functions":{"total":0,"covered":0,"skipped":0,"pct":100},"statements":{"total":3,"covered":3,"skipped":0,"pct":100},"branches":{"total":0,"covered":0,"skipped":0,"pct":100}}
,"/Users/milan/Assembl/assembl/assembl/static2/tests/unit/components/voteSession/fakeData.js": {"lines":{"total":8,"covered":8,"skipped":0,"pct":100},"functions":{"total":0,"covered":0,"skipped":0,"pct":100},"statements":{"total":8,"covered":8,"skipped":0,"pct":100},"branches":{"total":0,"covered":0,"skipped":0,"pct":100}}
,"/Users/milan/Assembl/assembl/assembl/static2/workspaces/assembl-editor-utils/src/blocks.js": {"lines":{"total":5,"covered":5,"skipped":0,"pct":100},"functions":{"total":2,"covered":2,"skipped":0,"pct":100},"statements":{"total":5,"covered":5,"skipped":0,"pct":100},"branches":{"total":0,"covered":0,"skipped":0,"pct":100}}
,"/Users/milan/Assembl/assembl/assembl/static2/workspaces/assembl-editor-utils/src/constants.js": {"lines":{"total":2,"covered":2,"skipped":0,"pct":100},"functions":{"total":0,"covered":0,"skipped":0,"pct":100},"statements":{"total":2,"covered":2,"skipped":0,"pct":100},"branches":{"total":0,"covered":0,"skipped":0,"pct":100}}
,"/Users/milan/Assembl/assembl/assembl/static2/workspaces/assembl-editor-utils/src/entities.js": {"lines":{"total":7,"covered":7,"skipped":0,"pct":100},"functions":{"total":3,"covered":3,"skipped":0,"pct":100},"statements":{"total":7,"covered":7,"skipped":0,"pct":100},"branches":{"total":2,"covered":2,"skipped":0,"pct":100}}
,"/Users/milan/Assembl/assembl/assembl/static2/workspaces/assembl-editor-utils/src/index.js": {"lines":{"total":23,"covered":21,"skipped":0,"pct":91.3},"functions":{"total":2,"covered":2,"skipped":0,"pct":100},"statements":{"total":23,"covered":21,"skipped":0,"pct":91.3},"branches":{"total":8,"covered":5,"skipped":0,"pct":62.5}}
,"/Users/milan/Assembl/assembl/assembl/static2/workspaces/assembl-editor-utils/src/selection.js": {"lines":{"total":1,"covered":1,"skipped":0,"pct":100},"functions":{"total":1,"covered":1,"skipped":0,"pct":100},"statements":{"total":1,"covered":1,"skipped":0,"pct":100},"branches":{"total":0,"covered":0,"skipped":0,"pct":100}}
,"/Users/milan/Assembl/assembl/assembl/static2/workspaces/draft-js-attachment-plugin/src/index.js": {"lines":{"total":14,"covered":14,"skipped":0,"pct":100},"functions":{"total":3,"covered":3,"skipped":0,"pct":100},"statements":{"total":14,"covered":14,"skipped":0,"pct":100},"branches":{"total":4,"covered":3,"skipped":0,"pct":75}}
,"/Users/milan/Assembl/assembl/assembl/static2/workspaces/draft-js-attachment-plugin/src/components/AddAttachmentForm.jsx": {"lines":{"total":6,"covered":1,"skipped":0,"pct":16.67},"functions":{"total":3,"covered":0,"skipped":0,"pct":0},"statements":{"total":6,"covered":1,"skipped":0,"pct":16.67},"branches":{"total":0,"covered":0,"skipped":0,"pct":100}}
,"/Users/milan/Assembl/assembl/assembl/static2/workspaces/draft-js-attachment-plugin/src/components/AttachmentButton.jsx": {"lines":{"total":14,"covered":14,"skipped":0,"pct":100},"functions":{"total":4,"covered":4,"skipped":0,"pct":100},"statements":{"total":14,"covered":14,"skipped":0,"pct":100},"branches":{"total":5,"covered":5,"skipped":0,"pct":100}}
,"/Users/milan/Assembl/assembl/assembl/static2/workspaces/draft-js-attachment-plugin/src/components/Attachments.jsx": {"lines":{"total":10,"covered":9,"skipped":0,"pct":90},"functions":{"total":3,"covered":3,"skipped":0,"pct":100},"statements":{"total":10,"covered":9,"skipped":0,"pct":90},"branches":{"total":10,"covered":8,"skipped":0,"pct":80}}
,"/Users/milan/Assembl/assembl/assembl/static2/workspaces/draft-js-attachment-plugin/src/components/DocumentIcon.jsx": {"lines":{"total":10,"covered":9,"skipped":0,"pct":90},"functions":{"total":1,"covered":1,"skipped":0,"pct":100},"statements":{"total":10,"covered":9,"skipped":0,"pct":90},"branches":{"total":2,"covered":1,"skipped":0,"pct":50}}
,"/Users/milan/Assembl/assembl/assembl/static2/workspaces/draft-js-attachment-plugin/src/components/Image.jsx": {"lines":{"total":18,"covered":18,"skipped":0,"pct":100},"functions":{"total":4,"covered":4,"skipped":0,"pct":100},"statements":{"total":18,"covered":18,"skipped":0,"pct":100},"branches":{"total":12,"covered":9,"skipped":0,"pct":75}}
,"/Users/milan/Assembl/assembl/assembl/static2/workspaces/draft-js-attachment-plugin/src/converters/entityToHTML.js": {"lines":{"total":9,"covered":9,"skipped":0,"pct":100},"functions":{"total":1,"covered":1,"skipped":0,"pct":100},"statements":{"total":9,"covered":9,"skipped":0,"pct":100},"branches":{"total":8,"covered":5,"skipped":0,"pct":62.5}}
,"/Users/milan/Assembl/assembl/assembl/static2/workspaces/draft-js-attachment-plugin/src/converters/htmlToEntity.js": {"lines":{"total":15,"covered":14,"skipped":0,"pct":93.33},"functions":{"total":2,"covered":2,"skipped":0,"pct":100},"statements":{"total":16,"covered":15,"skipped":0,"pct":93.75},"branches":{"total":35,"covered":29,"skipped":0,"pct":82.86}}
,"/Users/milan/Assembl/assembl/assembl/static2/workspaces/draft-js-attachment-plugin/src/converters/index.js": {"lines":{"total":0,"covered":0,"skipped":0,"pct":100},"functions":{"total":0,"covered":0,"skipped":0,"pct":100},"statements":{"total":0,"covered":0,"skipped":0,"pct":100},"branches":{"total":0,"covered":0,"skipped":0,"pct":100}}
,"/Users/milan/Assembl/assembl/assembl/static2/workspaces/draft-js-attachment-plugin/src/modifiers/addAttachment.js": {"lines":{"total":9,"covered":9,"skipped":0,"pct":100},"functions":{"total":1,"covered":1,"skipped":0,"pct":100},"statements":{"total":9,"covered":9,"skipped":0,"pct":100},"branches":{"total":2,"covered":2,"skipped":0,"pct":100}}
,"/Users/milan/Assembl/assembl/assembl/static2/workspaces/draft-js-attachment-plugin/src/modifiers/removeAttachment.js": {"lines":{"total":8,"covered":8,"skipped":0,"pct":100},"functions":{"total":1,"covered":1,"skipped":0,"pct":100},"statements":{"total":8,"covered":8,"skipped":0,"pct":100},"branches":{"total":5,"covered":4,"skipped":0,"pct":80}}
,"/Users/milan/Assembl/assembl/assembl/static2/workspaces/draft-js-attachment-plugin/src/utils/getAttachments.js": {"lines":{"total":9,"covered":9,"skipped":0,"pct":100},"functions":{"total":3,"covered":3,"skipped":0,"pct":100},"statements":{"total":9,"covered":9,"skipped":0,"pct":100},"branches":{"total":2,"covered":2,"skipped":0,"pct":100}}
,"/Users/milan/Assembl/assembl/assembl/static2/workspaces/draft-js-attachment-plugin/src/utils/getDocumentIconPath.js": {"lines":{"total":5,"covered":5,"skipped":0,"pct":100},"functions":{"total":1,"covered":1,"skipped":0,"pct":100},"statements":{"total":5,"covered":5,"skipped":0,"pct":100},"branches":{"total":0,"covered":0,"skipped":0,"pct":100}}
,"/Users/milan/Assembl/assembl/assembl/static2/workspaces/draft-js-attachment-plugin/src/utils/getFileExtension.js": {"lines":{"total":4,"covered":4,"skipped":0,"pct":100},"functions":{"total":1,"covered":1,"skipped":0,"pct":100},"statements":{"total":4,"covered":4,"skipped":0,"pct":100},"branches":{"total":2,"covered":2,"skipped":0,"pct":100}}
,"/Users/milan/Assembl/assembl/assembl/static2/workspaces/draft-js-link-plugin/src/index.js": {"lines":{"total":9,"covered":6,"skipped":0,"pct":66.67},"functions":{"total":3,"covered":2,"skipped":0,"pct":66.67},"statements":{"total":9,"covered":6,"skipped":0,"pct":66.67},"branches":{"total":4,"covered":0,"skipped":0,"pct":0}}
,"/Users/milan/Assembl/assembl/assembl/static2/workspaces/draft-js-link-plugin/src/linkStrategy.js": {"lines":{"total":5,"covered":5,"skipped":0,"pct":100},"functions":{"total":3,"covered":3,"skipped":0,"pct":100},"statements":{"total":7,"covered":6,"skipped":0,"pct":85.71},"branches":{"total":4,"covered":3,"skipped":0,"pct":75}}
,"/Users/milan/Assembl/assembl/assembl/static2/workspaces/draft-js-link-plugin/src/components/AddLinkForm.jsx": {"lines":{"total":12,"covered":6,"skipped":0,"pct":50},"functions":{"total":6,"covered":4,"skipped":0,"pct":66.67},"statements":{"total":13,"covered":7,"skipped":0,"pct":53.85},"branches":{"total":2,"covered":2,"skipped":0,"pct":100}}
,"/Users/milan/Assembl/assembl/assembl/static2/workspaces/draft-js-link-plugin/src/components/Link.jsx": {"lines":{"total":22,"covered":9,"skipped":0,"pct":40.91},"functions":{"total":4,"covered":1,"skipped":0,"pct":25},"statements":{"total":22,"covered":9,"skipped":0,"pct":40.91},"branches":{"total":23,"covered":10,"skipped":0,"pct":43.48}}
,"/Users/milan/Assembl/assembl/assembl/static2/workspaces/draft-js-link-plugin/src/components/LinkButton.jsx": {"lines":{"total":34,"covered":32,"skipped":0,"pct":94.12},"functions":{"total":5,"covered":4,"skipped":0,"pct":80},"statements":{"total":34,"covered":32,"skipped":0,"pct":94.12},"branches":{"total":19,"covered":16,"skipped":0,"pct":84.21}}
,"/Users/milan/Assembl/assembl/assembl/static2/workspaces/draft-js-link-plugin/src/converters/entityToHTML.js": {"lines":{"total":4,"covered":4,"skipped":0,"pct":100},"functions":{"total":1,"covered":1,"skipped":0,"pct":100},"statements":{"total":4,"covered":4,"skipped":0,"pct":100},"branches":{"total":4,"covered":4,"skipped":0,"pct":100}}
,"/Users/milan/Assembl/assembl/assembl/static2/workspaces/draft-js-link-plugin/src/converters/htmlToEntity.js": {"lines":{"total":5,"covered":5,"skipped":0,"pct":100},"functions":{"total":1,"covered":1,"skipped":0,"pct":100},"statements":{"total":5,"covered":5,"skipped":0,"pct":100},"branches":{"total":9,"covered":7,"skipped":0,"pct":77.78}}
,"/Users/milan/Assembl/assembl/assembl/static2/workspaces/draft-js-modal-plugin/src/components/Modal.jsx": {"lines":{"total":8,"covered":7,"skipped":0,"pct":87.5},"functions":{"total":5,"covered":3,"skipped":0,"pct":60},"statements":{"total":10,"covered":7,"skipped":0,"pct":70},"branches":{"total":2,"covered":1,"skipped":0,"pct":50}}
,"/Users/milan/Assembl/assembl/assembl/static2/workspaces/draft-js-modal-plugin/src/utils/createStore.js": {"lines":{"total":13,"covered":13,"skipped":0,"pct":100},"functions":{"total":7,"covered":7,"skipped":0,"pct":100},"statements":{"total":16,"covered":16,"skipped":0,"pct":100},"branches":{"total":6,"covered":4,"skipped":0,"pct":66.67}}
}
