TN:
SF:/Users/milan/Assembl/assembl/assembl/static2/js/app/app.jsx
FN:23,(anonymous_0)
FN:31,(anonymous_1)
FN:48,(anonymous_2)
FN:66,(anonymous_3)
FN:72,(anonymous_4)
FN:73,(anonymous_5)
FN:76,(anonymous_6)
FN:79,(anonymous_7)
FN:87,(anonymous_8)
FN:90,(anonymous_9)
FN:100,(anonymous_10)
FNF:11
FNH:0
FNDA:0,(anonymous_0)
FNDA:0,(anonymous_1)
FNDA:0,(anonymous_2)
FNDA:0,(anonymous_3)
FNDA:0,(anonymous_4)
FNDA:0,(anonymous_5)
FNDA:0,(anonymous_6)
FNDA:0,(anonymous_7)
FNDA:0,(anonymous_8)
FNDA:0,(anonymous_9)
FNDA:0,(anonymous_10)
DA:20,4
DA:24,0
DA:25,0
DA:26,0
DA:27,0
DA:28,0
DA:32,0
DA:33,0
DA:34,0
DA:39,0
DA:40,0
DA:42,0
DA:43,0
DA:44,0
DA:49,0
DA:50,0
DA:51,0
DA:66,4
DA:72,4
DA:74,0
DA:77,0
DA:80,0
DA:87,0
DA:91,0
DA:92,0
DA:99,0
DA:100,0
DA:110,0
LF:28
LH:3
BRDA:33,0,0,0
BRDA:33,0,1,0
BRDA:39,1,0,0
BRDA:39,1,1,0
BRDA:39,2,0,0
BRDA:39,2,1,0
BRDA:42,3,0,0
BRDA:42,3,1,0
BRDA:42,4,0,0
BRDA:42,4,1,0
BRDA:42,4,2,0
BRDA:54,5,0,0
BRDA:54,5,1,0
BRDA:55,6,0,0
BRDA:55,6,1,0
BRDA:60,7,0,0
BRDA:60,7,1,0
BRDA:91,8,0,0
BRDA:91,8,1,0
BRDA:91,9,0,0
BRDA:91,9,1,0
BRF:21
BRH:0
end_of_record
TN:
SF:/Users/milan/Assembl/assembl/assembl/static2/js/app/constants.js
FNF:0
FNH:0
DA:4,104
DA:5,104
DA:6,104
DA:7,104
DA:8,104
DA:9,104
DA:10,104
DA:11,104
DA:13,104
DA:14,104
DA:15,104
DA:16,104
DA:19,104
DA:20,104
DA:23,104
DA:25,104
DA:27,104
DA:29,104
DA:61,104
DA:67,104
DA:75,104
DA:77,104
DA:92,104
DA:98,104
DA:107,104
DA:113,104
DA:172,104
DA:240,104
DA:251,104
DA:256,104
DA:269,104
DA:289,104
DA:291,104
DA:292,104
DA:293,104
DA:294,104
DA:296,104
DA:297,104
DA:298,104
DA:300,104
DA:301,104
DA:302,104
DA:304,104
DA:305,104
DA:306,104
DA:307,104
DA:308,104
LF:47
LH:47
BRF:0
BRH:0
end_of_record
TN:
SF:/Users/milan/Assembl/assembl/assembl/static2/js/app/router.js
FNF:0
FNH:0
DA:8,103
DA:11,103
DA:12,103
DA:13,0
DA:17,0
DA:19,103
DA:23,103
LF:7
LH:5
BRDA:12,0,0,0
BRDA:12,0,1,103
BRF:2
BRH:1
end_of_record
TN:
SF:/Users/milan/Assembl/assembl/assembl/static2/js/app/actions/authenticationActions.js
FN:5,(anonymous_0)
FN:8,(anonymous_1)
FN:11,(anonymous_2)
FN:15,(anonymous_3)
FN:15,(anonymous_4)
FN:17,(anonymous_5)
FN:18,(anonymous_6)
FN:22,(anonymous_7)
FN:41,(anonymous_8)
FN:45,(anonymous_9)
FN:45,(anonymous_10)
FN:47,(anonymous_11)
FN:50,(anonymous_12)
FNF:13
FNH:0
FNDA:0,(anonymous_0)
FNDA:0,(anonymous_1)
FNDA:0,(anonymous_2)
FNDA:0,(anonymous_3)
FNDA:0,(anonymous_4)
FNDA:0,(anonymous_5)
FNDA:0,(anonymous_6)
FNDA:0,(anonymous_7)
FNDA:0,(anonymous_8)
FNDA:0,(anonymous_9)
FNDA:0,(anonymous_10)
FNDA:0,(anonymous_11)
FNDA:0,(anonymous_12)
DA:5,2
DA:8,2
DA:11,2
DA:15,2
DA:16,0
DA:18,0
DA:19,0
DA:20,0
DA:29,0
DA:30,0
DA:31,0
DA:34,0
DA:36,0
DA:38,2
DA:41,2
DA:45,2
DA:46,0
DA:48,0
DA:51,0
LF:19
LH:7
BRDA:29,0,0,0
BRDA:29,0,1,0
BRDA:30,1,0,0
BRDA:30,1,1,0
BRF:4
BRH:0
end_of_record
TN:
SF:/Users/milan/Assembl/assembl/assembl/static2/js/app/actions/contentLocaleActions.js
FN:10,(anonymous_0)
FN:16,(anonymous_1)
FN:25,(anonymous_2)
FNF:3
FNH:3
FNDA:1,(anonymous_0)
FNDA:1,(anonymous_1)
FNDA:1,(anonymous_2)
DA:10,26
DA:16,26
DA:19,1
DA:25,26
LF:4
LH:4
BRF:0
BRH:0
end_of_record
TN:
SF:/Users/milan/Assembl/assembl/assembl/static2/js/app/actions/contextActions.js
FN:1,(anonymous_0)
FN:9,(anonymous_1)
FN:10,(anonymous_2)
FN:14,(anonymous_3)
FNF:4
FNH:1
FNDA:0,(anonymous_0)
FNDA:0,(anonymous_1)
FNDA:0,(anonymous_2)
FNDA:1,(anonymous_3)
DA:1,7
DA:9,7
DA:10,0
DA:11,0
DA:14,7
LF:5
LH:3
BRF:0
BRH:0
end_of_record
TN:
SF:/Users/milan/Assembl/assembl/assembl/static2/js/app/actions/debateActions.js
FN:3,(anonymous_0)
FN:8,(anonymous_1)
FN:13,(anonymous_2)
FN:23,(anonymous_3)
FN:24,(anonymous_4)
FN:27,(anonymous_5)
FN:30,(anonymous_6)
FNF:7
FNH:0
FNDA:0,(anonymous_0)
FNDA:0,(anonymous_1)
FNDA:0,(anonymous_2)
FNDA:0,(anonymous_3)
FNDA:0,(anonymous_4)
FNDA:0,(anonymous_5)
FNDA:0,(anonymous_6)
DA:3,4
DA:8,4
DA:13,4
DA:19,4
DA:23,4
DA:24,0
DA:25,0
DA:26,0
DA:28,0
DA:31,0
DA:32,0
DA:33,0
DA:35,0
LF:13
LH:5
BRDA:32,0,0,0
BRDA:32,0,1,0
BRDA:32,1,0,0
BRDA:32,1,1,0
BRF:4
BRH:0
end_of_record
TN:
SF:/Users/milan/Assembl/assembl/assembl/static2/js/app/actions/timelineActions.js
FN:3,(anonymous_0)
FNF:1
FNH:0
FNDA:0,(anonymous_0)
DA:3,4
LF:1
LH:1
BRF:0
BRH:0
end_of_record
TN:
SF:/Users/milan/Assembl/assembl/assembl/static2/js/app/actions/actionTypes/index.js
FNF:0
FNH:0
DA:6,59
DA:8,59
DA:9,59
DA:10,59
DA:11,59
DA:12,59
DA:13,59
DA:14,59
DA:15,59
DA:16,59
DA:17,59
DA:18,59
DA:19,59
DA:20,59
DA:21,59
DA:22,59
DA:23,59
DA:24,59
DA:26,59
DA:27,59
DA:29,59
DA:31,59
DA:33,59
DA:34,59
DA:35,59
DA:36,59
DA:37,59
DA:38,59
DA:39,59
DA:40,59
DA:41,59
DA:43,59
DA:44,59
DA:45,59
DA:46,59
DA:47,59
DA:48,59
DA:49,59
DA:50,59
DA:51,59
DA:52,59
DA:53,59
DA:54,59
DA:55,59
DA:56,59
DA:57,59
DA:58,59
DA:59,59
DA:60,59
DA:61,59
DA:62,59
DA:63,59
DA:64,59
DA:65,59
DA:66,59
DA:67,59
DA:68,59
DA:69,59
DA:70,59
DA:71,59
DA:72,59
DA:73,59
DA:74,59
DA:75,59
DA:76,59
DA:78,59
DA:79,59
DA:80,59
DA:81,59
DA:82,59
DA:83,59
DA:84,59
DA:85,59
DA:86,59
DA:87,59
DA:88,59
DA:89,59
DA:90,59
DA:91,59
DA:92,59
DA:93,59
DA:94,59
LF:82
LH:82
BRF:0
BRH:0
end_of_record
TN:
SF:/Users/milan/Assembl/assembl/assembl/static2/js/app/actions/actionTypes/admin/index.js
FNF:0
FNH:0
LF:0
LH:0
BRF:0
BRH:0
end_of_record
TN:
SF:/Users/milan/Assembl/assembl/assembl/static2/js/app/actions/actionTypes/admin/profileOptions.js
FNF:0
FNH:0
DA:2,60
DA:3,60
DA:4,60
DA:5,60
DA:6,60
DA:7,60
DA:8,60
DA:9,60
DA:10,60
DA:11,60
DA:12,60
DA:13,60
DA:14,60
LF:13
LH:13
BRF:0
BRH:0
end_of_record
TN:
SF:/Users/milan/Assembl/assembl/assembl/static2/js/app/actions/adminActions/adminSections.js
FN:4,(anonymous_0)
FN:9,(anonymous_1)
FN:16,(anonymous_2)
FN:22,(anonymous_3)
FN:27,(anonymous_4)
FN:33,(anonymous_5)
FN:35,(anonymous_6)
FN:37,(anonymous_7)
FNF:8
FNH:8
FNDA:1,(anonymous_0)
FNDA:1,(anonymous_1)
FNDA:1,(anonymous_2)
FNDA:1,(anonymous_3)
FNDA:1,(anonymous_4)
FNDA:1,(anonymous_5)
FNDA:1,(anonymous_6)
FNDA:1,(anonymous_7)
DA:4,3
DA:9,3
DA:16,3
DA:22,3
DA:27,3
DA:33,3
DA:35,3
DA:37,3
LF:8
LH:8
BRF:0
BRH:0
end_of_record
TN:
SF:/Users/milan/Assembl/assembl/assembl/static2/js/app/actions/adminActions/index.js
FN:1,(anonymous_0)
FN:6,(anonymous_1)
FN:8,(anonymous_2)
FN:10,(anonymous_3)
FN:12,(anonymous_4)
FNF:5
FNH:1
FNDA:1,(anonymous_0)
FNDA:0,(anonymous_1)
FNDA:0,(anonymous_2)
FNDA:0,(anonymous_3)
FNDA:0,(anonymous_4)
DA:1,2
DA:6,2
DA:8,2
DA:10,2
DA:12,2
LF:5
LH:5
BRF:0
BRH:0
end_of_record
TN:
SF:/Users/milan/Assembl/assembl/assembl/static2/js/app/actions/adminActions/landingPage.js
FN:5,(anonymous_0)
FN:11,(anonymous_1)
FN:17,(anonymous_2)
FN:23,(anonymous_3)
FN:29,(anonymous_4)
FN:34,(anonymous_5)
FN:40,(anonymous_6)
FN:46,(anonymous_7)
FN:55,(anonymous_8)
FN:60,(anonymous_9)
FN:65,(anonymous_10)
FN:76,(anonymous_11)
FN:87,(anonymous_12)
FNF:13
FNH:9
FNDA:1,(anonymous_0)
FNDA:1,(anonymous_1)
FNDA:1,(anonymous_2)
FNDA:1,(anonymous_3)
FNDA:0,(anonymous_4)
FNDA:1,(anonymous_5)
FNDA:1,(anonymous_6)
FNDA:1,(anonymous_7)
FNDA:1,(anonymous_8)
FNDA:1,(anonymous_9)
FNDA:0,(anonymous_10)
FNDA:0,(anonymous_11)
FNDA:0,(anonymous_12)
DA:5,3
DA:11,3
DA:17,3
DA:23,3
DA:29,3
DA:34,3
DA:40,3
DA:46,3
DA:49,1
DA:55,3
DA:60,3
DA:65,3
DA:69,0
DA:76,3
DA:80,0
DA:87,3
DA:93,0
LF:17
LH:14
BRF:0
BRH:0
end_of_record
TN:
SF:/Users/milan/Assembl/assembl/assembl/static2/js/app/actions/adminActions/profileOptions.js
FN:4,(anonymous_0)
FN:9,(anonymous_1)
FN:15,(anonymous_2)
FN:20,(anonymous_3)
FN:27,(anonymous_4)
FN:32,(anonymous_5)
FN:37,(anonymous_6)
FN:42,(anonymous_7)
FN:47,(anonymous_8)
FN:53,(anonymous_9)
FN:59,(anonymous_10)
FN:72,(anonymous_11)
FN:78,(anonymous_12)
FNF:13
FNH:7
FNDA:1,(anonymous_0)
FNDA:2,(anonymous_1)
FNDA:1,(anonymous_2)
FNDA:1,(anonymous_3)
FNDA:1,(anonymous_4)
FNDA:0,(anonymous_5)
FNDA:1,(anonymous_6)
FNDA:1,(anonymous_7)
FNDA:0,(anonymous_8)
FNDA:0,(anonymous_9)
FNDA:0,(anonymous_10)
FNDA:0,(anonymous_11)
FNDA:0,(anonymous_12)
DA:4,1
DA:9,2
DA:15,1
DA:20,1
DA:27,1
DA:32,1
DA:37,1
DA:42,1
DA:47,1
DA:53,1
DA:59,1
DA:64,0
DA:72,1
DA:78,1
LF:14
LH:13
BRDA:9,0,0,1
BRF:1
BRH:1
end_of_record
TN:
SF:/Users/milan/Assembl/assembl/assembl/static2/js/app/actions/adminActions/timeline.js
FN:5,(anonymous_0)
FN:11,(anonymous_1)
FN:16,(anonymous_2)
FN:23,(anonymous_3)
FN:30,(anonymous_4)
FN:36,(anonymous_5)
FN:42,(anonymous_6)
FN:47,(anonymous_7)
FN:53,(anonymous_8)
FN:59,(anonymous_9)
FN:65,(anonymous_10)
FN:70,(anonymous_11)
FNF:12
FNH:8
FNDA:1,(anonymous_0)
FNDA:1,(anonymous_1)
FNDA:1,(anonymous_2)
FNDA:0,(anonymous_3)
FNDA:1,(anonymous_4)
FNDA:0,(anonymous_5)
FNDA:1,(anonymous_6)
FNDA:1,(anonymous_7)
FNDA:1,(anonymous_8)
FNDA:1,(anonymous_9)
FNDA:0,(anonymous_10)
FNDA:0,(anonymous_11)
DA:5,4
DA:11,4
DA:16,4
DA:23,4
DA:30,4
DA:36,4
DA:42,4
DA:47,4
DA:53,4
DA:59,4
DA:65,4
DA:70,4
LF:12
LH:12
BRF:0
BRH:0
end_of_record
TN:
SF:/Users/milan/Assembl/assembl/assembl/static2/js/app/actions/adminActions/voteSession.js
FN:5,(anonymous_0)
FN:11,(anonymous_1)
FN:16,(anonymous_2)
FN:22,(anonymous_3)
FN:31,(anonymous_4)
FN:40,(anonymous_5)
FN:49,(anonymous_6)
FN:54,(anonymous_7)
FN:59,(anonymous_8)
FN:64,(anonymous_9)
FN:69,(anonymous_10)
FN:74,(anonymous_11)
FN:80,(anonymous_12)
FN:91,(anonymous_13)
FN:97,(anonymous_14)
FN:103,(anonymous_15)
FN:116,(anonymous_16)
FN:123,(anonymous_17)
FN:134,(anonymous_18)
FN:145,(anonymous_19)
FN:151,(anonymous_20)
FN:157,(anonymous_21)
FN:163,(anonymous_22)
FN:169,(anonymous_23)
FN:182,(anonymous_24)
FN:188,(anonymous_25)
FN:194,(anonymous_26)
FN:200,(anonymous_27)
FN:212,(anonymous_28)
FN:217,(anonymous_29)
FN:222,(anonymous_30)
FN:227,(anonymous_31)
FN:234,(anonymous_32)
FN:245,(anonymous_33)
FN:250,(anonymous_34)
FN:255,(anonymous_35)
FN:266,(anonymous_36)
FN:266,(anonymous_37)
FN:269,(anonymous_38)
FN:272,(anonymous_39)
FN:278,(anonymous_40)
FN:283,(anonymous_41)
FN:289,(anonymous_42)
FN:294,(anonymous_43)
FN:294,(anonymous_44)
FN:296,(anonymous_45)
FN:297,(anonymous_46)
FN:303,(anonymous_47)
FNF:48
FNH:17
FNDA:1,(anonymous_0)
FNDA:2,(anonymous_1)
FNDA:1,(anonymous_2)
FNDA:1,(anonymous_3)
FNDA:1,(anonymous_4)
FNDA:1,(anonymous_5)
FNDA:1,(anonymous_6)
FNDA:0,(anonymous_7)
FNDA:0,(anonymous_8)
FNDA:1,(anonymous_9)
FNDA:0,(anonymous_10)
FNDA:0,(anonymous_11)
FNDA:0,(anonymous_12)
FNDA:0,(anonymous_13)
FNDA:0,(anonymous_14)
FNDA:0,(anonymous_15)
FNDA:0,(anonymous_16)
FNDA:0,(anonymous_17)
FNDA:0,(anonymous_18)
FNDA:0,(anonymous_19)
FNDA:0,(anonymous_20)
FNDA:0,(anonymous_21)
FNDA:0,(anonymous_22)
FNDA:0,(anonymous_23)
FNDA:0,(anonymous_24)
FNDA:0,(anonymous_25)
FNDA:0,(anonymous_26)
FNDA:0,(anonymous_27)
FNDA:0,(anonymous_28)
FNDA:0,(anonymous_29)
FNDA:0,(anonymous_30)
FNDA:0,(anonymous_31)
FNDA:0,(anonymous_32)
FNDA:0,(anonymous_33)
FNDA:0,(anonymous_34)
FNDA:0,(anonymous_35)
FNDA:0,(anonymous_36)
FNDA:0,(anonymous_37)
FNDA:0,(anonymous_38)
FNDA:1,(anonymous_39)
FNDA:1,(anonymous_40)
FNDA:1,(anonymous_41)
FNDA:4,(anonymous_42)
FNDA:1,(anonymous_43)
FNDA:1,(anonymous_44)
FNDA:6,(anonymous_45)
FNDA:3,(anonymous_46)
FNDA:1,(anonymous_47)
DA:5,25
DA:11,25
DA:16,25
DA:22,25
DA:25,1
DA:31,25
DA:34,1
DA:40,25
DA:43,1
DA:49,25
DA:54,25
DA:59,25
DA:64,25
DA:69,25
DA:74,25
DA:80,25
DA:84,0
DA:91,25
DA:97,25
DA:103,25
DA:108,0
DA:116,25
DA:123,25
DA:127,0
DA:134,25
DA:138,0
DA:145,25
DA:151,25
DA:157,25
DA:163,25
DA:169,25
DA:174,0
DA:182,25
DA:188,25
DA:194,25
DA:200,25
DA:212,25
DA:217,25
DA:222,25
DA:227,25
DA:234,25
DA:238,0
DA:245,25
DA:250,25
DA:255,25
DA:259,0
DA:266,25
DA:267,0
DA:268,0
DA:269,0
DA:272,25
DA:278,25
DA:283,25
DA:289,25
DA:294,25
DA:295,1
DA:296,6
DA:298,3
DA:299,3
DA:303,25
LF:60
LH:50
BRF:0
BRH:0
end_of_record
TN:
SF:/Users/milan/Assembl/assembl/assembl/static2/js/app/components/cookiesBar.jsx
FN:26,(anonymous_0)
FN:33,(anonymous_1)
FN:35,(anonymous_2)
FN:39,(anonymous_3)
FN:40,(anonymous_4)
FN:49,(anonymous_5)
FN:63,(anonymous_6)
FN:76,(anonymous_7)
FN:86,(anonymous_8)
FN:87,(anonymous_9)
FNF:10
FNH:4
FNDA:2,(anonymous_0)
FNDA:2,(anonymous_1)
FNDA:12,(anonymous_2)
FNDA:0,(anonymous_3)
FNDA:0,(anonymous_4)
FNDA:2,(anonymous_5)
FNDA:0,(anonymous_6)
FNDA:0,(anonymous_7)
FNDA:0,(anonymous_8)
FNDA:0,(anonymous_9)
DA:27,2
DA:28,2
DA:29,2
DA:31,2
DA:33,2
DA:35,12
DA:36,2
DA:40,0
DA:42,0
DA:43,0
DA:44,0
DA:50,2
DA:51,2
DA:52,2
DA:53,2
DA:64,0
DA:76,1
DA:86,0
DA:88,0
DA:89,0
DA:95,0
LF:21
LH:12
BRDA:31,0,0,1
BRDA:31,0,1,1
BRDA:31,1,0,2
BRDA:31,1,1,2
BRDA:35,2,0,12
BRDA:35,2,1,0
BRDA:88,3,0,0
BRDA:88,3,1,0
BRDA:88,4,0,0
BRDA:88,4,1,0
BRF:10
BRH:5
end_of_record
TN:
SF:/Users/milan/Assembl/assembl/assembl/static2/js/app/components/search.jsx
FN:52,(anonymous_0)
FN:54,(anonymous_1)
FN:68,getPostUrl
FN:93,getIdeaUrl
FN:117,(anonymous_4)
FN:118,(anonymous_5)
FN:135,(anonymous_6)
FN:165,(anonymous_7)
FN:189,(anonymous_8)
FN:191,(anonymous_9)
FN:200,(anonymous_10)
FN:217,(anonymous_11)
FN:226,(anonymous_12)
FN:239,(anonymous_13)
FN:254,(anonymous_14)
FN:267,(anonymous_15)
FN:282,(anonymous_16)
FN:287,(anonymous_17)
FN:291,(anonymous_18)
FN:304,(anonymous_19)
FN:305,(anonymous_20)
FN:317,(anonymous_21)
FN:320,(anonymous_22)
FN:321,(anonymous_23)
FN:326,(anonymous_24)
FN:339,(anonymous_25)
FN:346,(anonymous_26)
FN:351,(anonymous_27)
FN:363,(anonymous_28)
FN:382,(anonymous_29)
FN:396,(anonymous_30)
FN:418,(anonymous_31)
FN:434,(anonymous_32)
FN:450,(anonymous_33)
FN:453,(anonymous_34)
FN:455,(anonymous_35)
FN:475,(anonymous_36)
FN:476,(anonymous_37)
FN:495,(anonymous_38)
FN:499,(anonymous_39)
FN:546,(anonymous_40)
FN:550,(anonymous_41)
FN:551,(anonymous_42)
FN:557,(anonymous_43)
FN:641,(anonymous_44)
FN:649,(anonymous_45)
FN:785,(anonymous_46)
FN:798,(anonymous_47)
FNF:48
FNH:28
FNDA:10,(anonymous_0)
FNDA:1,(anonymous_1)
FNDA:2,getPostUrl
FNDA:1,getIdeaUrl
FNDA:0,(anonymous_4)
FNDA:0,(anonymous_5)
FNDA:5,(anonymous_6)
FNDA:3,(anonymous_7)
FNDA:5,(anonymous_8)
FNDA:24,(anonymous_9)
FNDA:0,(anonymous_10)
FNDA:14,(anonymous_11)
FNDA:11,(anonymous_12)
FNDA:5,(anonymous_13)
FNDA:1,(anonymous_14)
FNDA:1,(anonymous_15)
FNDA:1,(anonymous_16)
FNDA:1,(anonymous_17)
FNDA:0,(anonymous_18)
FNDA:1,(anonymous_19)
FNDA:1,(anonymous_20)
FNDA:0,(anonymous_21)
FNDA:0,(anonymous_22)
FNDA:0,(anonymous_23)
FNDA:1,(anonymous_24)
FNDA:1,(anonymous_25)
FNDA:1,(anonymous_26)
FNDA:1,(anonymous_27)
FNDA:1,(anonymous_28)
FNDA:1,(anonymous_29)
FNDA:1,(anonymous_30)
FNDA:1,(anonymous_31)
FNDA:0,(anonymous_32)
FNDA:0,(anonymous_33)
FNDA:0,(anonymous_34)
FNDA:2,(anonymous_35)
FNDA:2,(anonymous_36)
FNDA:20,(anonymous_37)
FNDA:0,(anonymous_38)
FNDA:0,(anonymous_39)
FNDA:0,(anonymous_40)
FNDA:0,(anonymous_41)
FNDA:0,(anonymous_42)
FNDA:0,(anonymous_43)
FNDA:0,(anonymous_44)
FNDA:0,(anonymous_45)
FNDA:0,(anonymous_46)
FNDA:0,(anonymous_47)
DA:48,2
DA:49,2
DA:50,2
DA:52,10
DA:54,2
DA:55,1
DA:56,1
DA:57,0
DA:59,0
DA:61,0
DA:64,1
DA:65,1
DA:69,2
DA:70,0
DA:72,2
DA:73,2
DA:74,2
DA:75,2
DA:81,0
DA:82,0
DA:90,0
DA:94,1
DA:95,0
DA:97,1
DA:98,1
DA:107,2
DA:108,2
DA:111,2
DA:112,2
DA:117,0
DA:118,0
DA:119,0
DA:120,0
DA:122,0
DA:124,0
DA:126,0
DA:129,0
DA:134,2
DA:135,2
DA:136,5
DA:137,5
DA:139,1
DA:140,1
DA:143,1
DA:145,1
DA:146,1
DA:147,1
DA:150,1
DA:151,1
DA:152,1
DA:153,1
DA:157,1
DA:158,1
DA:159,1
DA:165,2
DA:166,3
DA:167,3
DA:177,2
DA:181,2
DA:189,5
DA:191,2
DA:193,24
DA:195,7
DA:197,17
DA:198,10
DA:200,7
DA:201,0
DA:202,0
DA:203,0
DA:204,0
DA:208,7
DA:209,0
DA:211,7
DA:212,0
DA:214,7
DA:217,2
DA:218,14
DA:219,14
DA:221,0
DA:223,14
DA:226,2
DA:227,11
DA:228,11
DA:229,1
DA:232,10
DA:233,10
DA:234,9
DA:236,1
DA:239,2
DA:240,5
DA:254,2
DA:255,1
DA:256,1
DA:257,1
DA:258,1
DA:259,1
DA:268,1
DA:282,1
DA:287,2
DA:288,1
DA:289,1
DA:290,1
DA:291,1
DA:292,0
DA:293,0
DA:295,0
DA:297,1
DA:304,1
DA:306,1
DA:317,2
DA:320,2
DA:321,0
DA:324,2
DA:326,2
DA:327,1
DA:328,1
DA:329,1
DA:330,1
DA:331,1
DA:332,1
DA:340,1
DA:346,1
DA:351,2
DA:352,1
DA:353,1
DA:354,1
DA:355,1
DA:364,1
DA:382,2
DA:383,1
DA:384,1
DA:385,1
DA:386,1
DA:388,1
DA:389,1
DA:397,1
DA:419,1
DA:434,2
DA:435,0
DA:437,0
DA:439,0
DA:441,0
DA:443,0
DA:446,0
DA:450,2
DA:451,2
DA:453,2
DA:455,2
DA:456,2
DA:461,2
DA:473,2
DA:474,2
DA:475,2
DA:476,2
DA:477,20
DA:480,2
DA:483,2
DA:487,2
DA:496,0
DA:497,0
DA:498,0
DA:499,0
DA:501,0
DA:502,0
DA:504,0
DA:508,0
DA:509,0
DA:511,0
DA:513,0
DA:514,0
DA:515,0
DA:517,0
DA:518,0
DA:519,0
DA:520,0
DA:521,0
DA:522,0
DA:524,0
DA:526,0
DA:527,0
DA:528,0
DA:543,0
DA:545,0
DA:546,0
DA:547,0
DA:551,0
DA:552,0
DA:553,0
DA:558,0
DA:559,0
DA:560,0
DA:561,0
DA:562,0
DA:563,0
DA:564,0
DA:565,0
DA:566,0
DA:567,0
DA:568,0
DA:571,0
DA:576,0
DA:620,0
DA:632,0
DA:642,0
DA:650,0
DA:785,0
DA:798,2
DA:804,2
LF:208
LH:127
BRDA:50,0,0,0
BRDA:50,0,1,2
BRDA:56,1,0,0
BRDA:56,1,1,1
BRDA:57,2,0,0
BRDA:57,2,1,0
BRDA:69,3,0,0
BRDA:69,3,1,2
BRDA:69,4,0,2
BRDA:69,4,1,2
BRDA:74,5,0,2
BRDA:74,5,1,0
BRDA:81,6,0,0
BRDA:81,6,1,0
BRDA:94,7,0,0
BRDA:94,7,1,1
BRDA:94,8,0,1
BRDA:94,8,1,1
BRDA:108,9,0,0
BRDA:108,9,1,2
BRDA:111,10,0,2
BRDA:111,10,1,0
BRDA:112,11,0,0
BRDA:112,11,1,2
BRDA:120,12,0,0
BRDA:120,12,1,0
BRDA:120,12,2,0
BRDA:120,12,3,0
BRDA:137,13,0,1
BRDA:137,13,1,1
BRDA:137,13,2,1
BRDA:137,13,3,1
BRDA:137,13,4,1
BRDA:193,14,0,7
BRDA:193,14,1,17
BRDA:197,15,0,10
BRDA:197,15,1,7
BRDA:201,16,0,0
BRDA:201,16,1,0
BRDA:203,17,0,0
BRDA:203,17,1,0
BRDA:208,18,0,0
BRDA:208,18,1,7
BRDA:211,19,0,0
BRDA:211,19,1,7
BRDA:219,20,0,0
BRDA:219,20,1,14
BRDA:228,21,0,1
BRDA:228,21,1,10
BRDA:233,22,0,9
BRDA:233,22,1,1
BRDA:243,23,0,4
BRDA:243,23,1,1
BRDA:249,24,0,5
BRDA:249,24,1,4
BRDA:292,25,0,0
BRDA:292,25,1,0
BRDA:342,26,0,1
BRDA:342,26,1,0
BRDA:371,27,0,1
BRDA:371,27,1,0
BRDA:398,28,0,1
BRDA:398,28,1,0
BRDA:399,29,0,0
BRDA:399,29,1,1
BRDA:407,30,0,0
BRDA:407,30,1,1
BRDA:407,31,0,1
BRDA:407,31,1,1
BRDA:435,32,0,0
BRDA:435,32,1,0
BRDA:435,32,2,0
BRDA:435,32,3,0
BRDA:435,32,4,0
BRDA:504,33,0,0
BRDA:504,33,1,0
BRDA:513,34,0,0
BRDA:513,34,1,0
BRDA:519,35,0,0
BRDA:519,35,1,0
BRDA:526,36,0,0
BRDA:526,36,1,0
BRDA:563,37,0,0
BRDA:563,37,1,0
BRDA:563,38,0,0
BRDA:563,38,1,0
BRDA:567,39,0,0
BRDA:567,39,1,0
BRDA:646,40,0,0
BRDA:646,40,1,0
BRDA:659,41,0,0
BRDA:659,41,1,0
BRDA:659,42,0,0
BRDA:659,42,1,0
BRDA:661,43,0,0
BRDA:661,43,1,0
BRDA:669,44,0,0
BRDA:669,44,1,0
BRDA:688,45,0,0
BRDA:688,45,1,0
BRDA:689,46,0,0
BRDA:689,46,1,0
BRDA:689,46,2,0
BRDA:713,47,0,0
BRDA:713,47,1,0
BRDA:714,48,0,0
BRDA:714,48,1,0
BRF:107
BRH:39
end_of_record
TN:
SF:/Users/milan/Assembl/assembl/assembl/static2/js/app/components/administration/exportSection.jsx
FN:34,(anonymous_0)
FN:42,(anonymous_1)
FN:47,(anonymous_2)
FN:53,(anonymous_3)
FN:68,(anonymous_4)
FN:76,(anonymous_5)
FN:91,(anonymous_6)
FN:104,(anonymous_7)
FN:109,(anonymous_8)
FN:117,(anonymous_9)
FN:126,(anonymous_10)
FN:132,(anonymous_11)
FN:144,(anonymous_12)
FNF:13
FNH:9
FNDA:4,(anonymous_0)
FNDA:4,(anonymous_1)
FNDA:2,(anonymous_2)
FNDA:6,(anonymous_3)
FNDA:6,(anonymous_4)
FNDA:8,(anonymous_5)
FNDA:6,(anonymous_6)
FNDA:2,(anonymous_7)
FNDA:0,(anonymous_8)
FNDA:0,(anonymous_9)
FNDA:0,(anonymous_10)
FNDA:0,(anonymous_11)
FNDA:6,(anonymous_12)
DA:35,4
DA:36,4
DA:43,4
DA:44,4
DA:48,2
DA:54,6
DA:55,6
DA:56,6
DA:59,0
DA:69,6
DA:70,6
DA:71,2
DA:74,4
DA:77,8
DA:99,6
DA:100,6
DA:101,5
DA:104,2
DA:105,1
DA:110,0
DA:118,0
DA:127,0
DA:133,0
DA:145,6
DA:146,6
LF:25
LH:20
BRDA:38,0,0,2
BRDA:38,0,1,2
BRDA:55,1,0,6
BRDA:55,1,1,0
BRDA:70,2,0,2
BRDA:70,2,1,4
BRDA:100,3,0,5
BRDA:100,3,1,1
BRDA:100,4,0,6
BRDA:100,4,1,1
BRDA:100,4,2,1
BRDA:104,5,0,1
BRDA:104,5,1,0
BRDA:122,6,0,1
BRDA:122,6,1,0
BRDA:129,7,0,0
BRDA:129,7,1,0
BRDA:131,8,0,0
BRDA:131,8,1,0
BRF:19
BRH:12
end_of_record
TN:
SF:/Users/milan/Assembl/assembl/assembl/static2/js/app/components/administration/navbar.jsx
FN:26,(anonymous_0)
FN:30,(anonymous_1)
FN:39,(anonymous_2)
FN:46,(anonymous_3)
FN:56,(anonymous_4)
FN:79,(anonymous_5)
FN:92,(anonymous_6)
FNF:7
FNH:0
FNDA:0,(anonymous_0)
FNDA:0,(anonymous_1)
FNDA:0,(anonymous_2)
FNDA:0,(anonymous_3)
FNDA:0,(anonymous_4)
FNDA:0,(anonymous_5)
FNDA:0,(anonymous_6)
DA:31,0
DA:32,0
DA:33,0
DA:40,0
DA:47,0
DA:48,0
DA:49,0
DA:50,0
DA:51,0
DA:57,0
DA:58,0
DA:59,0
DA:60,0
DA:61,0
DA:80,0
DA:81,0
DA:93,0
DA:94,0
LF:18
LH:0
BRDA:76,0,0,0
BRDA:76,0,1,0
BRDA:89,1,0,0
BRDA:89,1,1,0
BRF:4
BRH:0
end_of_record
TN:
SF:/Users/milan/Assembl/assembl/assembl/static2/js/app/components/administration/saveButton.jsx
FN:6,(anonymous_0)
FN:11,(anonymous_1)
FN:18,(anonymous_2)
FN:21,(anonymous_3)
FN:32,(anonymous_4)
FN:40,(anonymous_5)
FN:51,(anonymous_6)
FN:59,(anonymous_7)
FN:69,(anonymous_8)
FN:74,(anonymous_9)
FN:78,(anonymous_10)
FN:82,(anonymous_11)
FNF:12
FNH:8
FNDA:3,(anonymous_0)
FNDA:4,(anonymous_1)
FNDA:5,(anonymous_2)
FNDA:10,(anonymous_3)
FNDA:1,(anonymous_4)
FNDA:1,(anonymous_5)
FNDA:2,(anonymous_6)
FNDA:3,(anonymous_7)
FNDA:0,(anonymous_8)
FNDA:0,(anonymous_9)
FNDA:0,(anonymous_10)
FNDA:0,(anonymous_11)
DA:6,52
DA:7,3
DA:8,0
DA:10,3
DA:11,3
DA:12,4
DA:14,3
DA:18,52
DA:19,5
DA:20,5
DA:21,5
DA:22,10
DA:24,7
DA:26,1
DA:27,1
DA:28,1
DA:32,1
DA:33,1
DA:34,6
DA:36,1
DA:40,1
DA:41,1
DA:42,5
DA:44,2
DA:45,2
DA:46,2
DA:47,2
DA:51,2
DA:52,2
DA:56,5
DA:59,52
DA:60,3
DA:61,3
DA:70,0
DA:71,0
DA:75,0
DA:79,0
DA:83,0
LF:38
LH:32
BRDA:7,0,0,0
BRDA:7,0,1,3
BRDA:7,1,0,3
BRDA:7,1,1,3
BRDA:22,2,0,3
BRDA:22,2,1,7
BRDA:22,3,0,10
BRDA:22,3,1,5
BRDA:24,4,0,1
BRDA:24,4,1,6
BRDA:24,5,0,7
BRDA:24,5,1,2
BRDA:24,5,2,2
BRDA:29,6,0,1
BRDA:29,6,1,0
BRDA:34,7,0,1
BRDA:34,7,1,5
BRDA:34,8,0,6
BRDA:34,8,1,1
BRDA:34,8,2,1
BRDA:37,9,0,1
BRDA:37,9,1,1
BRDA:42,10,0,2
BRDA:42,10,1,3
BRDA:42,11,0,5
BRDA:42,11,1,2
BRDA:48,12,0,2
BRDA:48,12,1,2
BRDA:60,13,0,3
BRDA:60,13,1,2
BRF:30
BRH:28
end_of_record
TN:
SF:/Users/milan/Assembl/assembl/assembl/static2/js/app/components/administration/sectionTitle.jsx
FN:9,(anonymous_0)
FNF:1
FNH:1
FNDA:7,(anonymous_0)
DA:9,10
DA:10,7
LF:2
LH:2
BRF:0
BRH:0
end_of_record
TN:
SF:/Users/milan/Assembl/assembl/assembl/static2/js/app/components/administration/thematicsMenu.jsx
FN:73,(anonymous_0)
FN:79,(anonymous_1)
FN:92,(anonymous_2)
FN:119,(anonymous_3)
FN:130,(anonymous_4)
FN:155,(anonymous_5)
FN:156,(anonymous_6)
FN:204,(anonymous_7)
FN:206,(anonymous_8)
FN:229,(anonymous_9)
FN:254,(anonymous_10)
FNF:11
FNH:0
FNDA:0,(anonymous_0)
FNDA:0,(anonymous_1)
FNDA:0,(anonymous_2)
FNDA:0,(anonymous_3)
FNDA:0,(anonymous_4)
FNDA:0,(anonymous_5)
FNDA:0,(anonymous_6)
FNDA:0,(anonymous_7)
FNDA:0,(anonymous_8)
FNDA:0,(anonymous_9)
FNDA:0,(anonymous_10)
DA:73,104
DA:74,0
DA:75,0
DA:76,0
DA:79,0
DA:92,104
DA:93,0
DA:94,0
DA:95,0
DA:102,0
DA:119,104
DA:127,0
DA:128,0
DA:129,0
DA:130,0
DA:131,0
DA:133,0
DA:135,0
DA:136,0
DA:137,0
DA:139,0
DA:141,0
DA:143,0
DA:145,0
DA:147,0
DA:155,104
DA:156,0
DA:157,0
DA:158,0
DA:159,0
DA:160,0
DA:162,0
DA:169,0
DA:200,104
DA:204,104
DA:206,104
DA:214,0
DA:215,0
DA:216,0
DA:217,0
DA:218,0
DA:219,0
DA:220,0
DA:225,0
DA:226,0
DA:227,0
DA:228,0
DA:229,0
DA:230,0
DA:231,0
DA:234,0
DA:254,0
LF:52
LH:7
BRDA:131,0,0,0
BRDA:131,0,1,0
BRDA:131,1,0,0
BRDA:131,1,1,0
BRDA:133,2,0,0
BRDA:133,2,1,0
BRDA:136,3,0,0
BRDA:136,3,1,0
BRDA:137,4,0,0
BRDA:137,4,1,0
BRDA:137,5,0,0
BRDA:137,5,1,0
BRDA:141,6,0,0
BRDA:141,6,1,0
BRDA:141,7,0,0
BRDA:141,7,1,0
BRDA:175,8,0,0
BRDA:175,8,1,0
BRDA:184,9,0,0
BRDA:184,9,1,0
BRDA:214,10,0,0
BRDA:214,10,1,0
BRDA:215,11,0,0
BRDA:215,11,1,0
BRDA:217,12,0,0
BRDA:217,12,1,0
BRDA:218,13,0,0
BRDA:218,13,1,0
BRDA:227,14,0,0
BRDA:227,14,1,0
BRDA:229,15,0,0
BRDA:229,15,1,0
BRDA:230,16,0,0
BRDA:230,16,1,0
BRF:34
BRH:0
end_of_record
TN:
SF:/Users/milan/Assembl/assembl/assembl/static2/js/app/components/administration/discussion/editSectionForm.jsx
FN:32,(anonymous_0)
FN:100,(anonymous_1)
FN:111,(anonymous_2)
FN:112,(anonymous_3)
FN:113,(anonymous_4)
FN:114,(anonymous_5)
FN:115,(anonymous_6)
FN:116,(anonymous_7)
FN:117,(anonymous_8)
FNF:9
FNH:1
FNDA:1,(anonymous_0)
FNDA:0,(anonymous_1)
FNDA:0,(anonymous_2)
FNDA:0,(anonymous_3)
FNDA:0,(anonymous_4)
FNDA:0,(anonymous_5)
FNDA:0,(anonymous_6)
FNDA:0,(anonymous_7)
FNDA:0,(anonymous_8)
DA:32,2
DA:45,1
DA:46,1
DA:47,1
DA:48,1
DA:100,2
DA:101,0
DA:102,0
DA:111,2
DA:112,0
DA:113,0
DA:114,0
DA:115,0
DA:116,0
DA:117,0
LF:15
LH:7
BRDA:52,0,0,1
BRDA:52,0,1,0
BRDA:55,1,0,0
BRDA:55,1,1,1
BRDA:57,2,0,0
BRDA:57,2,1,0
BRDA:64,3,0,0
BRDA:64,3,1,0
BRDA:73,4,0,0
BRDA:73,4,1,1
BRDA:82,5,0,0
BRDA:82,5,1,1
BRDA:85,6,0,1
BRDA:85,6,1,0
BRDA:92,7,0,1
BRDA:92,7,1,0
BRDA:92,8,0,1
BRDA:92,8,1,1
BRDA:92,8,2,0
BRF:19
BRH:8
end_of_record
TN:
SF:/Users/milan/Assembl/assembl/assembl/static2/js/app/components/administration/discussion/manageSectionsForm.jsx
FN:20,(anonymous_0)
FN:25,(anonymous_1)
FN:29,(anonymous_2)
FN:38,(anonymous_3)
FN:47,(anonymous_4)
FN:48,(anonymous_5)
FNF:6
FNH:2
FNDA:1,(anonymous_0)
FNDA:3,(anonymous_1)
FNDA:0,(anonymous_2)
FNDA:0,(anonymous_3)
FNDA:0,(anonymous_4)
FNDA:0,(anonymous_5)
DA:20,1
DA:21,1
DA:26,3
DA:29,0
DA:38,1
DA:39,0
DA:40,0
DA:47,1
DA:49,0
DA:50,0
LF:10
LH:5
BRF:0
BRH:0
end_of_record
TN:
SF:/Users/milan/Assembl/assembl/assembl/static2/js/app/components/administration/discussion/phaseForm.jsx
FN:28,(anonymous_0)
FN:113,(anonymous_1)
FN:133,(anonymous_2)
FN:144,(anonymous_3)
FN:145,(anonymous_4)
FN:146,(anonymous_5)
FN:147,(anonymous_6)
FNF:7
FNH:2
FNDA:1,(anonymous_0)
FNDA:5,(anonymous_1)
FNDA:0,(anonymous_2)
FNDA:0,(anonymous_3)
FNDA:0,(anonymous_4)
FNDA:0,(anonymous_5)
FNDA:0,(anonymous_6)
DA:28,2
DA:40,1
DA:41,1
DA:43,1
DA:45,1
DA:47,1
DA:114,5
DA:133,2
DA:134,0
DA:135,0
DA:144,2
DA:145,0
DA:146,0
DA:147,0
LF:14
LH:9
BRDA:64,0,0,0
BRDA:64,0,1,1
BRDA:70,1,0,1
BRDA:70,1,1,0
BRDA:91,2,0,0
BRDA:91,2,1,1
BRDA:97,3,0,1
BRDA:97,3,1,0
BRDA:136,4,0,0
BRDA:136,4,1,0
BRDA:137,5,0,0
BRDA:137,5,1,0
BRDA:138,6,0,0
BRDA:138,6,1,0
BRDA:139,7,0,0
BRDA:139,7,1,0
BRF:16
BRH:4
end_of_record
TN:
SF:/Users/milan/Assembl/assembl/assembl/static2/js/app/components/administration/discussion/phaseTitleForm.jsx
FN:25,(anonymous_0)
FN:89,(anonymous_1)
FN:97,(anonymous_2)
FN:98,(anonymous_3)
FN:99,(anonymous_4)
FN:100,(anonymous_5)
FN:101,(anonymous_6)
FNF:7
FNH:1
FNDA:1,(anonymous_0)
FNDA:0,(anonymous_1)
FNDA:0,(anonymous_2)
FNDA:0,(anonymous_3)
FNDA:0,(anonymous_4)
FNDA:0,(anonymous_5)
FNDA:0,(anonymous_6)
DA:25,2
DA:37,1
DA:38,1
DA:39,1
DA:40,1
DA:41,1
DA:42,1
DA:43,1
DA:44,1
DA:45,1
DA:89,2
DA:90,0
DA:91,0
DA:97,2
DA:98,0
DA:99,0
DA:100,0
DA:101,0
LF:18
LH:12
BRDA:49,0,0,0
BRDA:49,0,1,1
BRDA:57,1,0,1
BRDA:57,1,1,0
BRDA:61,2,0,0
BRDA:61,2,1,1
BRDA:68,3,0,0
BRDA:68,3,1,1
BRDA:83,4,0,1
BRDA:83,4,1,0
BRF:10
BRH:5
end_of_record
TN:
SF:/Users/milan/Assembl/assembl/assembl/static2/js/app/components/administration/discussion/timelineForm.jsx
FN:29,(anonymous_0)
FN:32,(anonymous_1)
FN:38,(anonymous_2)
FN:40,(anonymous_3)
FN:54,(anonymous_4)
FN:65,(anonymous_5)
FN:90,(anonymous_6)
FN:98,(anonymous_7)
FN:112,(anonymous_8)
FN:114,(anonymous_9)
FN:114,(anonymous_10)
FN:123,(anonymous_11)
FN:124,(anonymous_12)
FNF:13
FNH:3
FNDA:0,(anonymous_0)
FNDA:0,(anonymous_1)
FNDA:0,(anonymous_2)
FNDA:1,(anonymous_3)
FNDA:3,(anonymous_4)
FNDA:0,(anonymous_5)
FNDA:3,(anonymous_6)
FNDA:0,(anonymous_7)
FNDA:0,(anonymous_8)
FNDA:0,(anonymous_9)
FNDA:0,(anonymous_10)
FNDA:0,(anonymous_11)
FNDA:0,(anonymous_12)
DA:30,0
DA:31,0
DA:32,0
DA:33,0
DA:38,0
DA:41,1
DA:42,1
DA:43,1
DA:55,3
DA:66,0
DA:91,3
DA:92,3
DA:99,0
DA:112,1
DA:113,0
DA:114,0
DA:115,0
DA:116,0
DA:123,1
DA:125,0
DA:126,0
LF:21
LH:8
BRDA:31,0,0,0
BRDA:31,0,1,0
BRDA:53,1,0,1
BRDA:53,1,1,1
BRDA:85,2,0,1
BRDA:85,2,1,1
BRF:6
BRH:4
end_of_record
TN:
SF:/Users/milan/Assembl/assembl/assembl/static2/js/app/components/administration/landingPage/addEnumSuffixToModuleTitles.js
FN:7,(anonymous_0)
FN:10,(anonymous_1)
FN:13,(anonymous_2)
FNF:3
FNH:3
FNDA:3,(anonymous_0)
FNDA:13,(anonymous_1)
FNDA:13,(anonymous_2)
DA:7,1
DA:10,13
DA:11,3
DA:12,3
DA:13,3
DA:14,13
DA:15,13
DA:16,7
DA:17,7
DA:19,6
LF:10
LH:10
BRDA:15,0,0,7
BRDA:15,0,1,6
BRDA:15,1,0,13
BRDA:15,1,1,13
BRDA:17,2,0,7
BRDA:17,2,1,7
BRF:6
BRH:6
end_of_record
TN:
SF:/Users/milan/Assembl/assembl/assembl/static2/js/app/components/administration/landingPage/addModuleButton.jsx
FN:15,(anonymous_0)
FN:22,(anonymous_1)
FN:31,(anonymous_2)
FNF:3
FNH:2
FNDA:3,(anonymous_0)
FNDA:1,(anonymous_1)
FNDA:0,(anonymous_2)
DA:15,2
DA:22,3
DA:23,1
DA:24,1
DA:32,0
DA:33,0
DA:40,1
DA:41,1
DA:43,3
LF:9
LH:7
BRF:0
BRH:0
end_of_record
TN:
SF:/Users/milan/Assembl/assembl/assembl/static2/js/app/components/administration/landingPage/customizeHeader.jsx
FN:38,(anonymous_0)
FN:93,(anonymous_1)
FN:117,(anonymous_2)
FN:129,(anonymous_3)
FN:130,(anonymous_4)
FN:131,(anonymous_5)
FN:132,(anonymous_6)
FN:133,(anonymous_7)
FN:134,(anonymous_8)
FNF:9
FNH:1
FNDA:1,(anonymous_0)
FNDA:0,(anonymous_1)
FNDA:0,(anonymous_2)
FNDA:0,(anonymous_3)
FNDA:0,(anonymous_4)
FNDA:0,(anonymous_5)
FNDA:0,(anonymous_6)
FNDA:0,(anonymous_7)
FNDA:0,(anonymous_8)
DA:38,1
DA:57,1
DA:58,1
DA:59,1
DA:60,1
DA:61,1
DA:93,0
DA:117,0
DA:129,1
DA:130,0
DA:131,0
DA:132,0
DA:133,0
DA:134,0
LF:14
LH:7
BRF:0
BRH:0
end_of_record
TN:
SF:/Users/milan/Assembl/assembl/assembl/static2/js/app/components/administration/landingPage/manageModules.jsx
FN:66,(anonymous_0)
FN:68,(anonymous_1)
FN:74,(anonymous_2)
FN:81,(anonymous_3)
FN:91,(anonymous_4)
FN:102,(anonymous_5)
FN:106,(anonymous_6)
FN:148,(anonymous_7)
FN:151,(anonymous_8)
FN:154,(anonymous_9)
FN:162,(anonymous_10)
FN:163,(anonymous_11)
FN:164,(anonymous_12)
FN:165,(anonymous_13)
FN:166,(anonymous_14)
FNF:15
FNH:7
FNDA:2,(anonymous_0)
FNDA:10,(anonymous_1)
FNDA:8,(anonymous_2)
FNDA:8,(anonymous_3)
FNDA:1,(anonymous_4)
FNDA:4,(anonymous_5)
FNDA:3,(anonymous_6)
FNDA:0,(anonymous_7)
FNDA:0,(anonymous_8)
FNDA:0,(anonymous_9)
FNDA:0,(anonymous_10)
FNDA:0,(anonymous_11)
FNDA:0,(anonymous_12)
FNDA:0,(anonymous_13)
FNDA:0,(anonymous_14)
DA:52,1
DA:66,1
DA:67,2
DA:68,2
DA:69,10
DA:70,7
DA:71,0
DA:73,2
DA:74,2
DA:75,8
DA:76,2
DA:77,2
DA:78,2
DA:81,2
DA:82,8
DA:83,4
DA:84,4
DA:85,4
DA:88,2
DA:91,1
DA:101,1
DA:102,4
DA:105,1
DA:106,3
DA:108,1
DA:110,1
DA:112,1
DA:148,1
DA:149,0
DA:150,0
DA:151,0
DA:155,0
DA:156,0
DA:157,0
DA:162,1
DA:163,0
DA:164,0
DA:165,0
DA:167,0
DA:168,0
LF:40
LH:28
BRDA:69,0,0,3
BRDA:69,0,1,7
BRDA:70,1,0,7
BRDA:70,1,1,0
BRDA:75,2,0,2
BRDA:75,2,1,6
BRDA:82,3,0,4
BRDA:82,3,1,4
BRDA:166,4,0,0
BRF:9
BRH:7
end_of_record
TN:
SF:/Users/milan/Assembl/assembl/assembl/static2/js/app/components/administration/landingPage/moduleBlock.jsx
FN:15,(anonymous_0)
FNF:1
FNH:1
FNDA:5,(anonymous_0)
DA:15,3
DA:16,5
DA:38,3
LF:3
LH:3
BRDA:19,0,0,3
BRDA:19,0,1,2
BRDA:21,1,0,2
BRDA:21,1,1,3
BRF:4
BRH:4
end_of_record
TN:
SF:/Users/milan/Assembl/assembl/assembl/static2/js/app/components/administration/landingPage/modulesPreview.jsx
FN:13,(anonymous_0)
FN:18,(anonymous_1)
FN:24,(anonymous_2)
FN:25,(anonymous_3)
FN:39,(anonymous_4)
FNF:5
FNH:3
FNDA:2,(anonymous_0)
FNDA:3,(anonymous_1)
FNDA:0,(anonymous_2)
FNDA:0,(anonymous_3)
FNDA:1,(anonymous_4)
DA:13,2
DA:14,2
DA:15,1
DA:18,1
DA:19,3
DA:20,3
DA:21,3
DA:24,0
DA:25,0
DA:33,1
DA:34,1
DA:35,1
DA:39,1
LF:13
LH:11
BRDA:14,0,0,1
BRDA:14,0,1,1
BRDA:27,1,0,3
BRDA:27,1,1,0
BRF:4
BRH:3
end_of_record
TN:
SF:/Users/milan/Assembl/assembl/assembl/static2/js/app/components/administration/landingPage/selectModulesForm.jsx
FN:15,(anonymous_0)
FN:18,(anonymous_1)
FN:26,(anonymous_2)
FNF:3
FNH:2
FNDA:1,(anonymous_0)
FNDA:4,(anonymous_1)
FNDA:0,(anonymous_2)
DA:15,2
DA:16,1
DA:19,4
DA:20,4
DA:21,4
DA:22,4
DA:26,0
LF:7
LH:6
BRDA:20,0,0,4
BRDA:20,0,1,0
BRDA:25,1,0,4
BRDA:25,1,1,4
BRDA:25,1,2,1
BRDA:26,2,0,0
BRDA:26,2,1,0
BRF:7
BRH:4
end_of_record
TN:
SF:/Users/milan/Assembl/assembl/assembl/static2/js/app/components/administration/survey/step2.jsx
FN:15,getTabsFromThemes
FN:17,(anonymous_1)
FN:29,(anonymous_2)
FN:36,(anonymous_3)
FN:86,(anonymous_4)
FNF:5
FNH:2
FNDA:1,getTabsFromThemes
FNDA:2,(anonymous_1)
FNDA:0,(anonymous_2)
FNDA:0,(anonymous_3)
FNDA:0,(anonymous_4)
DA:16,1
DA:17,2
DA:29,1
DA:30,0
DA:37,0
DA:38,0
DA:39,0
DA:40,0
DA:41,0
DA:42,0
DA:43,0
DA:44,0
DA:45,0
DA:46,0
DA:87,0
LF:15
LH:3
BRDA:16,0,0,1
BRDA:16,0,1,0
BRDA:34,1,0,0
BRDA:34,1,1,0
BRDA:34,2,0,0
BRDA:34,2,1,0
BRF:6
BRH:1
end_of_record
TN:
SF:/Users/milan/Assembl/assembl/assembl/static2/js/app/components/administration/voteSession/customizeGaugeForm.jsx
FN:50,(anonymous_0)
FN:69,(anonymous_1)
FN:79,(anonymous_2)
FN:82,(anonymous_3)
FN:90,(anonymous_4)
FN:97,(anonymous_5)
FN:98,(anonymous_6)
FN:107,(anonymous_7)
FN:108,(anonymous_8)
FN:117,(anonymous_9)
FN:118,(anonymous_10)
FN:127,(anonymous_11)
FN:128,(anonymous_12)
FN:137,(anonymous_13)
FN:138,(anonymous_14)
FN:140,(anonymous_15)
FN:141,(anonymous_16)
FN:149,(anonymous_17)
FN:150,(anonymous_18)
FN:158,(anonymous_19)
FN:159,(anonymous_20)
FN:167,(anonymous_21)
FN:168,(anonymous_22)
FN:169,(anonymous_23)
FN:175,(anonymous_24)
FN:181,(anonymous_25)
FN:184,(anonymous_26)
FN:204,(anonymous_27)
FN:205,(anonymous_28)
FN:206,(anonymous_29)
FN:229,(anonymous_30)
FN:240,(anonymous_31)
FN:255,(anonymous_32)
FN:256,(anonymous_33)
FN:257,(anonymous_34)
FNF:35
FNH:3
FNDA:1,(anonymous_0)
FNDA:0,(anonymous_1)
FNDA:0,(anonymous_2)
FNDA:0,(anonymous_3)
FNDA:0,(anonymous_4)
FNDA:0,(anonymous_5)
FNDA:0,(anonymous_6)
FNDA:0,(anonymous_7)
FNDA:0,(anonymous_8)
FNDA:0,(anonymous_9)
FNDA:0,(anonymous_10)
FNDA:0,(anonymous_11)
FNDA:0,(anonymous_12)
FNDA:0,(anonymous_13)
FNDA:0,(anonymous_14)
FNDA:0,(anonymous_15)
FNDA:0,(anonymous_16)
FNDA:0,(anonymous_17)
FNDA:0,(anonymous_18)
FNDA:0,(anonymous_19)
FNDA:0,(anonymous_20)
FNDA:0,(anonymous_21)
FNDA:0,(anonymous_22)
FNDA:0,(anonymous_23)
FNDA:0,(anonymous_24)
FNDA:1,(anonymous_25)
FNDA:1,(anonymous_26)
FNDA:0,(anonymous_27)
FNDA:0,(anonymous_28)
FNDA:0,(anonymous_29)
FNDA:0,(anonymous_30)
FNDA:0,(anonymous_31)
FNDA:0,(anonymous_32)
FNDA:0,(anonymous_33)
FNDA:0,(anonymous_34)
DA:51,1
DA:52,1
DA:70,0
DA:71,0
DA:72,0
DA:73,0
DA:74,0
DA:75,0
DA:79,0
DA:82,0
DA:84,0
DA:86,0
DA:87,0
DA:91,0
DA:98,0
DA:108,0
DA:118,0
DA:128,0
DA:138,0
DA:141,0
DA:150,0
DA:159,0
DA:168,0
DA:169,0
DA:171,0
DA:175,0
DA:182,1
DA:185,1
DA:186,1
DA:204,0
DA:205,0
DA:206,0
DA:229,24
DA:230,0
DA:231,0
DA:232,0
DA:233,0
DA:235,0
DA:241,0
DA:242,0
DA:245,0
DA:249,0
DA:255,24
DA:256,0
DA:257,0
LF:45
LH:7
BRDA:73,0,0,0
BRDA:73,0,1,0
BRDA:79,1,0,0
BRDA:79,1,1,0
BRDA:182,2,0,1
BRDA:182,2,1,0
BRDA:218,3,0,1
BRDA:218,3,1,0
BRDA:239,4,0,0
BRDA:239,4,1,0
BRDA:241,5,0,0
BRDA:241,5,1,0
BRDA:241,6,0,0
BRDA:241,6,1,0
BRF:14
BRH:2
end_of_record
TN:
SF:/Users/milan/Assembl/assembl/assembl/static2/js/app/components/administration/voteSession/gaugeForm.jsx
FN:55,(anonymous_0)
FN:65,(anonymous_1)
FN:86,(anonymous_2)
FN:110,(anonymous_3)
FN:157,(anonymous_4)
FN:168,(anonymous_5)
FN:201,(anonymous_6)
FN:202,(anonymous_7)
FN:203,(anonymous_8)
FN:217,(anonymous_9)
FN:223,(anonymous_10)
FN:224,(anonymous_11)
FN:228,(anonymous_12)
FN:232,(anonymous_13)
FN:236,(anonymous_14)
FN:240,(anonymous_15)
FN:244,(anonymous_16)
FN:251,(anonymous_17)
FN:255,(anonymous_18)
FN:259,(anonymous_19)
FN:264,(anonymous_20)
FNF:21
FNH:2
FNDA:0,(anonymous_0)
FNDA:0,(anonymous_1)
FNDA:0,(anonymous_2)
FNDA:3,(anonymous_3)
FNDA:0,(anonymous_4)
FNDA:27,(anonymous_5)
FNDA:0,(anonymous_6)
FNDA:0,(anonymous_7)
FNDA:0,(anonymous_8)
FNDA:0,(anonymous_9)
FNDA:0,(anonymous_10)
FNDA:0,(anonymous_11)
FNDA:0,(anonymous_12)
FNDA:0,(anonymous_13)
FNDA:0,(anonymous_14)
FNDA:0,(anonymous_15)
FNDA:0,(anonymous_16)
FNDA:0,(anonymous_17)
FNDA:0,(anonymous_18)
FNDA:0,(anonymous_19)
FNDA:0,(anonymous_20)
DA:55,24
DA:56,0
DA:57,0
DA:58,0
DA:66,0
DA:67,0
DA:68,0
DA:69,0
DA:86,24
DA:94,0
DA:95,0
DA:96,0
DA:97,0
DA:98,0
DA:99,0
DA:100,0
DA:103,0
DA:104,0
DA:105,0
DA:110,24
DA:132,3
DA:158,0
DA:169,27
DA:201,0
DA:202,0
DA:203,0
DA:211,24
DA:217,24
DA:218,0
DA:219,0
DA:220,0
DA:223,24
DA:225,0
DA:226,0
DA:229,0
DA:230,0
DA:233,0
DA:234,0
DA:237,0
DA:238,0
DA:241,0
DA:242,0
DA:245,0
DA:246,0
DA:247,0
DA:248,0
DA:252,0
DA:253,0
DA:256,0
DA:257,0
DA:260,0
DA:261,0
DA:265,0
DA:266,0
LF:54
LH:8
BRDA:61,0,0,0
BRDA:61,0,1,0
BRDA:63,1,0,0
BRDA:63,1,1,0
BRDA:94,2,0,0
BRDA:94,2,1,0
BRDA:96,3,0,0
BRDA:96,3,1,0
BRDA:133,4,0,3
BRDA:133,4,1,3
BRDA:175,5,0,3
BRDA:175,5,1,2
BRDA:195,6,0,3
BRDA:195,6,1,1
BRDA:206,7,0,3
BRDA:206,7,1,2
BRF:16
BRH:8
end_of_record
TN:
SF:/Users/milan/Assembl/assembl/assembl/static2/js/app/components/administration/voteSession/modulesSection.jsx
FN:33,(anonymous_0)
FN:42,(anonymous_1)
FN:42,(anonymous_2)
FN:43,(anonymous_3)
FN:43,(anonymous_4)
FN:56,(anonymous_5)
FN:67,(anonymous_6)
FN:72,(anonymous_7)
FN:96,(anonymous_8)
FN:100,(anonymous_9)
FN:108,(anonymous_10)
FN:116,(anonymous_11)
FN:125,(anonymous_12)
FN:142,(anonymous_13)
FN:146,(anonymous_14)
FN:146,(anonymous_15)
FN:147,(anonymous_16)
FN:147,(anonymous_17)
FN:153,(anonymous_18)
FN:154,(anonymous_19)
FN:160,(anonymous_20)
FN:166,(anonymous_21)
FN:169,(anonymous_22)
FN:179,(anonymous_23)
FN:184,(anonymous_24)
FN:192,(anonymous_25)
FN:199,(anonymous_26)
FNF:27
FNH:6
FNDA:2,(anonymous_0)
FNDA:1,(anonymous_1)
FNDA:0,(anonymous_2)
FNDA:2,(anonymous_3)
FNDA:1,(anonymous_4)
FNDA:0,(anonymous_5)
FNDA:0,(anonymous_6)
FNDA:0,(anonymous_7)
FNDA:0,(anonymous_8)
FNDA:10,(anonymous_9)
FNDA:1,(anonymous_10)
FNDA:0,(anonymous_11)
FNDA:0,(anonymous_12)
FNDA:0,(anonymous_13)
FNDA:0,(anonymous_14)
FNDA:0,(anonymous_15)
FNDA:0,(anonymous_16)
FNDA:0,(anonymous_17)
FNDA:0,(anonymous_18)
FNDA:0,(anonymous_19)
FNDA:0,(anonymous_20)
FNDA:0,(anonymous_21)
FNDA:0,(anonymous_22)
FNDA:0,(anonymous_23)
FNDA:0,(anonymous_24)
FNDA:0,(anonymous_25)
FNDA:0,(anonymous_26)
DA:33,2
DA:42,2
DA:43,2
DA:44,2
DA:45,2
DA:47,2
DA:57,0
DA:67,0
DA:73,0
DA:97,0
DA:101,10
DA:108,1
DA:117,0
DA:126,0
DA:142,2
DA:143,0
DA:144,0
DA:145,0
DA:146,0
DA:147,0
DA:153,2
DA:154,0
DA:155,0
DA:156,0
DA:157,0
DA:160,0
DA:161,0
DA:162,0
DA:165,0
DA:167,0
DA:168,0
DA:169,0
DA:170,0
DA:173,0
DA:175,0
DA:176,0
DA:179,0
DA:180,0
DA:185,0
DA:186,0
DA:187,0
DA:188,0
DA:191,0
DA:192,0
DA:193,0
DA:194,0
DA:199,0
LF:47
LH:10
BRDA:68,0,0,2
BRDA:68,0,1,2
BRDA:68,0,2,1
BRDA:83,1,0,1
BRDA:83,1,1,1
BRDA:109,2,0,2
BRDA:109,2,1,2
BRDA:109,2,2,1
BRDA:167,3,0,0
BRDA:167,3,1,0
BRDA:168,4,0,0
BRDA:168,4,1,0
BRDA:175,5,0,0
BRDA:175,5,1,0
BRDA:185,6,0,0
BRDA:185,6,1,0
BRDA:193,7,0,0
BRDA:193,7,1,0
BRF:18
BRH:8
end_of_record
TN:
SF:/Users/milan/Assembl/assembl/assembl/static2/js/app/components/administration/voteSession/numberGaugeForm.jsx
FN:16,(anonymous_0)
FN:27,(anonymous_1)
FN:34,(anonymous_2)
FNF:3
FNH:1
FNDA:1,(anonymous_0)
FNDA:0,(anonymous_1)
FNDA:0,(anonymous_2)
DA:16,24
DA:24,1
DA:27,0
DA:34,0
LF:4
LH:2
BRDA:28,0,0,1
BRDA:28,0,1,0
BRDA:35,1,0,1
BRDA:35,1,1,0
BRF:4
BRH:2
end_of_record
TN:
SF:/Users/milan/Assembl/assembl/assembl/static2/js/app/components/administration/voteSession/pageForm.jsx
FN:42,(anonymous_0)
FN:156,(anonymous_1)
FN:170,(anonymous_2)
FN:171,(anonymous_3)
FN:172,(anonymous_4)
FN:173,(anonymous_5)
FN:174,(anonymous_6)
FN:175,(anonymous_7)
FN:176,(anonymous_8)
FNF:9
FNH:1
FNDA:1,(anonymous_0)
FNDA:0,(anonymous_1)
FNDA:0,(anonymous_2)
FNDA:0,(anonymous_3)
FNDA:0,(anonymous_4)
FNDA:0,(anonymous_5)
FNDA:0,(anonymous_6)
FNDA:0,(anonymous_7)
FNDA:0,(anonymous_8)
DA:42,2
DA:58,1
DA:59,1
DA:60,1
DA:61,1
DA:62,1
DA:63,1
DA:64,1
DA:65,1
DA:66,1
DA:156,2
DA:157,0
DA:158,0
DA:159,0
DA:170,2
DA:171,0
DA:172,0
DA:173,0
DA:174,0
DA:175,0
DA:176,0
LF:21
LH:12
BRF:0
BRH:0
end_of_record
TN:
SF:/Users/milan/Assembl/assembl/assembl/static2/js/app/components/administration/voteSession/textGaugeForm.jsx
FN:13,(anonymous_0)
FN:15,(anonymous_1)
FN:19,(anonymous_2)
FNF:3
FNH:2
FNDA:1,(anonymous_0)
FNDA:2,(anonymous_1)
FNDA:0,(anonymous_2)
DA:13,24
DA:14,1
DA:16,2
DA:19,0
LF:4
LH:3
BRF:0
BRH:0
end_of_record
TN:
SF:/Users/milan/Assembl/assembl/assembl/static2/js/app/components/administration/voteSession/tokenCategoryForm.jsx
FN:26,(anonymous_0)
FN:52,(anonymous_1)
FN:73,(anonymous_2)
FN:84,(anonymous_3)
FN:85,(anonymous_4)
FN:86,(anonymous_5)
FN:91,(anonymous_6)
FNF:7
FNH:1
FNDA:1,(anonymous_0)
FNDA:0,(anonymous_1)
FNDA:0,(anonymous_2)
FNDA:0,(anonymous_3)
FNDA:0,(anonymous_4)
FNDA:0,(anonymous_5)
FNDA:0,(anonymous_6)
DA:26,4
DA:36,1
DA:52,0
DA:73,4
DA:74,0
DA:75,0
DA:76,0
DA:77,0
DA:84,4
DA:85,0
DA:87,0
DA:88,0
DA:91,0
LF:13
LH:4
BRDA:69,0,0,1
BRDA:69,0,1,1
BRDA:87,1,0,0
BRDA:87,1,1,0
BRF:4
BRH:2
end_of_record
TN:
SF:/Users/milan/Assembl/assembl/assembl/static2/js/app/components/administration/voteSession/tokensForm.jsx
FN:32,(anonymous_0)
FN:61,(anonymous_1)
FN:68,(anonymous_2)
FN:85,(anonymous_3)
FN:104,(anonymous_4)
FN:120,(anonymous_5)
FN:131,(anonymous_6)
FN:132,(anonymous_7)
FN:136,(anonymous_8)
FN:150,(anonymous_9)
FNF:10
FNH:3
FNDA:2,(anonymous_0)
FNDA:0,(anonymous_1)
FNDA:20,(anonymous_2)
FNDA:0,(anonymous_3)
FNDA:4,(anonymous_4)
FNDA:0,(anonymous_5)
FNDA:0,(anonymous_6)
FNDA:0,(anonymous_7)
FNDA:0,(anonymous_8)
FNDA:0,(anonymous_9)
DA:32,3
DA:43,2
DA:62,0
DA:69,20
DA:86,0
DA:105,4
DA:120,3
DA:121,0
DA:122,0
DA:123,0
DA:131,3
DA:133,0
DA:134,0
DA:137,0
DA:138,0
DA:139,0
DA:140,0
DA:141,0
DA:144,0
DA:145,0
DA:146,0
DA:151,0
DA:152,0
LF:23
LH:6
BRDA:75,0,0,2
BRDA:75,0,1,1
BRDA:84,1,0,0
BRDA:84,1,1,1
BRDA:101,2,0,2
BRDA:101,2,1,0
BRDA:138,3,0,0
BRDA:138,3,1,0
BRF:8
BRH:4
end_of_record
TN:
SF:/Users/milan/Assembl/assembl/assembl/static2/js/app/components/administration/voteSession/voteProposalForm.jsx
FN:49,(anonymous_0)
FN:52,(anonymous_1)
FN:77,(anonymous_2)
FN:78,(anonymous_3)
FN:80,(anonymous_4)
FN:81,(anonymous_5)
FN:83,(anonymous_6)
FN:84,(anonymous_7)
FN:96,(anonymous_8)
FN:111,(anonymous_9)
FN:176,(anonymous_10)
FN:182,(anonymous_11)
FN:187,(anonymous_12)
FN:192,(anonymous_13)
FN:194,(anonymous_14)
FN:201,(anonymous_15)
FN:215,(anonymous_16)
FN:226,(anonymous_17)
FN:245,(anonymous_18)
FN:255,(anonymous_19)
FN:257,(anonymous_20)
FN:263,(anonymous_21)
FN:271,(anonymous_22)
FN:272,(anonymous_23)
FN:273,(anonymous_24)
FN:277,(anonymous_25)
FN:280,(anonymous_26)
FN:283,(anonymous_27)
FN:284,(anonymous_28)
FN:285,(anonymous_29)
FN:289,(anonymous_30)
FN:290,(anonymous_31)
FNF:32
FNH:2
FNDA:8,(anonymous_0)
FNDA:2,(anonymous_1)
FNDA:0,(anonymous_2)
FNDA:0,(anonymous_3)
FNDA:0,(anonymous_4)
FNDA:0,(anonymous_5)
FNDA:0,(anonymous_6)
FNDA:0,(anonymous_7)
FNDA:0,(anonymous_8)
FNDA:0,(anonymous_9)
FNDA:0,(anonymous_10)
FNDA:0,(anonymous_11)
FNDA:0,(anonymous_12)
FNDA:0,(anonymous_13)
FNDA:0,(anonymous_14)
FNDA:0,(anonymous_15)
FNDA:0,(anonymous_16)
FNDA:0,(anonymous_17)
FNDA:0,(anonymous_18)
FNDA:0,(anonymous_19)
FNDA:0,(anonymous_20)
FNDA:0,(anonymous_21)
FNDA:0,(anonymous_22)
FNDA:0,(anonymous_23)
FNDA:0,(anonymous_24)
FNDA:0,(anonymous_25)
FNDA:0,(anonymous_26)
FNDA:0,(anonymous_27)
FNDA:0,(anonymous_28)
FNDA:0,(anonymous_29)
FNDA:0,(anonymous_30)
FNDA:0,(anonymous_31)
DA:49,24
DA:50,8
DA:52,24
DA:73,2
DA:74,0
DA:77,2
DA:78,2
DA:80,2
DA:81,0
DA:83,2
DA:84,0
DA:85,0
DA:86,0
DA:87,0
DA:89,0
DA:92,0
DA:96,2
DA:97,0
DA:98,0
DA:99,0
DA:107,0
DA:108,0
DA:111,2
DA:112,0
DA:113,0
DA:116,2
DA:118,2
DA:119,2
DA:121,2
DA:177,0
DA:183,0
DA:187,0
DA:193,0
DA:194,0
DA:195,0
DA:201,0
DA:216,0
DA:227,0
DA:245,24
DA:246,0
DA:247,0
DA:248,0
DA:249,0
DA:255,0
DA:258,0
DA:264,0
DA:271,24
DA:272,0
DA:274,0
DA:275,0
DA:278,0
DA:281,0
DA:283,0
DA:284,0
DA:286,0
DA:287,0
DA:289,0
DA:290,0
LF:58
LH:16
BRDA:50,0,0,0
BRDA:50,0,1,8
BRDA:50,1,0,8
BRDA:50,1,1,0
BRDA:73,2,0,0
BRDA:73,2,1,2
BRDA:81,3,0,0
BRDA:81,3,1,0
BRDA:85,4,0,0
BRDA:85,4,1,0
BRDA:86,5,0,0
BRDA:86,5,1,0
BRDA:116,6,0,2
BRDA:116,6,1,2
BRDA:118,7,0,2
BRDA:118,7,1,0
BRDA:119,8,0,2
BRDA:119,8,1,2
BRDA:125,9,0,0
BRDA:125,9,1,2
BRDA:132,10,0,0
BRDA:132,10,1,2
BRDA:140,11,0,2
BRDA:140,11,1,0
BRDA:142,12,0,0
BRDA:142,12,1,0
BRDA:174,13,0,2
BRDA:174,13,1,0
BRDA:174,13,2,0
BRDA:193,14,0,0
BRDA:193,14,1,0
BRDA:203,15,0,0
BRDA:203,15,1,0
BRDA:203,16,0,0
BRDA:203,16,1,0
BRDA:210,17,0,0
BRDA:210,17,1,0
BRDA:210,17,2,0
BRDA:223,18,0,0
BRDA:223,18,1,0
BRDA:253,19,0,0
BRDA:253,19,1,0
BRDA:258,20,0,0
BRDA:258,20,1,0
BRDA:258,20,2,0
BRDA:264,21,0,0
BRDA:264,21,1,0
BRDA:264,21,2,0
BRF:48
BRH:12
end_of_record
TN:
SF:/Users/milan/Assembl/assembl/assembl/static2/js/app/components/administration/voteSession/voteProposalsSection.jsx
FN:20,(anonymous_0)
FN:29,(anonymous_1)
FN:43,(anonymous_2)
FN:48,(anonymous_3)
FN:49,(anonymous_4)
FN:50,(anonymous_5)
FN:56,(anonymous_6)
FN:57,(anonymous_7)
FNF:8
FNH:2
FNDA:2,(anonymous_0)
FNDA:2,(anonymous_1)
FNDA:0,(anonymous_2)
FNDA:0,(anonymous_3)
FNDA:0,(anonymous_4)
FNDA:0,(anonymous_5)
FNDA:0,(anonymous_6)
FNDA:0,(anonymous_7)
DA:20,2
DA:21,2
DA:30,2
DA:43,2
DA:44,0
DA:45,0
DA:46,0
DA:48,0
DA:49,0
DA:50,0
DA:56,2
DA:58,0
DA:59,0
LF:13
LH:5
BRF:0
BRH:0
end_of_record
TN:
SF:/Users/milan/Assembl/assembl/assembl/static2/js/app/components/common/ChatFrame.jsx
FN:7,(anonymous_0)
FN:17,(anonymous_1)
FN:36,(anonymous_2)
FN:36,(anonymous_3)
FN:38,(anonymous_4)
FN:51,(anonymous_5)
FNF:6
FNH:0
FNDA:0,(anonymous_0)
FNDA:0,(anonymous_1)
FNDA:0,(anonymous_2)
FNDA:0,(anonymous_3)
FNDA:0,(anonymous_4)
FNDA:0,(anonymous_5)
DA:7,4
DA:8,0
DA:17,4
DA:18,0
DA:36,0
DA:39,0
DA:40,0
DA:41,0
DA:42,0
DA:51,4
LF:10
LH:3
BRDA:18,0,0,0
BRDA:18,0,1,0
BRDA:40,1,0,0
BRDA:40,1,1,0
BRDA:43,2,0,0
BRDA:43,2,1,0
BRDA:44,3,0,0
BRDA:44,3,1,0
BRF:8
BRH:0
end_of_record
TN:
SF:/Users/milan/Assembl/assembl/assembl/static2/js/app/components/common/attachments.jsx
FN:11,(anonymous_0)
FN:14,(anonymous_1)
FNF:2
FNH:2
FNDA:1,(anonymous_0)
FNDA:2,(anonymous_1)
DA:9,5
DA:11,5
DA:12,1
DA:15,2
DA:16,0
DA:18,2
DA:19,2
DA:20,1
DA:23,1
LF:9
LH:8
BRDA:13,0,0,1
BRDA:13,0,1,1
BRDA:15,1,0,0
BRDA:15,1,1,2
BRDA:15,2,0,2
BRDA:15,2,1,2
BRDA:19,3,0,1
BRDA:19,3,1,1
BRDA:19,4,0,2
BRDA:19,4,1,2
BRDA:26,5,0,1
BRDA:26,5,1,0
BRDA:27,6,0,1
BRDA:27,6,1,0
BRF:14
BRH:11
end_of_record
TN:
SF:/Users/milan/Assembl/assembl/assembl/static2/js/app/components/common/avatar.jsx
FN:14,(anonymous_0)
FN:19,(anonymous_1)
FN:23,(anonymous_2)
FN:29,(anonymous_3)
FN:36,(anonymous_4)
FN:52,(anonymous_5)
FN:66,(anonymous_6)
FN:86,(anonymous_7)
FN:95,(anonymous_8)
FN:96,(anonymous_9)
FNF:10
FNH:0
FNDA:0,(anonymous_0)
FNDA:0,(anonymous_1)
FNDA:0,(anonymous_2)
FNDA:0,(anonymous_3)
FNDA:0,(anonymous_4)
FNDA:0,(anonymous_5)
FNDA:0,(anonymous_6)
FNDA:0,(anonymous_7)
FNDA:0,(anonymous_8)
FNDA:0,(anonymous_9)
DA:15,0
DA:16,0
DA:20,0
DA:24,0
DA:25,0
DA:30,0
DA:31,0
DA:37,0
DA:38,0
DA:39,0
DA:40,0
DA:45,0
DA:52,0
DA:53,0
DA:57,0
DA:58,0
DA:59,0
DA:67,0
DA:86,1
DA:95,0
DA:97,0
DA:98,0
DA:104,0
LF:23
LH:1
BRDA:24,0,0,0
BRDA:24,0,1,0
BRDA:39,1,0,0
BRDA:39,1,1,0
BRDA:39,2,0,0
BRDA:39,2,1,0
BRDA:40,3,0,0
BRDA:40,3,1,0
BRDA:61,4,0,0
BRDA:61,4,1,0
BRDA:61,4,2,0
BRDA:62,5,0,0
BRDA:62,5,1,0
BRDA:97,6,0,0
BRDA:97,6,1,0
BRDA:97,7,0,0
BRDA:97,7,1,0
BRF:17
BRH:0
end_of_record
TN:
SF:/Users/milan/Assembl/assembl/assembl/static2/js/app/components/common/avatarImage.jsx
FN:3,(anonymous_0)
FN:11,(anonymous_1)
FNF:2
FNH:1
FNDA:3,(anonymous_0)
FNDA:0,(anonymous_1)
DA:3,8
DA:4,3
DA:5,3
DA:12,0
DA:13,0
LF:5
LH:3
BRDA:4,0,0,3
BRDA:4,0,1,0
BRF:2
BRH:1
end_of_record
TN:
SF:/Users/milan/Assembl/assembl/assembl/static2/js/app/components/common/boxWithHyphen.jsx
FN:24,(anonymous_0)
FN:48,(anonymous_1)
FNF:2
FNH:2
FNDA:2,(anonymous_0)
FNDA:2,(anonymous_1)
DA:24,4
DA:25,2
DA:49,2
DA:50,2
DA:51,2
LF:5
LH:5
BRDA:33,0,0,2
BRDA:33,0,1,0
BRDA:53,1,0,1
BRDA:53,1,1,1
BRF:4
BRH:3
end_of_record
TN:
SF:/Users/milan/Assembl/assembl/assembl/static2/js/app/components/common/card.jsx
FN:11,(anonymous_0)
FNF:1
FNH:1
FNDA:3,(anonymous_0)
DA:12,3
DA:13,3
LF:2
LH:2
BRDA:14,0,0,3
BRDA:14,0,1,0
BRDA:15,1,0,3
BRDA:15,1,1,0
BRF:4
BRH:2
end_of_record
TN:
SF:/Users/milan/Assembl/assembl/assembl/static2/js/app/components/common/cardList.jsx
FN:13,(anonymous_0)
FN:17,(anonymous_1)
FNF:2
FNH:2
FNDA:2,(anonymous_0)
FNDA:4,(anonymous_1)
DA:14,2
DA:15,2
DA:18,4
LF:3
LH:3
BRDA:22,0,0,4
BRDA:22,0,1,0
BRDA:23,1,0,4
BRDA:23,1,1,2
BRF:4
BRH:3
end_of_record
TN:
SF:/Users/milan/Assembl/assembl/assembl/static2/js/app/components/common/circleAvatar.jsx
FN:14,(anonymous_0)
FNF:1
FNH:1
FNDA:10,(anonymous_0)
DA:14,1
DA:15,10
DA:18,1
LF:3
LH:3
BRDA:15,0,0,10
BRDA:15,0,1,0
BRF:2
BRH:1
end_of_record
TN:
SF:/Users/milan/Assembl/assembl/assembl/static2/js/app/components/common/configuredField.jsx
FN:18,(anonymous_0)
FN:24,(anonymous_1)
FN:39,(anonymous_2)
FN:45,(anonymous_3)
FNF:4
FNH:1
FNDA:3,(anonymous_0)
FNDA:0,(anonymous_1)
FNDA:0,(anonymous_2)
FNDA:0,(anonymous_3)
DA:18,1
DA:19,3
DA:20,2
DA:24,0
DA:33,1
DA:34,0
DA:39,0
DA:46,0
DA:54,1
LF:9
LH:5
BRDA:19,0,0,2
BRDA:19,0,1,1
BRDA:19,1,0,3
BRDA:19,1,1,3
BRDA:33,2,0,0
BRDA:33,2,1,1
BRDA:33,3,0,1
BRDA:33,3,1,0
BRDA:39,4,0,0
BRDA:39,4,1,0
BRDA:40,5,0,0
BRDA:40,5,1,0
BRF:12
BRH:6
end_of_record
TN:
SF:/Users/milan/Assembl/assembl/assembl/static2/js/app/components/common/documentExtensionIcon.jsx
FN:22,(anonymous_0)
FN:31,(anonymous_1)
FN:36,(anonymous_2)
FNF:3
FNH:3
FNDA:4,(anonymous_0)
FNDA:3,(anonymous_1)
FNDA:1,(anonymous_2)
DA:9,1
DA:10,1
DA:11,1
DA:22,1
DA:23,4
DA:24,4
DA:25,1
DA:28,3
DA:31,1
DA:32,3
DA:33,3
DA:36,1
DA:37,1
DA:38,1
DA:39,1
LF:15
LH:15
BRDA:24,0,0,1
BRDA:24,0,1,3
BRF:2
BRH:2
end_of_record
TN:
SF:/Users/milan/Assembl/assembl/assembl/static2/js/app/components/common/editAttachments.jsx
FN:14,(anonymous_0)
FN:16,(anonymous_1)
FN:24,(anonymous_2)
FNF:3
FNH:2
FNDA:1,(anonymous_0)
FNDA:2,(anonymous_1)
FNDA:0,(anonymous_2)
DA:14,1
DA:15,1
DA:17,2
DA:18,2
DA:24,0
LF:5
LH:4
BRDA:22,0,0,2
BRDA:22,0,1,0
BRF:2
BRH:1
end_of_record
TN:
SF:/Users/milan/Assembl/assembl/assembl/static2/js/app/components/common/error.jsx
FN:5,(anonymous_0)
FNF:1
FNH:0
FNDA:0,(anonymous_0)
DA:6,0
LF:1
LH:0
BRF:0
BRH:0
end_of_record
TN:
SF:/Users/milan/Assembl/assembl/assembl/static2/js/app/components/common/fileUploader.jsx
FN:46,(anonymous_0)
FN:54,(anonymous_1)
FN:58,(anonymous_2)
FN:64,(anonymous_3)
FN:68,(anonymous_4)
FN:78,(anonymous_5)
FN:86,(anonymous_6)
FN:102,(anonymous_7)
FN:119,(anonymous_8)
FN:142,(anonymous_9)
FN:158,(anonymous_10)
FN:171,(anonymous_11)
FNF:12
FNH:7
FNDA:4,(anonymous_0)
FNDA:4,(anonymous_1)
FNDA:0,(anonymous_2)
FNDA:0,(anonymous_3)
FNDA:0,(anonymous_4)
FNDA:4,(anonymous_5)
FNDA:2,(anonymous_6)
FNDA:0,(anonymous_7)
FNDA:7,(anonymous_8)
FNDA:0,(anonymous_9)
FNDA:7,(anonymous_10)
FNDA:8,(anonymous_11)
DA:47,4
DA:48,4
DA:55,4
DA:59,0
DA:60,0
DA:65,0
DA:69,0
DA:70,0
DA:71,0
DA:74,0
DA:81,4
DA:82,2
DA:83,2
DA:84,2
DA:87,2
DA:94,2
DA:95,2
DA:97,2
DA:98,2
DA:103,0
DA:120,7
DA:121,7
DA:122,7
DA:123,7
DA:124,7
DA:125,7
DA:126,7
DA:127,7
DA:128,0
DA:143,0
DA:149,7
DA:159,7
DA:172,8
LF:33
LH:23
BRDA:59,0,0,0
BRDA:59,0,1,0
BRDA:70,1,0,0
BRDA:70,1,1,0
BRDA:72,2,0,0
BRDA:72,2,1,0
BRDA:81,3,0,2
BRDA:81,3,1,2
BRDA:81,4,0,4
BRDA:81,4,1,4
BRDA:88,5,0,2
BRDA:88,5,1,0
BRDA:94,6,0,2
BRDA:94,6,1,0
BRDA:97,7,0,2
BRDA:97,7,1,0
BRDA:104,8,0,0
BRDA:104,8,1,0
BRDA:122,9,0,7
BRDA:122,9,1,3
BRDA:122,9,2,3
BRDA:125,10,0,7
BRDA:125,10,1,7
BRDA:125,10,2,2
BRDA:126,11,0,7
BRDA:126,11,1,7
BRDA:127,12,0,0
BRDA:127,12,1,7
BRDA:130,13,0,0
BRDA:130,13,1,0
BRDA:130,14,0,0
BRDA:130,14,1,0
BRDA:130,14,2,0
BRDA:130,14,3,0
BRDA:154,15,0,7
BRDA:154,15,1,5
BRDA:155,16,0,1
BRDA:155,16,1,4
BRDA:155,17,0,5
BRDA:155,17,1,2
BRDA:165,18,0,7
BRDA:165,18,1,5
BRF:42
BRH:24
end_of_record
TN:
SF:/Users/milan/Assembl/assembl/assembl/static2/js/app/components/common/flatList.jsx
FN:43,(anonymous_0)
FN:46,(anonymous_1)
FN:50,(anonymous_2)
FN:54,(anonymous_3)
FN:71,(anonymous_4)
FN:83,(anonymous_5)
FN:94,(anonymous_6)
FN:97,(anonymous_7)
FN:104,(anonymous_8)
FN:106,(anonymous_9)
FN:111,(anonymous_10)
FN:133,(anonymous_11)
FN:140,(anonymous_12)
FNF:13
FNH:3
FNDA:1,(anonymous_0)
FNDA:0,(anonymous_1)
FNDA:0,(anonymous_2)
FNDA:0,(anonymous_3)
FNDA:0,(anonymous_4)
FNDA:0,(anonymous_5)
FNDA:0,(anonymous_6)
FNDA:0,(anonymous_7)
FNDA:0,(anonymous_8)
FNDA:0,(anonymous_9)
FNDA:2,(anonymous_10)
FNDA:0,(anonymous_11)
FNDA:1,(anonymous_12)
DA:47,0
DA:51,0
DA:55,0
DA:56,0
DA:58,0
DA:59,0
DA:60,0
DA:62,0
DA:63,0
DA:64,0
DA:65,0
DA:66,0
DA:74,0
DA:75,0
DA:76,0
DA:79,0
DA:80,0
DA:81,0
DA:85,0
DA:86,0
DA:87,0
DA:89,0
DA:90,0
DA:91,0
DA:95,0
DA:98,0
DA:99,0
DA:105,0
DA:106,0
DA:107,0
DA:112,2
DA:114,2
DA:115,0
DA:118,2
DA:119,2
DA:124,1
DA:126,1
DA:127,1
DA:134,0
DA:140,1
DA:147,3
LF:41
LH:9
BRDA:55,0,0,0
BRDA:55,0,1,0
BRDA:58,1,0,0
BRDA:58,1,1,0
BRDA:65,2,0,0
BRDA:65,2,1,0
BRDA:75,3,0,0
BRDA:75,3,1,0
BRDA:79,4,0,0
BRDA:79,4,1,0
BRDA:82,5,0,0
BRDA:82,5,1,0
BRDA:86,6,0,0
BRDA:86,6,1,0
BRDA:86,7,0,0
BRDA:86,7,1,0
BRDA:114,8,0,0
BRDA:114,8,1,2
BRDA:119,9,0,1
BRDA:119,9,1,1
BRDA:120,10,0,2
BRDA:120,10,1,1
BRDA:120,10,2,1
BRDA:129,11,0,0
BRDA:129,11,1,1
BRDA:129,12,0,1
BRDA:129,12,1,0
BRDA:140,13,0,1
BRDA:140,13,1,1
BRDA:140,14,0,1
BRDA:140,14,1,1
BRDA:141,15,0,1
BRDA:141,15,1,0
BRDA:141,15,2,0
BRF:34
BRH:13
end_of_record
TN:
SF:/Users/milan/Assembl/assembl/assembl/static2/js/app/components/common/formControlWithLabel.jsx
FN:58,(anonymous_0)
FN:63,(anonymous_1)
FN:69,(anonymous_2)
FN:81,(anonymous_3)
FN:101,(anonymous_4)
FN:106,(anonymous_5)
FN:125,(anonymous_6)
FN:161,(anonymous_7)
FN:170,(anonymous_8)
FNF:9
FNH:5
FNDA:6,(anonymous_0)
FNDA:0,(anonymous_1)
FNDA:6,(anonymous_2)
FNDA:0,(anonymous_3)
FNDA:11,(anonymous_4)
FNDA:0,(anonymous_5)
FNDA:6,(anonymous_6)
FNDA:0,(anonymous_7)
FNDA:6,(anonymous_8)
DA:59,6
DA:60,6
DA:64,0
DA:65,0
DA:70,6
DA:73,6
DA:74,6
DA:82,0
DA:83,0
DA:84,0
DA:85,0
DA:86,0
DA:87,0
DA:88,0
DA:90,0
DA:93,0
DA:94,0
DA:95,0
DA:98,0
DA:102,11
DA:103,11
DA:107,0
DA:108,0
DA:109,0
DA:110,0
DA:122,0
DA:126,6
DA:127,6
DA:128,0
DA:130,6
DA:131,6
DA:132,1
DA:133,5
DA:134,1
DA:136,6
DA:137,5
DA:139,6
DA:140,3
DA:143,6
DA:145,6
DA:146,6
DA:162,0
DA:163,0
DA:171,6
DA:172,6
DA:173,6
LF:46
LH:24
BRDA:64,0,0,0
BRDA:64,0,1,0
BRDA:73,1,0,0
BRDA:73,1,1,6
BRDA:73,2,0,6
BRDA:73,2,1,0
BRDA:86,3,0,0
BRDA:86,3,1,0
BRDA:87,4,0,0
BRDA:87,4,1,0
BRDA:93,5,0,0
BRDA:93,5,1,0
BRDA:93,6,0,0
BRDA:93,6,1,0
BRDA:103,7,0,2
BRDA:103,7,1,9
BRDA:108,8,0,0
BRDA:108,8,1,0
BRDA:109,9,0,0
BRDA:109,9,1,0
BRDA:127,10,0,0
BRDA:127,10,1,6
BRDA:130,11,0,6
BRDA:130,11,1,6
BRDA:131,12,0,1
BRDA:131,12,1,5
BRDA:133,13,0,1
BRDA:133,13,1,4
BRDA:136,14,0,5
BRDA:136,14,1,1
BRDA:139,15,0,3
BRDA:139,15,1,3
BRDA:143,16,0,6
BRDA:143,16,1,2
BRDA:143,17,0,1
BRDA:143,17,1,1
BRDA:145,18,0,0
BRDA:145,18,1,6
BRDA:172,19,0,6
BRDA:172,19,1,6
BRDA:172,20,0,6
BRDA:172,20,1,0
BRDA:172,21,0,6
BRDA:172,21,1,2
BRDA:175,22,0,5
BRDA:175,22,1,1
BRDA:176,23,0,0
BRDA:176,23,1,6
BRDA:178,24,0,0
BRDA:178,24,1,6
BRF:50
BRH:29
end_of_record
TN:
SF:/Users/milan/Assembl/assembl/assembl/static2/js/app/components/common/goUp.jsx
FN:6,(anonymous_0)
FN:12,(anonymous_1)
FN:16,(anonymous_2)
FN:20,(anonymous_3)
FN:30,(anonymous_4)
FN:34,(anonymous_5)
FN:36,(anonymous_6)
FN:40,(anonymous_7)
FN:44,(anonymous_8)
FNF:9
FNH:0
FNDA:0,(anonymous_0)
FNDA:0,(anonymous_1)
FNDA:0,(anonymous_2)
FNDA:0,(anonymous_3)
FNDA:0,(anonymous_4)
FNDA:0,(anonymous_5)
FNDA:0,(anonymous_6)
FNDA:0,(anonymous_7)
FNDA:0,(anonymous_8)
DA:7,0
DA:8,0
DA:9,0
DA:13,0
DA:17,0
DA:21,0
DA:22,0
DA:23,0
DA:25,0
DA:26,0
DA:27,0
DA:28,0
DA:30,0
DA:31,0
DA:34,0
DA:36,0
DA:41,0
DA:44,0
LF:18
LH:0
BRDA:22,0,0,0
BRDA:22,0,1,0
BRDA:28,1,0,0
BRDA:28,1,1,0
BRDA:28,2,0,0
BRDA:28,2,1,0
BRDA:31,3,0,0
BRDA:31,3,1,0
BRDA:42,4,0,0
BRDA:42,4,1,0
BRF:10
BRH:0
end_of_record
TN:
SF:/Users/milan/Assembl/assembl/assembl/static2/js/app/components/common/header.jsx
FN:26,(anonymous_0)
FN:70,(anonymous_1)
FNF:2
FNH:0
FNDA:0,(anonymous_0)
FNDA:0,(anonymous_1)
DA:27,0
DA:28,0
DA:29,0
DA:30,0
DA:31,0
DA:32,0
DA:33,0
DA:34,0
DA:38,0
DA:39,0
DA:70,11
LF:11
LH:1
BRDA:31,0,0,0
BRDA:31,0,1,0
BRDA:33,1,0,0
BRDA:33,1,1,0
BRDA:46,2,0,0
BRDA:46,2,1,0
BRDA:52,3,0,0
BRDA:52,3,1,0
BRDA:57,4,0,0
BRDA:57,4,1,0
BRDA:64,5,0,0
BRDA:64,5,1,0
BRF:12
BRH:0
end_of_record
TN:
SF:/Users/milan/Assembl/assembl/assembl/static2/js/app/components/common/headerStatistics.jsx
FN:14,(anonymous_0)
FN:20,(anonymous_1)
FN:26,(anonymous_2)
FN:32,(anonymous_3)
FN:38,(anonymous_4)
FN:44,(anonymous_5)
FN:60,(anonymous_6)
FN:61,(anonymous_7)
FN:63,(anonymous_8)
FNF:9
FNH:8
FNDA:2,(anonymous_0)
FNDA:2,(anonymous_1)
FNDA:4,(anonymous_2)
FNDA:0,(anonymous_3)
FNDA:3,(anonymous_4)
FNDA:4,(anonymous_5)
FNDA:1,(anonymous_6)
FNDA:4,(anonymous_7)
FNDA:1,(anonymous_8)
DA:14,9
DA:20,9
DA:26,9
DA:32,9
DA:38,9
DA:44,9
DA:45,4
DA:60,9
DA:61,4
DA:63,9
DA:64,1
LF:11
LH:11
BRF:0
BRH:0
end_of_record
TN:
SF:/Users/milan/Assembl/assembl/assembl/static2/js/app/components/common/helper.jsx
FN:15,(anonymous_0)
FN:25,(anonymous_1)
FNF:2
FNH:2
FNDA:56,(anonymous_0)
FNDA:56,(anonymous_1)
DA:15,28
DA:16,56
DA:17,56
DA:25,28
DA:26,56
DA:40,28
LF:6
LH:6
BRDA:18,0,0,56
BRDA:18,0,1,0
BRDA:19,1,0,56
BRDA:19,1,1,0
BRDA:27,2,0,56
BRDA:27,2,1,0
BRF:6
BRH:3
end_of_record
TN:
SF:/Users/milan/Assembl/assembl/assembl/static2/js/app/components/common/infiniteSeparator.jsx
FN:4,(anonymous_0)
FNF:1
FNH:0
FNDA:0,(anonymous_0)
DA:5,0
LF:1
LH:0
BRF:0
BRH:0
end_of_record
TN:
SF:/Users/milan/Assembl/assembl/assembl/static2/js/app/components/common/loader.jsx
FN:16,(anonymous_0)
FNF:1
FNH:1
FNDA:2,(anonymous_0)
DA:17,2
LF:1
LH:1
BRDA:18,0,0,0
BRDA:18,0,1,2
BRDA:20,1,0,2
BRDA:20,1,1,2
BRF:4
BRH:3
end_of_record
TN:
SF:/Users/milan/Assembl/assembl/assembl/static2/js/app/components/common/localizeNumber.jsx
FN:23,(anonymous_0)
FN:27,(anonymous_1)
FNF:2
FNH:1
FNDA:0,(anonymous_0)
FNDA:4,(anonymous_1)
DA:24,0
DA:28,4
DA:29,0
DA:31,4
LF:4
LH:2
BRDA:28,0,0,0
BRDA:28,0,1,4
BRF:2
BRH:1
end_of_record
TN:
SF:/Users/milan/Assembl/assembl/assembl/static2/js/app/components/common/loginButton.jsx
FN:23,(anonymous_0)
FN:30,(anonymous_1)
FNF:2
FNH:0
FNDA:0,(anonymous_0)
FNDA:0,(anonymous_1)
DA:23,75
DA:24,0
DA:25,0
DA:26,0
DA:27,0
DA:28,0
DA:30,0
DA:31,0
DA:33,0
LF:9
LH:1
BRDA:27,0,0,0
BRDA:27,0,1,0
BRDA:27,1,0,0
BRDA:27,1,1,0
BRDA:28,2,0,0
BRDA:28,2,1,0
BRDA:35,3,0,0
BRDA:35,3,1,0
BRF:8
BRH:0
end_of_record
TN:
SF:/Users/milan/Assembl/assembl/assembl/static2/js/app/components/common/manageErrorAndLoading.jsx
FN:21,(anonymous_0)
FN:21,(anonymous_1)
FN:21,(anonymous_2)
FNF:3
FNH:3
FNDA:276,(anonymous_0)
FNDA:276,(anonymous_1)
FNDA:8,(anonymous_2)
DA:21,276
DA:22,8
DA:23,8
DA:24,2
DA:25,2
DA:26,2
DA:30,6
DA:31,4
DA:32,2
DA:35,2
DA:38,2
LF:11
LH:11
BRDA:23,0,0,2
BRDA:23,0,1,6
BRDA:23,1,0,8
BRDA:23,1,1,7
BRDA:23,1,2,7
BRDA:24,2,0,2
BRDA:24,2,1,1
BRDA:25,3,0,2
BRDA:25,3,1,0
BRDA:30,4,0,4
BRDA:30,4,1,2
BRDA:30,5,0,6
BRDA:30,5,1,4
BRDA:30,5,2,4
BRDA:31,6,0,2
BRDA:31,6,1,2
BRF:16
BRH:15
end_of_record
TN:
SF:/Users/milan/Assembl/assembl/assembl/static2/js/app/components/common/media.jsx
FN:8,(anonymous_0)
FN:10,(anonymous_1)
FN:17,(anonymous_2)
FN:27,(anonymous_3)
FN:31,(anonymous_4)
FN:31,(anonymous_5)
FN:35,(anonymous_6)
FN:55,(anonymous_7)
FN:59,(anonymous_8)
FNF:9
FNH:0
FNDA:0,(anonymous_0)
FNDA:0,(anonymous_1)
FNDA:0,(anonymous_2)
FNDA:0,(anonymous_3)
FNDA:0,(anonymous_4)
FNDA:0,(anonymous_5)
FNDA:0,(anonymous_6)
FNDA:0,(anonymous_7)
FNDA:0,(anonymous_8)
DA:8,0
DA:11,0
DA:18,0
DA:28,0
DA:31,0
DA:32,0
DA:36,0
DA:37,0
DA:44,0
DA:56,0
DA:60,0
DA:61,0
DA:62,0
DA:63,0
DA:65,0
DA:66,0
DA:67,0
DA:68,0
DA:69,0
DA:70,0
DA:71,0
DA:72,0
LF:22
LH:0
BRDA:8,0,0,0
BRDA:8,0,1,0
BRDA:13,1,0,0
BRDA:13,1,1,0
BRDA:36,2,0,0
BRDA:36,2,1,0
BRDA:36,2,2,0
BRDA:37,3,0,0
BRDA:37,3,1,0
BRDA:46,4,0,0
BRDA:46,4,1,0
BRDA:65,5,0,0
BRDA:65,5,1,0
BRDA:66,6,0,0
BRDA:66,6,1,0
BRDA:66,6,2,0
BRDA:66,6,3,0
BRDA:68,7,0,0
BRDA:68,7,1,0
BRDA:72,8,0,0
BRDA:72,8,1,0
BRDA:72,9,0,0
BRDA:72,9,1,0
BRDA:75,10,0,0
BRDA:75,10,1,0
BRDA:76,11,0,0
BRDA:76,11,1,0
BRDA:78,12,0,0
BRDA:78,12,1,0
BRDA:79,13,0,0
BRDA:79,13,1,0
BRDA:80,14,0,0
BRDA:80,14,1,0
BRDA:83,15,0,0
BRDA:83,15,1,0
BRDA:84,16,0,0
BRDA:84,16,1,0
BRDA:86,17,0,0
BRDA:86,17,1,0
BRDA:87,18,0,0
BRDA:87,18,1,0
BRDA:88,19,0,0
BRDA:88,19,1,0
BRDA:89,20,0,0
BRDA:89,20,1,0
BRF:45
BRH:0
end_of_record
TN:
SF:/Users/milan/Assembl/assembl/assembl/static2/js/app/components/common/mergeLoadingAndError.jsx
FN:9,(anonymous_0)
FN:9,(anonymous_1)
FN:9,(anonymous_2)
FN:12,(anonymous_3)
FN:12,(anonymous_4)
FN:13,(anonymous_5)
FN:15,(anonymous_6)
FNF:7
FNH:7
FNDA:3,(anonymous_0)
FNDA:3,(anonymous_1)
FNDA:2,(anonymous_2)
FNDA:4,(anonymous_3)
FNDA:4,(anonymous_4)
FNDA:4,(anonymous_5)
FNDA:3,(anonymous_6)
DA:9,3
DA:12,4
DA:13,4
DA:14,2
DA:15,3
DA:16,2
LF:6
LH:6
BRDA:14,0,0,1
BRDA:14,0,1,1
BRF:2
BRH:2
end_of_record
TN:
SF:/Users/milan/Assembl/assembl/assembl/static2/js/app/components/common/messagePage.jsx
FN:10,(anonymous_0)
FNF:1
FNH:1
FNDA:1,(anonymous_0)
DA:10,6
DA:11,1
LF:2
LH:2
BRDA:14,0,0,1
BRDA:14,0,1,1
BRF:2
BRH:2
end_of_record
TN:
SF:/Users/milan/Assembl/assembl/assembl/static2/js/app/components/common/nuggetsManager.js
FN:10,(anonymous_0)
FN:14,(anonymous_1)
FN:20,(anonymous_2)
FN:21,(anonymous_3)
FN:27,(anonymous_4)
FN:36,(anonymous_5)
FN:37,(anonymous_6)
FN:41,(anonymous_7)
FNF:8
FNH:1
FNDA:6,(anonymous_0)
FNDA:0,(anonymous_1)
FNDA:0,(anonymous_2)
FNDA:0,(anonymous_3)
FNDA:0,(anonymous_4)
FNDA:0,(anonymous_5)
FNDA:0,(anonymous_6)
FNDA:0,(anonymous_7)
DA:11,6
DA:15,0
DA:16,0
DA:17,0
DA:21,0
DA:22,0
DA:23,0
DA:28,0
DA:29,0
DA:31,0
DA:33,0
DA:37,0
DA:38,0
DA:39,0
DA:40,0
DA:41,0
DA:42,0
DA:44,0
DA:45,0
DA:46,0
LF:20
LH:1
BRDA:29,0,0,0
BRDA:29,0,1,0
BRDA:42,1,0,0
BRDA:42,1,1,0
BRDA:44,2,0,0
BRDA:44,2,1,0
BRDA:45,3,0,0
BRDA:45,3,1,0
BRF:8
BRH:0
end_of_record
TN:
SF:/Users/milan/Assembl/assembl/assembl/static2/js/app/components/common/participateButton.jsx
FN:14,(anonymous_0)
FNF:1
FNH:1
FNDA:3,(anonymous_0)
DA:14,1
DA:15,3
LF:2
LH:2
BRDA:16,0,0,1
BRDA:16,0,1,2
BRF:2
BRH:2
end_of_record
TN:
SF:/Users/milan/Assembl/assembl/assembl/static2/js/app/components/common/postsAndContributorsCount.jsx
FN:3,(anonymous_0)
FN:9,(anonymous_1)
FNF:2
FNH:0
FNDA:0,(anonymous_0)
FNDA:0,(anonymous_1)
DA:3,21
DA:4,0
DA:9,21
DA:17,0
LF:4
LH:2
BRDA:3,0,0,0
BRDA:3,1,0,0
BRDA:13,2,0,0
BRDA:14,3,0,0
BRDA:15,4,0,0
BRDA:18,5,0,0
BRDA:18,5,1,0
BRDA:19,6,0,0
BRDA:19,6,1,0
BRDA:20,7,0,0
BRDA:20,7,1,0
BRF:11
BRH:0
end_of_record
TN:
SF:/Users/milan/Assembl/assembl/assembl/static2/js/app/components/common/profileLine.jsx
FN:7,(anonymous_0)
FNF:1
FNH:1
FNDA:3,(anonymous_0)
DA:7,6
DA:8,3
DA:9,3
DA:34,6
LF:4
LH:4
BRDA:16,0,0,3
BRDA:16,0,1,0
BRDA:21,1,0,0
BRDA:21,1,1,0
BRF:4
BRH:1
end_of_record
TN:
SF:/Users/milan/Assembl/assembl/assembl/static2/js/app/components/common/responsiveOverlayTrigger.jsx
FN:12,(anonymous_0)
FNF:1
FNH:1
FNDA:4,(anonymous_0)
DA:12,24
DA:13,4
DA:14,4
LF:3
LH:3
BRDA:16,0,0,0
BRDA:16,0,1,4
BRF:2
BRH:1
end_of_record
TN:
SF:/Users/milan/Assembl/assembl/assembl/static2/js/app/components/common/screenDimensions.jsx
FN:13,(anonymous_0)
FN:19,(anonymous_1)
FN:23,(anonymous_2)
FN:29,(anonymous_3)
FN:30,(anonymous_4)
FN:42,(anonymous_5)
FN:43,(anonymous_6)
FN:47,(anonymous_7)
FN:48,(anonymous_8)
FN:52,(anonymous_9)
FN:53,(anonymous_10)
FNF:11
FNH:2
FNDA:0,(anonymous_0)
FNDA:0,(anonymous_1)
FNDA:0,(anonymous_2)
FNDA:0,(anonymous_3)
FNDA:0,(anonymous_4)
FNDA:10,(anonymous_5)
FNDA:0,(anonymous_6)
FNDA:3,(anonymous_7)
FNDA:0,(anonymous_8)
FNDA:0,(anonymous_9)
FNDA:0,(anonymous_10)
DA:14,0
DA:15,0
DA:16,0
DA:20,0
DA:25,0
DA:29,9
DA:31,0
DA:42,9
DA:43,10
DA:47,9
DA:48,3
DA:52,9
DA:53,0
LF:13
LH:6
BRF:0
BRH:0
end_of_record
TN:
SF:/Users/milan/Assembl/assembl/assembl/static2/js/app/components/common/scrollOnePageButton.jsx
FN:5,(anonymous_0)
FN:5,(anonymous_1)
FN:9,(anonymous_2)
FNF:3
FNH:2
FNDA:2,(anonymous_0)
FNDA:0,(anonymous_1)
FNDA:2,(anonymous_2)
DA:5,2
DA:6,0
DA:9,1
DA:10,2
DA:11,2
DA:12,2
LF:6
LH:5
BRDA:14,0,0,2
BRDA:14,0,1,0
BRDA:14,1,0,2
BRDA:14,1,1,1
BRDA:14,1,2,0
BRF:5
BRH:3
end_of_record
TN:
SF:/Users/milan/Assembl/assembl/assembl/static2/js/app/components/common/section.jsx
FN:21,(anonymous_0)
FN:31,(anonymous_1)
FN:38,(anonymous_2)
FN:45,(anonymous_3)
FN:66,(anonymous_4)
FN:73,(anonymous_5)
FN:80,(anonymous_6)
FNF:7
FNH:5
FNDA:4,(anonymous_0)
FNDA:1,(anonymous_1)
FNDA:1,(anonymous_2)
FNDA:0,(anonymous_3)
FNDA:0,(anonymous_4)
FNDA:6,(anonymous_5)
FNDA:6,(anonymous_6)
DA:21,8
DA:22,4
DA:31,8
DA:32,1
DA:38,8
DA:39,1
DA:45,8
DA:46,0
DA:52,8
DA:67,0
DA:68,0
DA:69,0
DA:70,0
DA:74,6
DA:75,6
DA:76,6
DA:77,6
DA:81,6
DA:82,6
DA:83,6
LF:20
LH:15
BRDA:25,0,0,1
BRDA:25,0,1,3
BRDA:26,1,0,3
BRDA:26,1,1,1
BRDA:33,2,0,1
BRDA:33,2,1,0
BRDA:34,3,0,0
BRDA:34,3,1,1
BRDA:40,4,0,1
BRDA:40,4,1,0
BRDA:41,5,0,0
BRDA:41,5,1,1
BRDA:47,6,0,0
BRDA:47,6,1,0
BRDA:48,7,0,0
BRDA:48,7,1,0
BRDA:76,8,0,6
BRDA:76,8,1,0
BRDA:77,9,0,6
BRDA:77,9,1,3
BRF:20
BRH:11
end_of_record
TN:
SF:/Users/milan/Assembl/assembl/assembl/static2/js/app/components/common/socialShare.jsx
FN:16,(anonymous_0)
FN:28,(anonymous_1)
FN:35,(anonymous_2)
FN:47,(anonymous_3)
FN:68,(anonymous_4)
FNF:5
FNH:0
FNDA:0,(anonymous_0)
FNDA:0,(anonymous_1)
FNDA:0,(anonymous_2)
FNDA:0,(anonymous_3)
FNDA:0,(anonymous_4)
DA:14,75
DA:16,75
DA:17,0
DA:18,0
DA:29,0
DA:30,0
DA:36,0
DA:37,0
DA:48,0
DA:51,0
DA:68,0
LF:11
LH:2
BRDA:53,0,0,0
BRDA:53,0,1,0
BRDA:70,1,0,0
BRDA:70,1,1,0
BRF:4
BRH:0
end_of_record
TN:
SF:/Users/milan/Assembl/assembl/assembl/static2/js/app/components/common/switchButton.jsx
FN:27,(anonymous_0)
FN:30,(anonymous_1)
FNF:2
FNH:1
FNDA:0,(anonymous_0)
FNDA:1,(anonymous_1)
DA:34,1
DA:36,1
DA:37,1
DA:40,1
DA:41,1
DA:44,1
DA:45,1
DA:48,1
DA:49,0
DA:52,1
DA:62,1
LF:11
LH:10
BRDA:34,0,0,1
BRDA:34,0,1,0
BRDA:36,1,0,1
BRDA:36,1,1,0
BRDA:36,2,0,1
BRDA:36,2,1,1
BRDA:40,3,0,1
BRDA:40,3,1,0
BRDA:44,4,0,1
BRDA:44,4,1,0
BRDA:48,5,0,0
BRDA:48,5,1,1
BRDA:63,6,0,0
BRDA:63,6,1,1
BRF:14
BRH:8
end_of_record
TN:
SF:/Users/milan/Assembl/assembl/assembl/static2/js/app/components/common/tabbedContent.jsx
FN:30,(anonymous_0)
FN:37,(anonymous_1)
FN:39,(anonymous_2)
FN:41,(anonymous_3)
FN:52,(anonymous_4)
FN:63,(anonymous_5)
FN:70,(anonymous_6)
FNF:7
FNH:6
FNDA:9,(anonymous_0)
FNDA:9,(anonymous_1)
FNDA:3,(anonymous_2)
FNDA:9,(anonymous_3)
FNDA:0,(anonymous_4)
FNDA:3,(anonymous_5)
FNDA:9,(anonymous_6)
DA:30,9
DA:37,9
DA:40,3
DA:41,3
DA:42,9
DA:53,0
DA:64,3
DA:65,3
DA:66,3
DA:71,9
LF:10
LH:9
BRDA:37,0,0,9
BRDA:37,0,1,0
BRDA:71,1,0,3
BRDA:71,1,1,6
BRF:4
BRH:3
end_of_record
TN:
SF:/Users/milan/Assembl/assembl/assembl/static2/js/app/components/common/textAreaWithRemainingChars.jsx
FN:16,(anonymous_0)
FNF:1
FNH:1
FNDA:2,(anonymous_0)
DA:16,1
DA:17,2
DA:18,2
DA:38,1
LF:4
LH:4
BRF:0
BRH:0
end_of_record
TN:
SF:/Users/milan/Assembl/assembl/assembl/static2/js/app/components/common/textInputWithRemainingChars.jsx
FN:5,(anonymous_0)
FNF:1
FNH:0
FNDA:0,(anonymous_0)
DA:5,22
DA:15,0
DA:16,0
LF:3
LH:1
BRDA:6,0,0,0
BRDA:18,1,0,0
BRDA:18,1,1,0
BRDA:18,2,0,0
BRDA:18,2,1,0
BRDA:24,3,0,0
BRDA:24,3,1,0
BRDA:29,4,0,0
BRDA:29,4,1,0
BRDA:30,5,0,0
BRDA:30,5,1,0
BRF:11
BRH:0
end_of_record
TN:
SF:/Users/milan/Assembl/assembl/assembl/static2/js/app/components/common/textWithHeaderPage.jsx
FN:17,(anonymous_0)
FN:27,(anonymous_1)
FN:40,(anonymous_2)
FNF:3
FNH:2
FNDA:1,(anonymous_0)
FNDA:1,(anonymous_1)
FNDA:0,(anonymous_2)
DA:18,1
DA:28,1
DA:29,1
DA:40,1
LF:4
LH:4
BRF:0
BRH:0
end_of_record
TN:
SF:/Users/milan/Assembl/assembl/assembl/static2/js/app/components/common/tooltips.jsx
FN:47,(anonymous_0)
FN:53,(anonymous_1)
FN:59,(anonymous_2)
FN:65,(anonymous_3)
FN:71,(anonymous_4)
FN:77,(anonymous_5)
FN:139,(anonymous_6)
FN:145,(anonymous_7)
FN:284,(anonymous_8)
FN:286,(anonymous_9)
FN:300,(anonymous_10)
FNF:11
FNH:0
FNDA:0,(anonymous_0)
FNDA:0,(anonymous_1)
FNDA:0,(anonymous_2)
FNDA:0,(anonymous_3)
FNDA:0,(anonymous_4)
FNDA:0,(anonymous_5)
FNDA:0,(anonymous_6)
FNDA:0,(anonymous_7)
FNDA:0,(anonymous_8)
FNDA:0,(anonymous_9)
FNDA:0,(anonymous_10)
DA:12,109
DA:18,109
DA:24,109
DA:30,109
DA:36,109
DA:42,109
DA:47,109
DA:48,0
DA:53,109
DA:54,0
DA:59,109
DA:60,0
DA:65,109
DA:66,0
DA:71,109
DA:72,0
DA:77,109
DA:80,109
DA:86,109
DA:92,109
DA:98,109
DA:104,109
DA:110,109
DA:116,109
DA:122,109
DA:128,109
DA:134,109
DA:139,109
DA:140,0
DA:145,109
DA:146,0
DA:152,109
DA:157,109
DA:160,109
DA:166,109
DA:172,109
DA:178,109
DA:184,109
DA:190,109
DA:196,109
DA:202,109
DA:208,109
DA:214,109
DA:220,109
DA:226,109
DA:232,109
DA:238,109
DA:244,109
DA:250,109
DA:256,109
DA:262,109
DA:267,109
DA:273,109
DA:279,109
DA:284,109
DA:286,109
DA:289,109
DA:295,109
DA:300,109
LF:59
LH:52
BRF:0
BRH:0
end_of_record
TN:
SF:/Users/milan/Assembl/assembl/assembl/static2/js/app/components/common/menu/index.jsx
FNF:0
FNH:0
LF:0
LH:0
BRF:0
BRH:0
end_of_record
TN:
SF:/Users/milan/Assembl/assembl/assembl/static2/js/app/components/common/menu/menu.jsx
FN:25,(anonymous_0)
FN:36,(anonymous_1)
FN:37,(anonymous_2)
FN:40,(anonymous_3)
FN:43,(anonymous_4)
FNF:5
FNH:3
FNDA:3,(anonymous_0)
FNDA:0,(anonymous_1)
FNDA:0,(anonymous_2)
FNDA:3,(anonymous_3)
FNDA:5,(anonymous_4)
DA:26,3
DA:27,3
DA:37,0
DA:41,3
DA:42,3
DA:43,3
DA:44,5
DA:45,5
DA:53,3
LF:9
LH:8
BRDA:28,0,0,3
BRDA:28,0,1,0
BRDA:37,1,0,0
BRDA:37,1,1,0
BRDA:44,2,0,5
BRDA:44,2,1,5
BRDA:44,2,2,5
BRDA:46,3,0,5
BRDA:46,3,1,5
BRDA:46,3,2,5
BRF:10
BRH:7
end_of_record
TN:
SF:/Users/milan/Assembl/assembl/assembl/static2/js/app/components/common/menu/menuItem.jsx
FN:16,(anonymous_0)
FN:18,(anonymous_1)
FN:35,(anonymous_2)
FNF:3
FNH:2
FNDA:5,(anonymous_0)
FNDA:2,(anonymous_1)
FNDA:0,(anonymous_2)
DA:16,105
DA:17,5
DA:18,5
DA:19,2
DA:20,2
DA:26,5
DA:35,0
DA:45,105
LF:8
LH:7
BRDA:19,0,0,2
BRDA:19,0,1,0
BRDA:29,1,0,2
BRDA:29,1,1,3
BRDA:35,2,0,2
BRDA:35,2,1,0
BRDA:40,3,0,1
BRDA:40,3,1,4
BRDA:40,4,0,5
BRDA:40,4,1,2
BRF:10
BRH:8
end_of_record
TN:
SF:/Users/milan/Assembl/assembl/assembl/static2/js/app/components/common/richTextEditor/buttons.jsx
FN:7,(anonymous_0)
FN:15,(anonymous_1)
FN:23,(anonymous_2)
FNF:3
FNH:3
FNDA:3,(anonymous_0)
FNDA:3,(anonymous_1)
FNDA:3,(anonymous_2)
DA:7,44
DA:9,44
DA:15,44
DA:17,44
DA:23,44
DA:25,44
LF:6
LH:6
BRF:0
BRH:0
end_of_record
TN:
SF:/Users/milan/Assembl/assembl/assembl/static2/js/app/components/common/richTextEditor/index.jsx
FN:50,(anonymous_0)
FN:109,(anonymous_1)
FN:119,(anonymous_2)
FN:126,(anonymous_3)
FN:142,(anonymous_4)
FN:145,(anonymous_5)
FN:152,(anonymous_6)
FN:164,(anonymous_7)
FNF:8
FNH:3
FNDA:3,(anonymous_0)
FNDA:0,(anonymous_1)
FNDA:0,(anonymous_2)
FNDA:6,(anonymous_3)
FNDA:0,(anonymous_4)
FNDA:0,(anonymous_5)
FNDA:0,(anonymous_6)
FNDA:3,(anonymous_7)
DA:51,3
DA:52,3
DA:53,3
DA:54,3
DA:55,3
DA:56,3
DA:60,3
DA:63,3
DA:65,3
DA:66,3
DA:67,3
DA:68,3
DA:69,0
DA:72,0
DA:73,0
DA:74,0
DA:75,0
DA:78,3
DA:92,3
DA:94,3
DA:95,3
DA:96,3
DA:97,3
DA:104,3
DA:110,0
DA:111,0
DA:120,0
DA:121,0
DA:122,0
DA:123,0
DA:128,6
DA:129,6
DA:130,4
DA:136,2
DA:139,4
DA:145,0
DA:146,0
DA:147,0
DA:156,0
DA:157,0
DA:158,0
DA:159,0
DA:161,0
DA:165,3
DA:166,3
DA:167,3
DA:168,3
LF:47
LH:28
BRDA:68,0,0,0
BRDA:68,0,1,3
BRDA:129,1,0,4
BRDA:129,1,1,2
BRDA:130,2,0,2
BRDA:130,2,1,2
BRDA:146,3,0,0
BRDA:146,3,1,0
BRDA:146,4,0,0
BRDA:146,4,1,0
BRDA:157,5,0,0
BRDA:157,5,1,0
BRDA:171,6,0,1
BRDA:171,6,1,2
BRDA:191,7,0,0
BRDA:191,7,1,3
BRDA:201,8,0,0
BRDA:201,8,1,3
BRF:18
BRH:9
end_of_record
TN:
SF:/Users/milan/Assembl/assembl/assembl/static2/js/app/components/common/tree/index.jsx
FNF:0
FNH:0
LF:0
LH:0
BRF:0
BRH:0
end_of_record
TN:
SF:/Users/milan/Assembl/assembl/assembl/static2/js/app/components/common/tree/tree.jsx
FN:29,(anonymous_0)
FN:40,(anonymous_1)
FN:70,(anonymous_2)
FN:94,(anonymous_3)
FN:142,(anonymous_4)
FN:146,(anonymous_5)
FN:149,(anonymous_6)
FN:156,(anonymous_7)
FN:169,(anonymous_8)
FNF:9
FNH:5
FNDA:6,(anonymous_0)
FNDA:0,(anonymous_1)
FNDA:0,(anonymous_2)
FNDA:0,(anonymous_3)
FNDA:6,(anonymous_4)
FNDA:6,(anonymous_5)
FNDA:0,(anonymous_6)
FNDA:6,(anonymous_7)
FNDA:6,(anonymous_8)
DA:32,6
DA:33,6
DA:34,6
DA:35,6
DA:36,6
DA:41,0
DA:42,0
DA:43,0
DA:52,0
DA:80,0
DA:83,0
DA:85,0
DA:86,0
DA:88,0
DA:114,0
DA:116,0
DA:117,0
DA:143,6
DA:144,6
DA:147,6
DA:150,0
DA:152,0
DA:153,0
DA:157,6
DA:172,6
DA:173,6
LF:26
LH:11
BRDA:35,0,0,6
BRDA:35,0,1,0
BRDA:35,1,0,6
BRDA:35,1,1,6
BRDA:42,2,0,0
BRDA:42,2,1,0
BRDA:80,3,0,0
BRDA:80,3,1,0
BRDA:120,4,0,0
BRDA:120,4,1,0
BRDA:172,5,0,6
BRDA:172,5,1,0
BRF:12
BRH:4
end_of_record
TN:
SF:/Users/milan/Assembl/assembl/assembl/static2/js/app/components/common/tree/treeItem.jsx
FN:51,(anonymous_0)
FN:61,(anonymous_1)
FN:67,(anonymous_2)
FN:75,(anonymous_3)
FN:86,(anonymous_4)
FN:93,(anonymous_5)
FN:98,(anonymous_6)
FN:113,(anonymous_7)
FN:132,(anonymous_8)
FN:135,(anonymous_9)
FN:136,(anonymous_10)
FN:142,(anonymous_11)
FN:149,(anonymous_12)
FN:152,(anonymous_13)
FN:161,(anonymous_14)
FN:165,(anonymous_15)
FN:204,(anonymous_16)
FN:229,(anonymous_17)
FN:244,(anonymous_18)
FN:274,(anonymous_19)
FNF:20
FNH:0
FNDA:0,(anonymous_0)
FNDA:0,(anonymous_1)
FNDA:0,(anonymous_2)
FNDA:0,(anonymous_3)
FNDA:0,(anonymous_4)
FNDA:0,(anonymous_5)
FNDA:0,(anonymous_6)
FNDA:0,(anonymous_7)
FNDA:0,(anonymous_8)
FNDA:0,(anonymous_9)
FNDA:0,(anonymous_10)
FNDA:0,(anonymous_11)
FNDA:0,(anonymous_12)
FNDA:0,(anonymous_13)
FNDA:0,(anonymous_14)
FNDA:0,(anonymous_15)
FNDA:0,(anonymous_16)
FNDA:0,(anonymous_17)
FNDA:0,(anonymous_18)
FNDA:0,(anonymous_19)
DA:51,0
DA:62,0
DA:63,0
DA:64,0
DA:68,0
DA:76,0
DA:77,0
DA:78,0
DA:80,0
DA:81,0
DA:82,0
DA:84,0
DA:85,0
DA:86,0
DA:89,0
DA:94,0
DA:95,0
DA:101,0
DA:102,0
DA:103,0
DA:104,0
DA:105,0
DA:106,0
DA:107,0
DA:109,0
DA:110,0
DA:112,0
DA:113,0
DA:115,0
DA:120,0
DA:121,0
DA:122,0
DA:123,0
DA:126,0
DA:127,0
DA:133,0
DA:134,0
DA:135,0
DA:137,0
DA:143,0
DA:144,0
DA:146,0
DA:150,0
DA:153,0
DA:162,0
DA:185,0
DA:186,0
DA:187,0
DA:188,0
DA:190,0
DA:198,0
DA:199,0
DA:204,0
DA:209,0
DA:211,0
DA:212,0
DA:215,0
DA:216,0
DA:217,0
DA:220,0
DA:230,0
DA:231,0
DA:232,0
DA:245,0
DA:246,0
DA:247,0
DA:275,0
LF:67
LH:0
BRDA:77,0,0,0
BRDA:77,0,1,0
BRDA:84,1,0,0
BRDA:84,1,1,0
BRDA:85,2,0,0
BRDA:85,2,1,0
BRDA:98,3,0,0
BRDA:103,4,0,0
BRDA:103,4,1,0
BRDA:106,5,0,0
BRDA:106,5,1,0
BRDA:109,6,0,0
BRDA:109,6,1,0
BRDA:112,7,0,0
BRDA:112,7,1,0
BRDA:115,8,0,0
BRDA:115,8,1,0
BRDA:143,9,0,0
BRDA:143,9,1,0
BRDA:155,10,0,0
BRDA:155,10,1,0
BRDA:157,11,0,0
BRDA:157,11,1,0
BRDA:187,12,0,0
BRDA:187,12,1,0
BRDA:198,13,0,0
BRDA:198,13,1,0
BRDA:215,14,0,0
BRDA:215,14,1,0
BRDA:217,15,0,0
BRDA:217,15,1,0
BRDA:231,16,0,0
BRDA:231,16,1,0
BRDA:231,17,0,0
BRDA:231,17,1,0
BRDA:236,18,0,0
BRDA:236,18,1,0
BRDA:241,19,0,0
BRDA:241,19,1,0
BRDA:243,20,0,0
BRDA:243,20,1,0
BRDA:245,21,0,0
BRDA:245,21,1,0
BRDA:271,22,0,0
BRDA:271,22,1,0
BRDA:271,23,0,0
BRDA:271,23,1,0
BRF:47
BRH:0
end_of_record
TN:
SF:/Users/milan/Assembl/assembl/assembl/static2/js/app/components/common/urlPreview/embed.jsx
FN:10,(anonymous_0)
FNF:1
FNH:0
FNDA:0,(anonymous_0)
DA:10,30
LF:1
LH:1
BRDA:10,0,0,0
BRDA:10,0,1,0
BRF:2
BRH:0
end_of_record
TN:
SF:/Users/milan/Assembl/assembl/assembl/static2/js/app/components/common/urlPreview/sketchFabTheater.jsx
FN:26,(anonymous_0)
FN:30,(anonymous_1)
FN:33,(anonymous_2)
FN:39,(anonymous_3)
FN:41,(anonymous_4)
FN:43,(anonymous_5)
FNF:6
FNH:0
FNDA:0,(anonymous_0)
FNDA:0,(anonymous_1)
FNDA:0,(anonymous_2)
FNDA:0,(anonymous_3)
FNDA:0,(anonymous_4)
FNDA:0,(anonymous_5)
DA:28,0
DA:31,0
DA:34,0
DA:39,0
DA:41,0
DA:44,0
DA:45,0
DA:46,0
DA:47,0
LF:9
LH:0
BRDA:45,0,0,0
BRDA:45,0,1,0
BRDA:45,1,0,0
BRDA:45,1,1,0
BRDA:46,2,0,0
BRDA:46,2,1,0
BRDA:48,3,0,0
BRDA:48,3,1,0
BRDA:49,4,0,0
BRDA:49,4,1,0
BRDA:49,5,0,0
BRDA:49,5,1,0
BRDA:66,6,0,0
BRDA:66,6,1,0
BRF:14
BRH:0
end_of_record
TN:
SF:/Users/milan/Assembl/assembl/assembl/static2/js/app/components/common/urlPreview/urlMetadataLoader.jsx
FN:25,(anonymous_0)
FN:29,(anonymous_1)
FN:32,(anonymous_2)
FN:38,(anonymous_3)
FNF:4
FNH:0
FNDA:0,(anonymous_0)
FNDA:0,(anonymous_1)
FNDA:0,(anonymous_2)
FNDA:0,(anonymous_3)
DA:27,0
DA:30,0
DA:33,0
DA:39,0
DA:40,0
DA:41,0
DA:42,0
LF:7
LH:0
BRDA:41,0,0,0
BRDA:41,0,1,0
BRDA:42,1,0,0
BRDA:42,1,1,0
BRDA:42,2,0,0
BRDA:42,2,1,0
BRF:6
BRH:0
end_of_record
TN:
SF:/Users/milan/Assembl/assembl/assembl/static2/js/app/components/common/urlPreview/urlPreview.jsx
FN:23,(anonymous_0)
FN:30,(anonymous_1)
FNF:2
FNH:0
FNDA:0,(anonymous_0)
FNDA:0,(anonymous_1)
DA:26,0
DA:27,0
DA:31,0
DA:35,0
DA:37,0
DA:38,0
LF:6
LH:0
BRDA:27,0,0,0
BRDA:27,0,1,0
BRDA:37,1,0,0
BRDA:37,1,1,0
BRDA:40,2,0,0
BRDA:40,2,1,0
BRDA:42,3,0,0
BRDA:42,3,1,0
BRDA:51,4,0,0
BRDA:51,4,1,0
BRDA:65,5,0,0
BRDA:65,5,1,0
BRDA:70,6,0,0
BRDA:70,6,1,0
BRDA:72,7,0,0
BRDA:72,7,1,0
BRF:16
BRH:0
end_of_record
TN:
SF:/Users/milan/Assembl/assembl/assembl/static2/js/app/components/common/urlPreview/youtubeTheater.jsx
FN:17,(anonymous_0)
FN:19,(anonymous_1)
FN:21,(anonymous_2)
FNF:3
FNH:0
FNDA:0,(anonymous_0)
FNDA:0,(anonymous_1)
FNDA:0,(anonymous_2)
DA:17,0
DA:19,0
DA:22,0
DA:23,0
DA:24,0
LF:5
LH:0
BRDA:25,0,0,0
BRDA:25,0,1,0
BRDA:26,1,0,0
BRDA:26,1,1,0
BRF:4
BRH:0
end_of_record
TN:
SF:/Users/milan/Assembl/assembl/assembl/static2/js/app/components/cookies/cookieSetter.jsx
FN:29,(anonymous_0)
FN:30,(anonymous_1)
FNF:2
FNH:1
FNDA:56,(anonymous_0)
FNDA:0,(anonymous_1)
DA:27,2
DA:29,2
DA:30,56
DA:31,0
DA:32,0
DA:33,0
DA:36,56
DA:38,56
DA:39,56
DA:40,56
DA:44,56
DA:45,56
LF:12
LH:9
BRDA:27,0,0,0
BRDA:27,0,1,2
BRDA:38,1,0,56
BRDA:38,1,1,0
BRDA:40,2,0,0
BRDA:40,2,1,56
BRDA:48,3,0,56
BRDA:48,3,1,0
BRDA:48,3,2,56
BRDA:49,4,0,56
BRDA:49,4,1,0
BRF:11
BRH:6
end_of_record
TN:
SF:/Users/milan/Assembl/assembl/assembl/static2/js/app/components/cookies/cookieSwitch.jsx
FN:16,(anonymous_0)
FNF:1
FNH:1
FNDA:57,(anonymous_0)
DA:16,3
DA:17,57
DA:18,0
DA:31,57
DA:32,56
DA:35,1
LF:6
LH:5
BRDA:17,0,0,0
BRDA:17,0,1,57
BRDA:17,1,0,57
BRDA:17,1,1,0
BRDA:31,2,0,56
BRDA:31,2,1,1
BRF:6
BRH:4
end_of_record
TN:
SF:/Users/milan/Assembl/assembl/assembl/static2/js/app/components/cookies/cookiesSelector.jsx
FN:22,(anonymous_0)
FN:43,(anonymous_1)
FN:49,(anonymous_2)
FN:61,(anonymous_3)
FNF:4
FNH:3
FNDA:14,(anonymous_0)
FNDA:28,(anonymous_1)
FNDA:0,(anonymous_2)
FNDA:56,(anonymous_3)
DA:22,2
DA:34,14
DA:35,14
DA:44,28
DA:45,28
DA:50,0
DA:62,56
LF:7
LH:6
BRDA:34,0,0,14
BRDA:34,0,1,14
BRDA:42,1,0,14
BRDA:42,1,1,14
BRDA:57,2,0,28
BRDA:57,2,1,12
BRDA:57,2,2,12
BRDA:57,2,3,12
BRDA:57,2,4,12
BRDA:76,3,0,2
BRDA:76,3,1,12
BRF:11
BRH:11
end_of_record
TN:
SF:/Users/milan/Assembl/assembl/assembl/static2/js/app/components/cookies/cookiesSelectorContainer.jsx
FN:42,(anonymous_0)
FN:57,(anonymous_1)
FN:63,(anonymous_2)
FN:79,(anonymous_3)
FN:86,(anonymous_4)
FN:108,(anonymous_5)
FN:110,(anonymous_6)
FN:122,(anonymous_7)
FN:130,(anonymous_8)
FN:131,(anonymous_9)
FN:133,(anonymous_10)
FN:140,(anonymous_11)
FN:143,(anonymous_12)
FN:151,(anonymous_13)
FN:152,(anonymous_14)
FN:153,(anonymous_15)
FN:161,(anonymous_16)
FN:167,(anonymous_17)
FN:189,(anonymous_18)
FN:200,(anonymous_19)
FN:201,(anonymous_20)
FNF:21
FNH:18
FNDA:10,(anonymous_0)
FNDA:120,(anonymous_1)
FNDA:60,(anonymous_2)
FNDA:63,(anonymous_3)
FNDA:61,(anonymous_4)
FNDA:12,(anonymous_5)
FNDA:67,(anonymous_6)
FNDA:1,(anonymous_7)
FNDA:2,(anonymous_8)
FNDA:2,(anonymous_9)
FNDA:6,(anonymous_10)
FNDA:53,(anonymous_11)
FNDA:1,(anonymous_12)
FNDA:2,(anonymous_13)
FNDA:2,(anonymous_14)
FNDA:6,(anonymous_15)
FNDA:1,(anonymous_16)
FNDA:13,(anonymous_17)
FNDA:0,(anonymous_18)
FNDA:0,(anonymous_19)
FNDA:0,(anonymous_20)
DA:38,1
DA:39,1
DA:43,10
DA:44,10
DA:45,10
DA:46,10
DA:48,10
DA:50,10
DA:56,10
DA:58,120
DA:60,10
DA:62,10
DA:63,60
DA:68,10
DA:71,10
DA:80,63
DA:81,61
DA:83,2
DA:87,61
DA:88,11
DA:90,50
DA:91,10
DA:93,40
DA:94,10
DA:96,30
DA:97,10
DA:99,20
DA:100,10
DA:102,10
DA:103,10
DA:105,0
DA:109,12
DA:110,12
DA:112,67
DA:113,67
DA:114,44
DA:116,23
DA:119,12
DA:123,1
DA:128,1
DA:130,2
DA:131,2
DA:132,1
DA:134,6
DA:136,1
DA:137,1
DA:141,53
DA:144,1
DA:149,1
DA:151,2
DA:152,2
DA:153,6
DA:155,1
DA:157,1
DA:158,1
DA:162,1
DA:163,1
DA:164,1
DA:168,13
DA:169,13
DA:170,0
DA:173,13
DA:189,1
DA:200,0
DA:202,0
DA:203,0
DA:209,0
LF:67
LH:61
BRDA:46,0,0,10
BRDA:46,0,1,0
BRDA:48,1,0,10
BRDA:48,1,1,0
BRDA:50,2,0,10
BRDA:50,2,1,0
BRDA:58,3,0,120
BRDA:58,3,1,110
BRDA:58,3,2,50
BRDA:60,4,0,10
BRDA:60,4,1,10
BRDA:62,5,0,10
BRDA:62,5,1,10
BRDA:68,6,0,10
BRDA:68,6,1,10
BRDA:80,7,0,61
BRDA:80,7,1,2
BRDA:87,8,0,11
BRDA:87,8,1,50
BRDA:90,9,0,10
BRDA:90,9,1,40
BRDA:93,10,0,10
BRDA:93,10,1,30
BRDA:96,11,0,10
BRDA:96,11,1,20
BRDA:99,12,0,10
BRDA:99,12,1,10
BRDA:102,13,0,10
BRDA:102,13,1,0
BRDA:113,14,0,44
BRDA:113,14,1,23
BRDA:128,15,0,1
BRDA:128,15,1,1
BRDA:134,16,0,1
BRDA:134,16,1,5
BRDA:141,17,0,52
BRDA:141,17,1,1
BRDA:149,18,0,1
BRDA:149,18,1,1
BRDA:164,19,0,1
BRDA:164,19,1,1
BRDA:169,20,0,0
BRDA:169,20,1,13
BRDA:202,21,0,0
BRDA:202,21,1,0
BRDA:202,22,0,0
BRDA:202,22,1,0
BRF:47
BRH:38
end_of_record
TN:
SF:/Users/milan/Assembl/assembl/assembl/static2/js/app/components/debate/brightMirror/circleAvatar.jsx
FN:14,(anonymous_0)
FNF:1
FNH:1
FNDA:33,(anonymous_0)
DA:11,18
DA:12,18
DA:14,18
DA:15,33
LF:4
LH:4
BRDA:17,0,0,33
BRDA:17,0,1,3
BRDA:18,1,0,30
BRDA:18,1,1,3
BRF:4
BRH:4
end_of_record
TN:
SF:/Users/milan/Assembl/assembl/assembl/static2/js/app/components/debate/brightMirror/fictionBody.jsx
FN:14,(anonymous_0)
FNF:1
FNH:1
FNDA:16,(anonymous_0)
DA:14,17
DA:15,16
LF:2
LH:2
BRDA:16,0,0,16
BRDA:16,0,1,2
BRDA:19,1,0,16
BRDA:19,1,1,2
BRF:4
BRH:4
end_of_record
TN:
[...]
FN:99,(anonymous_17)
FN:103,(anonymous_18)
FN:104,(anonymous_19)
FN:111,(anonymous_20)
FN:112,(anonymous_21)
FNF:22
FNH:22
FNDA:7,getChildren
FNDA:4,(anonymous_1)
FNDA:4,getPartialTree
FNDA:8,(anonymous_3)
FNDA:8,(anonymous_4)
FNDA:2,(anonymous_5)
FNDA:6,(anonymous_6)
FNDA:8,(anonymous_7)
FNDA:6,getPartialTreeByParentId
FNDA:12,(anonymous_9)
FNDA:5,(anonymous_10)
FNDA:11,(anonymous_11)
FNDA:5,getTree
FNDA:4,(anonymous_13)
FNDA:10,getAncestors
FNDA:24,(anonymous_15)
FNDA:2,getPath
FNDA:7,(anonymous_17)
FNDA:8,(anonymous_18)
FNDA:8,(anonymous_19)
FNDA:3,(anonymous_20)
FNDA:12,(anonymous_21)
DA:25,7
DA:34,8
DA:35,8
DA:36,6
DA:37,8
DA:38,4
DA:50,6
DA:54,6
DA:55,12
DA:56,5
DA:57,4
DA:58,5
DA:59,11
DA:60,4
DA:69,5
DA:70,5
DA:71,4
DA:81,10
DA:82,10
DA:83,24
DA:84,10
DA:85,6
DA:86,6
DA:88,10
DA:99,7
DA:100,2
DA:101,2
DA:102,2
DA:103,8
DA:104,8
DA:105,2
DA:106,0
DA:107,0
DA:110,2
DA:111,2
DA:112,12
DA:113,3
DA:114,3
DA:115,3
DA:117,2
DA:118,2
DA:121,2
LF:42
LH:40
BRDA:25,0,0,4
BRDA:25,0,1,4
BRDA:35,1,0,8
BRDA:35,1,1,8
BRDA:54,2,0,1
BRDA:54,2,1,5
BRDA:55,3,0,5
BRDA:55,3,1,0
BRDA:55,4,0,12
BRDA:55,4,1,12
BRDA:56,5,0,1
BRDA:56,5,1,4
BRDA:68,6,0,1
BRDA:70,7,0,2
BRDA:70,7,1,3
BRDA:82,8,0,0
BRDA:82,8,1,10
BRDA:82,9,0,10
BRDA:82,9,1,10
BRDA:83,10,0,24
BRDA:83,10,1,24
BRDA:84,11,0,6
BRDA:84,11,1,4
BRDA:100,12,0,0
BRDA:100,12,1,2
BRDA:105,13,0,0
BRDA:105,13,1,2
BRDA:106,14,0,0
BRDA:106,14,1,0
BRDA:113,15,0,3
BRDA:113,15,1,0
BRDA:117,16,0,2
BRDA:117,16,1,0
BRF:33
BRH:25
end_of_record
TN:
SF:/Users/milan/Assembl/assembl/assembl/static2/js/app/utils/urlPreview.jsx
FN:38,(anonymous_0)
FN:39,(anonymous_1)
FN:53,(anonymous_2)
FN:60,(anonymous_3)
FN:61,(anonymous_4)
FN:79,(anonymous_5)
FN:91,transformKeysToCamelCase
FN:97,(anonymous_7)
FN:99,(anonymous_8)
FN:117,(anonymous_9)
FN:120,(anonymous_10)
FN:126,(anonymous_11)
FN:132,(anonymous_12)
FN:142,resizeIframe
FN:153,(anonymous_14)
FN:167,getScripts
FN:170,(anonymous_16)
FN:181,getIframeDocument
FN:192,isSpecialURL
FN:193,(anonymous_19)
FN:200,getURLMetadata
FN:213,getURLComponent
FNF:22
FNH:5
FNDA:10,(anonymous_0)
FNDA:10,(anonymous_1)
FNDA:0,(anonymous_2)
FNDA:5,(anonymous_3)
FNDA:5,(anonymous_4)
FNDA:0,(anonymous_5)
FNDA:0,transformKeysToCamelCase
FNDA:0,(anonymous_7)
FNDA:0,(anonymous_8)
FNDA:0,(anonymous_9)
FNDA:0,(anonymous_10)
FNDA:0,(anonymous_11)
FNDA:0,(anonymous_12)
FNDA:0,resizeIframe
FNDA:0,(anonymous_14)
FNDA:0,getScripts
FNDA:0,(anonymous_16)
FNDA:0,getIframeDocument
FNDA:0,isSpecialURL
FNDA:0,(anonymous_19)
FNDA:10,getURLMetadata
FNDA:0,getURLComponent
DA:10,30
DA:12,0
DA:14,30
DA:17,30
DA:35,30
DA:38,10
DA:40,10
DA:41,10
DA:42,5
DA:43,5
DA:44,5
DA:51,5
DA:54,0
DA:55,0
DA:60,5
DA:62,5
DA:63,5
DA:64,0
DA:65,0
DA:66,0
DA:70,0
DA:77,5
DA:80,0
DA:81,0
DA:92,0
DA:93,0
DA:94,0
DA:95,0
DA:97,0
DA:99,0
DA:100,0
DA:101,0
DA:103,0
DA:105,0
DA:107,0
DA:108,0
DA:117,30
DA:118,0
DA:119,0
DA:121,0
DA:122,0
DA:124,0
DA:127,0
DA:128,0
DA:129,0
DA:130,0
DA:133,0
DA:143,0
DA:144,0
DA:145,0
DA:146,0
DA:147,0
DA:148,0
DA:149,0
DA:151,0
DA:153,0
DA:154,0
DA:155,0
DA:157,0
DA:168,0
DA:169,0
DA:170,0
DA:171,0
DA:172,0
DA:182,0
DA:193,0
DA:201,10
DA:202,15
DA:203,15
DA:204,15
DA:206,5
DA:214,0
DA:215,0
DA:216,0
DA:217,0
DA:219,0
LF:76
LH:21
BRDA:10,0,0,0
BRDA:10,0,1,30
BRDA:41,1,0,5
BRDA:41,1,1,5
BRDA:55,2,0,0
BRDA:55,2,1,0
BRDA:63,3,0,0
BRDA:63,3,1,5
BRDA:66,4,0,0
BRDA:66,4,1,0
BRDA:81,5,0,0
BRDA:81,5,1,0
BRDA:94,6,0,0
BRDA:94,6,1,0
BRDA:100,7,0,0
BRDA:100,7,1,0
BRDA:101,8,0,0
BRDA:101,8,1,0
BRDA:121,9,0,0
BRDA:121,9,1,0
BRDA:127,10,0,0
BRDA:127,10,1,0
BRDA:128,11,0,0
BRDA:128,11,1,0
BRDA:129,12,0,0
BRDA:129,12,1,0
BRDA:130,13,0,0
BRDA:130,13,1,0
BRDA:133,14,0,0
BRDA:133,14,1,0
BRDA:144,15,0,0
BRDA:144,15,1,0
BRDA:144,16,0,0
BRDA:144,16,1,0
BRDA:145,17,0,0
BRDA:145,17,1,0
BRDA:145,18,0,0
BRDA:145,18,1,0
BRDA:146,19,0,0
BRDA:146,19,1,0
BRDA:146,20,0,0
BRDA:146,20,1,0
BRDA:151,21,0,0
BRDA:151,21,1,0
BRDA:172,22,0,0
BRDA:172,22,1,0
BRDA:204,23,0,5
BRDA:204,23,1,10
BRDA:217,24,0,0
BRDA:217,24,1,0
BRF:50
BRH:6
end_of_record
TN:
SF:/Users/milan/Assembl/assembl/assembl/static2/js/app/utils/utilityManager.jsx
FN:14,(anonymous_0)
FN:23,(anonymous_1)
FN:36,(anonymous_2)
FN:48,(anonymous_3)
FN:56,(anonymous_4)
FN:80,(anonymous_5)
FN:90,(anonymous_6)
FN:94,(anonymous_7)
FN:111,(anonymous_8)
FN:118,(anonymous_9)
FN:132,(anonymous_10)
FN:132,(anonymous_11)
FN:154,(anonymous_12)
FN:154,(anonymous_13)
FNF:14
FNH:0
FNDA:0,(anonymous_0)
FNDA:0,(anonymous_1)
FNDA:0,(anonymous_2)
FNDA:0,(anonymous_3)
FNDA:0,(anonymous_4)
FNDA:0,(anonymous_5)
FNDA:0,(anonymous_6)
FNDA:0,(anonymous_7)
FNDA:0,(anonymous_8)
FNDA:0,(anonymous_9)
FNDA:0,(anonymous_10)
FNDA:0,(anonymous_11)
FNDA:0,(anonymous_12)
FNDA:0,(anonymous_13)
DA:15,0
DA:19,75
DA:21,75
DA:23,75
DA:31,0
DA:37,0
DA:47,0
DA:48,0
DA:49,0
DA:56,75
DA:67,0
DA:68,0
DA:80,75
DA:82,0
DA:83,0
DA:90,75
DA:91,0
DA:94,75
DA:95,0
DA:97,0
DA:99,0
DA:101,0
DA:103,0
DA:105,0
DA:107,0
DA:111,75
DA:112,0
DA:113,0
DA:114,0
DA:115,0
DA:118,75
DA:120,0
DA:128,0
DA:132,75
DA:133,0
DA:134,0
DA:135,0
DA:137,0
DA:141,75
DA:154,75
DA:155,0
DA:156,0
DA:157,0
DA:158,0
DA:164,0
LF:45
LH:12
BRDA:23,0,0,0
BRDA:23,1,0,0
BRDA:47,2,0,0
BRDA:47,2,1,0
BRDA:56,3,0,0
BRDA:56,4,0,0
BRDA:56,5,0,0
BRDA:80,6,0,0
BRDA:80,7,0,0
BRDA:95,8,0,0
BRDA:95,8,1,0
BRDA:95,8,2,0
BRDA:95,8,3,0
BRDA:95,8,4,0
BRDA:95,8,5,0
BRDA:134,9,0,0
BRDA:134,9,1,0
BRDA:155,10,0,0
BRDA:155,10,1,0
BRDA:156,11,0,0
BRDA:156,11,1,0
BRDA:157,12,0,0
BRDA:157,12,1,0
BRF:23
BRH:0
end_of_record
TN:
SF:/Users/milan/Assembl/assembl/assembl/static2/js/app/utils/administration/menu.jsx
FN:17,getAdminMenuSection
FN:20,(anonymous_1)
FNF:2
FNH:2
FNDA:3,getAdminMenuSection
FNDA:5,(anonymous_1)
DA:18,3
DA:19,3
DA:20,5
DA:21,3
DA:22,3
LF:5
LH:5
BRDA:18,0,0,0
BRDA:18,0,1,3
BRDA:20,1,0,5
BRDA:20,1,1,5
BRDA:22,2,0,2
BRDA:22,2,1,1
BRDA:22,3,0,3
BRDA:22,3,1,1
BRDA:22,4,0,1
BRDA:22,4,1,0
BRF:10
BRH:8
end_of_record
TN:
SF:/Users/milan/Assembl/assembl/assembl/static2/scripts/translations2messages.js
FN:7,(anonymous_0)
FN:14,(anonymous_1)
FN:20,(anonymous_2)
FNF:3
FNH:3
FNDA:791,(anonymous_0)
FNDA:789,(anonymous_1)
FNDA:2,(anonymous_2)
DA:1,1
DA:2,1
DA:3,1
DA:5,1
DA:7,1
DA:8,791
DA:9,705
DA:14,86
DA:15,789
DA:16,789
DA:20,2
DA:22,1
DA:24,1
DA:25,1
DA:27,1
LF:15
LH:15
BRDA:7,0,0,0
BRDA:8,1,0,705
BRDA:8,1,1,86
BRDA:15,2,0,745
BRDA:15,2,1,44
BRDA:20,3,0,2
BRF:6
BRH:5
end_of_record
TN:
SF:/Users/milan/Assembl/assembl/assembl/static2/tests/setupTests.js
FNF:0
FNH:0
DA:4,181
LF:1
LH:1
BRF:0
BRH:0
end_of_record
TN:
SF:/Users/milan/Assembl/assembl/assembl/static2/tests/helpers/draftjs.js
FN:4,createEditorStateFromText
FNF:1
FNH:1
FNDA:12,createEditorStateFromText
DA:5,12
LF:1
LH:1
BRF:0
BRH:0
end_of_record
TN:
SF:/Users/milan/Assembl/assembl/assembl/static2/tests/helpers/setupTranslations.js
FN:5,(anonymous_0)
FNF:1
FNH:1
FNDA:583,(anonymous_0)
DA:5,181
DA:7,583
DA:8,583
DA:9,583
DA:11,0
DA:13,583
DA:15,181
LF:7
LH:6
BRF:0
BRH:0
end_of_record
TN:
SF:/Users/milan/Assembl/assembl/assembl/static2/tests/unit/components/administration/landingPage/fakeData.js
FNF:0
FNH:0
DA:3,4
DA:16,4
DA:28,4
DA:40,4
DA:53,4
DA:60,4
DA:87,4
LF:7
LH:7
BRF:0
BRH:0
end_of_record
TN:
SF:/Users/milan/Assembl/assembl/assembl/static2/tests/unit/components/administration/voteSession/fakeData.js
FNF:0
FNH:0
DA:3,2
DA:11,2
DA:19,2
DA:25,2
DA:31,2
DA:32,2
LF:6
LH:6
BRF:0
BRH:0
end_of_record
TN:
SF:/Users/milan/Assembl/assembl/assembl/static2/tests/unit/components/form/dummyForm.jsx
FN:7,(anonymous_0)
FN:14,(anonymous_1)
FNF:2
FNH:2
FNDA:12,(anonymous_0)
FNDA:12,(anonymous_1)
DA:5,4
DA:7,4
DA:8,12
DA:15,12
LF:4
LH:4
BRF:0
BRH:0
end_of_record
TN:
SF:/Users/milan/Assembl/assembl/assembl/static2/tests/unit/components/harvesting/fakeData.js
FNF:0
FNH:0
DA:1,2
DA:46,2
DA:68,2
LF:3
LH:3
BRF:0
BRH:0
end_of_record
TN:
SF:/Users/milan/Assembl/assembl/assembl/static2/tests/unit/components/voteSession/fakeData.js
FNF:0
FNH:0
DA:3,5
DA:18,5
DA:28,5
DA:36,5
DA:63,5
DA:68,5
DA:73,5
DA:83,5
LF:8
LH:8
BRF:0
BRH:0
end_of_record
TN:
SF:/Users/milan/Assembl/assembl/assembl/static2/workspaces/assembl-editor-utils/src/blocks.js
FN:4,getSelectedBlockKey
FN:9,getSelectedBlock
FNF:2
FNH:2
FNDA:6,getSelectedBlockKey
FNDA:4,getSelectedBlock
DA:5,6
DA:6,6
DA:10,4
DA:11,4
DA:12,4
LF:5
LH:5
BRF:0
BRH:0
end_of_record
TN:
SF:/Users/milan/Assembl/assembl/assembl/static2/workspaces/assembl-editor-utils/src/constants.js
FNF:0
FNH:0
DA:1,2
DA:7,2
LF:2
LH:2
BRF:0
BRH:0
end_of_record
TN:
SF:/Users/milan/Assembl/assembl/assembl/static2/workspaces/assembl-editor-utils/src/entities.js
FN:10,getEntityRange
FN:14,(anonymous_1)
FN:18,(anonymous_2)
FNF:3
FNH:3
FNDA:3,getEntityRange
FNDA:5,(anonymous_1)
FNDA:2,(anonymous_2)
DA:11,3
DA:12,3
DA:13,3
DA:15,5
DA:16,5
DA:19,2
DA:23,3
LF:7
LH:7
BRDA:16,0,0,5
BRDA:16,0,1,2
BRF:2
BRH:2
end_of_record
TN:
SF:/Users/milan/Assembl/assembl/assembl/static2/workspaces/assembl-editor-utils/src/index.js
FN:24,(anonymous_0)
FN:38,(anonymous_1)
FNF:2
FNH:2
FNDA:2,(anonymous_0)
FNDA:1,(anonymous_1)
DA:17,1
DA:19,1
DA:25,2
DA:26,2
DA:27,2
DA:29,2
DA:30,2
DA:31,2
DA:33,0
DA:35,2
DA:39,1
DA:40,1
DA:41,1
DA:42,1
DA:43,1
DA:44,1
DA:45,1
DA:46,1
DA:47,1
DA:48,1
DA:49,1
DA:50,1
DA:54,0
LF:23
LH:21
BRDA:29,0,0,2
BRDA:29,0,1,0
BRDA:43,1,0,1
BRDA:43,1,1,0
BRDA:45,2,0,1
BRDA:45,2,1,0
BRDA:45,3,0,1
BRDA:45,3,1,1
BRF:8
BRH:5
end_of_record
TN:
SF:/Users/milan/Assembl/assembl/assembl/static2/workspaces/assembl-editor-utils/src/selection.js
FN:4,createSelectionState
FNF:1
FNH:1
FNDA:6,createSelectionState
DA:5,6
LF:1
LH:1
BRF:0
BRH:0
end_of_record
TN:
SF:/Users/milan/Assembl/assembl/assembl/static2/workspaces/draft-js-attachment-plugin/src/index.js
FN:35,(anonymous_0)
FN:44,(anonymous_1)
FN:69,(anonymous_2)
FNF:3
FNH:3
FNDA:5,(anonymous_0)
FNDA:3,(anonymous_1)
FNDA:2,(anonymous_2)
DA:33,2
DA:36,5
DA:38,5
DA:43,5
DA:48,3
DA:49,2
DA:50,2
DA:53,2
DA:58,2
DA:59,2
DA:60,2
DA:67,1
DA:70,2
DA:71,2
LF:14
LH:14
BRDA:48,0,0,2
BRDA:48,0,1,1
BRDA:59,1,0,2
BRDA:59,1,1,0
BRF:4
BRH:3
end_of_record
TN:
SF:/Users/milan/Assembl/assembl/assembl/static2/workspaces/draft-js-attachment-plugin/src/components/AddAttachmentForm.jsx
FN:21,(anonymous_0)
FN:24,(anonymous_1)
FN:32,(anonymous_2)
FNF:3
FNH:0
FNDA:0,(anonymous_0)
FNDA:0,(anonymous_1)
FNDA:0,(anonymous_2)
DA:21,2
DA:22,0
DA:25,0
DA:33,0
DA:34,0
DA:35,0
LF:6
LH:1
BRF:0
BRH:0
end_of_record
TN:
SF:/Users/milan/Assembl/assembl/assembl/static2/workspaces/draft-js-attachment-plugin/src/components/AttachmentButton.jsx
FN:19,(anonymous_0)
FN:23,(anonymous_1)
FN:39,(anonymous_2)
FN:47,(anonymous_3)
FNF:4
FNH:4
FNDA:1,(anonymous_0)
FNDA:2,(anonymous_1)
FNDA:1,(anonymous_2)
FNDA:5,(anonymous_3)
DA:20,1
DA:24,2
DA:25,2
DA:26,2
DA:27,1
DA:36,2
DA:40,1
DA:41,1
DA:42,1
DA:43,1
DA:44,1
DA:48,5
DA:49,5
DA:51,5
LF:14
LH:14
BRDA:26,0,0,1
BRDA:26,0,1,1
BRDA:26,1,0,2
BRDA:26,1,1,2
BRDA:26,1,2,2
BRF:5
BRH:5
end_of_record
TN:
SF:/Users/milan/Assembl/assembl/assembl/static2/workspaces/draft-js-attachment-plugin/src/components/Attachments.jsx
FN:12,(anonymous_0)
FN:19,(anonymous_1)
FN:30,(anonymous_2)
FNF:3
FNH:3
FNDA:3,(anonymous_0)
FNDA:3,(anonymous_1)
FNDA:1,(anonymous_2)
DA:12,2
DA:13,3
DA:14,3
DA:15,3
DA:16,3
DA:20,3
DA:21,3
DA:22,3
DA:31,1
DA:41,0
LF:10
LH:9
BRDA:14,0,0,3
BRDA:14,0,1,0
BRDA:14,1,0,3
BRDA:14,1,1,3
BRDA:18,2,0,3
BRDA:18,2,1,3
BRDA:21,3,0,1
BRDA:21,3,1,2
BRDA:26,4,0,3
BRDA:26,4,1,0
BRF:10
BRH:8
end_of_record
TN:
SF:/Users/milan/Assembl/assembl/assembl/static2/workspaces/draft-js-attachment-plugin/src/components/DocumentIcon.jsx
FN:16,(anonymous_0)
FNF:1
FNH:1
FNDA:1,(anonymous_0)
DA:16,2
DA:17,1
DA:18,1
DA:19,1
DA:20,1
DA:21,1
DA:22,1
DA:23,1
DA:24,1
DA:31,0
LF:10
LH:9
BRDA:21,0,0,1
BRDA:21,0,1,0
BRF:2
BRH:1
end_of_record
TN:
SF:/Users/milan/Assembl/assembl/assembl/static2/workspaces/draft-js-attachment-plugin/src/components/Image.jsx
FN:21,(anonymous_0)
FN:25,(anonymous_1)
FN:37,(anonymous_2)
FN:55,(anonymous_3)
FNF:4
FNH:4
FNDA:2,(anonymous_0)
FNDA:2,(anonymous_1)
FNDA:1,(anonymous_2)
FNDA:4,(anonymous_3)
DA:22,2
DA:26,2
DA:27,2
DA:28,2
DA:29,2
DA:30,2
DA:31,2
DA:32,1
DA:33,1
DA:34,1
DA:35,1
DA:38,1
DA:47,1
DA:48,1
DA:50,1
DA:51,1
DA:56,4
DA:57,4
LF:18
LH:18
BRDA:31,0,0,1
BRDA:31,0,1,1
BRDA:31,1,0,2
BRDA:31,1,1,2
BRDA:34,2,0,1
BRDA:34,2,1,0
BRDA:47,3,0,1
BRDA:47,3,1,0
BRDA:50,4,0,1
BRDA:50,4,1,0
BRDA:59,5,0,2
BRDA:59,5,1,2
BRF:12
BRH:9
end_of_record
TN:
SF:/Users/milan/Assembl/assembl/assembl/static2/workspaces/draft-js-attachment-plugin/src/converters/entityToHTML.js
FN:7,entityToHTML
FNF:1
FNH:1
FNDA:2,entityToHTML
DA:8,2
DA:9,2
DA:10,2
DA:11,2
DA:12,2
DA:13,1
DA:16,1
DA:17,1
DA:18,1
LF:9
LH:9
BRDA:9,0,0,2
BRDA:9,0,1,0
BRDA:10,1,0,2
BRDA:10,1,1,0
BRDA:11,2,0,2
BRDA:11,2,1,0
BRDA:12,3,0,1
BRDA:12,3,1,1
BRF:8
BRH:5
end_of_record
TN:
SF:/Users/milan/Assembl/assembl/assembl/static2/workspaces/draft-js-attachment-plugin/src/converters/htmlToEntity.js
FN:7,(anonymous_0)
FN:9,(anonymous_1)
FNF:2
FNH:2
FNDA:3,(anonymous_0)
FNDA:2,(anonymous_1)
DA:5,3
DA:8,3
DA:9,3
DA:11,3
DA:13,3
DA:14,1
DA:23,2
DA:25,2
DA:30,2
DA:31,1
DA:38,1
DA:39,1
DA:40,1
DA:41,1
DA:50,0
LF:15
LH:14
BRDA:9,0,0,2
BRDA:9,0,1,2
BRDA:9,0,2,0
BRDA:11,1,0,3
BRDA:11,1,1,1
BRDA:11,1,2,1
BRDA:13,2,0,1
BRDA:13,2,1,2
BRDA:16,3,0,1
BRDA:16,3,1,1
BRDA:18,4,0,1
BRDA:18,4,1,1
BRDA:23,5,0,2
BRDA:23,5,1,2
BRDA:23,5,2,2
BRDA:25,6,0,2
BRDA:25,6,1,2
BRDA:25,6,2,2
BRDA:25,6,3,1
BRDA:25,6,4,1
BRDA:30,7,0,1
BRDA:30,7,1,1
BRDA:33,8,0,1
BRDA:33,8,1,0
BRDA:35,9,0,1
BRDA:35,9,1,1
BRDA:38,10,0,1
BRDA:38,10,1,0
BRDA:39,11,0,1
BRDA:39,11,1,1
BRDA:39,11,2,0
BRDA:44,12,0,1
BRDA:44,12,1,0
BRDA:46,13,0,1
BRDA:46,13,1,0
BRF:35
BRH:29
end_of_record
TN:
SF:/Users/milan/Assembl/assembl/assembl/static2/workspaces/draft-js-attachment-plugin/src/converters/index.js
FNF:0
FNH:0
LF:0
LH:0
BRF:0
BRH:0
end_of_record
TN:
SF:/Users/milan/Assembl/assembl/assembl/static2/workspaces/draft-js-attachment-plugin/src/modifiers/addAttachment.js
FN:13,(anonymous_0)
FNF:1
FNH:1
FNDA:2,(anonymous_0)
DA:5,4
DA:15,2
DA:16,1
DA:18,1
DA:21,2
DA:23,2
DA:24,2
DA:25,2
DA:26,2
LF:9
LH:9
BRDA:15,0,0,1
BRDA:15,0,1,1
BRF:2
BRH:2
end_of_record
TN:
SF:/Users/milan/Assembl/assembl/assembl/static2/workspaces/draft-js-attachment-plugin/src/modifiers/removeAttachment.js
FN:4,(anonymous_0)
FNF:1
FNH:1
FNDA:1,(anonymous_0)
DA:5,1
DA:6,1
DA:9,1
DA:10,1
DA:11,1
DA:14,1
DA:15,1
DA:16,1
LF:8
LH:8
BRDA:10,0,0,1
BRDA:10,0,1,0
BRDA:10,1,0,1
BRDA:10,1,1,1
BRDA:10,1,2,1
BRF:5
BRH:4
end_of_record
TN:
SF:/Users/milan/Assembl/assembl/assembl/static2/workspaces/draft-js-attachment-plugin/src/utils/getAttachments.js
FN:4,(anonymous_0)
FN:8,(anonymous_1)
FN:25,(anonymous_2)
FNF:3
FNH:3
FNDA:2,(anonymous_0)
FNDA:6,(anonymous_1)
FNDA:6,(anonymous_2)
DA:5,2
DA:6,2
DA:9,6
DA:10,2
DA:11,2
DA:12,2
DA:13,2
DA:23,4
DA:25,6
LF:9
LH:9
BRDA:9,0,0,2
BRDA:9,0,1,4
BRF:2
BRH:2
end_of_record
TN:
SF:/Users/milan/Assembl/assembl/assembl/static2/workspaces/draft-js-attachment-plugin/src/utils/getDocumentIconPath.js
FN:19,(anonymous_0)
FNF:1
FNH:1
FNDA:10,(anonymous_0)
DA:4,5
DA:6,5
DA:8,5
DA:20,10
DA:21,10
LF:5
LH:5
BRF:0
BRH:0
end_of_record
TN:
SF:/Users/milan/Assembl/assembl/assembl/static2/workspaces/draft-js-attachment-plugin/src/utils/getFileExtension.js
FN:2,(anonymous_0)
FNF:1
FNH:1
FNDA:4,(anonymous_0)
DA:3,4
DA:4,4
DA:5,2
DA:8,2
LF:4
LH:4
BRDA:4,0,0,2
BRDA:4,0,1,2
BRF:2
BRH:2
end_of_record
TN:
SF:/Users/milan/Assembl/assembl/assembl/static2/workspaces/draft-js-link-plugin/src/index.js
FN:35,(anonymous_0)
FN:44,(anonymous_1)
FN:65,(anonymous_2)
FNF:3
FNH:2
FNDA:2,(anonymous_0)
FNDA:1,(anonymous_1)
FNDA:0,(anonymous_2)
DA:33,1
DA:36,2
DA:38,2
DA:43,2
DA:45,1
DA:46,1
DA:66,0
DA:67,0
DA:68,0
LF:9
LH:6
BRDA:67,0,0,0
BRDA:67,0,1,0
BRDA:67,1,0,0
BRDA:67,1,1,0
BRF:4
BRH:0
end_of_record
TN:
SF:/Users/milan/Assembl/assembl/assembl/static2/workspaces/draft-js-link-plugin/src/linkStrategy.js
FN:6,(anonymous_0)
FN:8,strategy
FN:10,(anonymous_2)
FNF:3
FNH:3
FNDA:5,(anonymous_0)
FNDA:1,strategy
FNDA:5,(anonymous_2)
DA:6,5
DA:9,1
DA:10,1
DA:11,5
DA:12,5
LF:5
LH:5
BRDA:9,0,0,0
BRDA:9,0,1,1
BRDA:12,1,0,5
BRDA:12,1,1,3
BRF:4
BRH:3
end_of_record
TN:
SF:/Users/milan/Assembl/assembl/assembl/static2/workspaces/draft-js-link-plugin/src/components/AddLinkForm.jsx
FN:7,(anonymous_0)
FN:11,(anonymous_1)
FN:20,(anonymous_2)
FN:33,(anonymous_3)
FN:37,(anonymous_4)
FN:72,(anonymous_5)
FNF:6
FNH:4
FNDA:2,(anonymous_0)
FNDA:0,(anonymous_1)
FNDA:1,(anonymous_2)
FNDA:1,(anonymous_3)
FNDA:1,(anonymous_4)
FNDA:0,(anonymous_5)
DA:7,3
DA:8,2
DA:12,0
DA:13,0
DA:14,0
DA:20,3
DA:33,3
DA:34,1
DA:38,1
DA:73,0
DA:74,0
DA:75,0
LF:12
LH:6
BRDA:16,0,0,2
BRDA:16,0,1,1
BRF:2
BRH:2
end_of_record
TN:
SF:/Users/milan/Assembl/assembl/assembl/static2/workspaces/draft-js-link-plugin/src/components/Link.jsx
FN:27,(anonymous_0)
FN:35,(anonymous_1)
FN:51,(anonymous_2)
FN:69,(anonymous_3)
FNF:4
FNH:1
FNDA:0,(anonymous_0)
FNDA:0,(anonymous_1)
FNDA:1,(anonymous_2)
FNDA:0,(anonymous_3)
DA:28,0
DA:29,0
DA:30,0
DA:31,0
DA:32,0
DA:36,0
DA:37,0
DA:38,0
DA:39,0
DA:40,0
DA:46,0
DA:48,0
DA:52,1
DA:53,1
DA:56,1
DA:57,1
DA:58,1
DA:59,1
DA:60,1
DA:61,1
DA:67,1
DA:69,0
LF:22
LH:9
BRDA:37,0,0,0
BRDA:37,0,1,0
BRDA:37,1,0,0
BRDA:37,1,1,0
BRDA:37,1,2,0
BRDA:38,2,0,0
BRDA:38,2,1,0
BRDA:41,3,0,0
BRDA:41,3,1,0
BRDA:56,4,0,1
BRDA:56,4,1,0
BRDA:57,5,0,1
BRDA:57,5,1,1
BRDA:57,5,2,0
BRDA:58,6,0,1
BRDA:58,6,1,1
BRDA:58,6,2,0
BRDA:59,7,0,1
BRDA:59,7,1,1
BRDA:59,7,2,1
BRDA:60,8,0,1
BRDA:60,8,1,1
BRDA:60,8,2,0
BRF:23
BRH:10
end_of_record
TN:
SF:/Users/milan/Assembl/assembl/assembl/static2/workspaces/draft-js-link-plugin/src/components/LinkButton.jsx
FN:24,(anonymous_0)
FN:28,(anonymous_1)
FN:49,(anonymous_2)
FN:57,(anonymous_3)
FN:74,(anonymous_4)
FNF:5
FNH:4
FNDA:0,(anonymous_0)
FNDA:3,(anonymous_1)
FNDA:1,(anonymous_2)
FNDA:1,(anonymous_3)
FNDA:6,(anonymous_4)
DA:13,2
DA:25,0
DA:29,3
DA:30,3
DA:31,3
DA:32,3
DA:33,3
DA:34,2
DA:35,2
DA:36,2
DA:42,2
DA:46,3
DA:50,1
DA:51,1
DA:52,1
DA:53,1
DA:54,1
DA:58,1
DA:59,1
DA:60,0
DA:63,1
DA:64,1
DA:65,1
DA:66,1
DA:67,1
DA:68,1
DA:69,1
DA:70,1
DA:71,1
DA:75,6
DA:76,6
DA:77,6
DA:78,6
DA:79,6
LF:34
LH:32
BRDA:30,0,0,3
BRDA:30,0,1,0
BRDA:32,1,0,3
BRDA:32,1,1,0
BRDA:32,2,0,3
BRDA:32,2,1,3
BRDA:33,3,0,2
BRDA:33,3,1,1
BRDA:34,4,0,1
BRDA:34,4,1,1
BRDA:37,5,0,1
BRDA:37,5,1,1
BRDA:59,6,0,0
BRDA:59,6,1,1
BRDA:76,7,0,6
BRDA:76,7,1,6
BRDA:76,7,2,5
BRDA:78,8,0,1
BRDA:78,8,1,5
BRF:19
BRH:16
end_of_record
TN:
SF:/Users/milan/Assembl/assembl/assembl/static2/workspaces/draft-js-link-plugin/src/converters/entityToHTML.js
FN:4,(anonymous_0)
FNF:1
FNH:1
FNDA:2,(anonymous_0)
DA:5,2
DA:6,2
DA:7,2
DA:8,2
LF:4
LH:4
BRDA:6,0,0,1
BRDA:6,0,1,1
BRDA:7,1,0,1
BRDA:7,1,1,1
BRF:4
BRH:4
end_of_record
TN:
SF:/Users/milan/Assembl/assembl/assembl/static2/workspaces/draft-js-link-plugin/src/converters/htmlToEntity.js
FN:7,(anonymous_0)
FNF:1
FNH:1
FNDA:2,(anonymous_0)
DA:5,2
DA:8,2
DA:9,1
DA:15,1
DA:18,1
LF:5
LH:5
BRDA:8,0,0,1
BRDA:8,0,1,1
BRDA:8,1,0,2
BRDA:8,1,1,2
BRDA:8,1,2,1
BRDA:11,2,0,1
BRDA:11,2,1,0
BRDA:12,3,0,1
BRDA:12,3,1,0
BRF:9
BRH:7
end_of_record
TN:
SF:/Users/milan/Assembl/assembl/assembl/static2/workspaces/draft-js-modal-plugin/src/components/Modal.jsx
FN:11,(anonymous_0)
FN:12,(anonymous_1)
FN:15,(anonymous_2)
FN:16,(anonymous_3)
FN:19,(anonymous_4)
FNF:5
FNH:3
FNDA:2,(anonymous_0)
FNDA:0,(anonymous_1)
FNDA:1,(anonymous_2)
FNDA:0,(anonymous_3)
FNDA:2,(anonymous_4)
DA:12,2
DA:16,1
DA:20,2
DA:21,2
DA:22,2
DA:23,2
DA:24,2
DA:40,0
LF:8
LH:7
BRDA:22,0,0,2
BRDA:22,0,1,0
BRF:2
BRH:1
end_of_record
TN:
SF:/Users/milan/Assembl/assembl/assembl/static2/workspaces/draft-js-modal-plugin/src/utils/createStore.js
FN:2,createStore
FN:6,(anonymous_1)
FN:11,(anonymous_2)
FN:12,(anonymous_3)
FN:15,(anonymous_4)
FN:21,(anonymous_5)
FN:25,(anonymous_6)
FNF:7
FNH:7
FNDA:1,createStore
FNDA:2,(anonymous_1)
FNDA:1,(anonymous_2)
FNDA:2,(anonymous_3)
FNDA:2,(anonymous_4)
FNDA:3,(anonymous_5)
FNDA:3,(anonymous_6)
DA:3,1
DA:4,1
DA:6,1
DA:7,2
DA:8,2
DA:11,1
DA:12,2
DA:15,1
DA:16,2
DA:20,2
DA:21,3
DA:25,3
DA:27,1
LF:13
LH:13
BRDA:3,0,0,1
BRDA:3,0,1,0
BRDA:7,1,0,2
BRDA:7,1,1,1
BRDA:20,2,0,2
BRDA:20,2,1,0
BRF:6
BRH:4
end_of_record
